12:21:58 **** Build of project rtos_core1_bsp ****
make -k all 
Running Make include in ps7_cortexa9_1/libsrc/FIR_RAM_v1_0/src
make -C ps7_cortexa9_1/libsrc/FIR_RAM_v1_0/src -s include  "SHELL=/bin/sh" "COMPILER=arm-none-eabi-gcc" "ARCHIVER=arm-none-eabi-ar" "COMPILER_FLAGS=  -O2 -c" "EXTRA_COMPILER_FLAGS=-mcpu=cortex-a9 -mfpu=vfpv3 -mfloat-abi=hard -nostartfiles -g -Wall -Wextra"
Running Make include in ps7_cortexa9_1/libsrc/dmaps_v2_3/src
make -C ps7_cortexa9_1/libsrc/dmaps_v2_3/src -s include  "SHELL=/bin/sh" "COMPILER=arm-none-eabi-gcc" "ARCHIVER=arm-none-eabi-ar" "COMPILER_FLAGS=  -O2 -c" "EXTRA_COMPILER_FLAGS=-mcpu=cortex-a9 -mfpu=vfpv3 -mfloat-abi=hard -nostartfiles -g -Wall -Wextra"
Running Make include in ps7_cortexa9_1/libsrc/ddrps_v1_0/src
make -C ps7_cortexa9_1/libsrc/ddrps_v1_0/src -s include  "SHELL=/bin/sh" "COMPILER=arm-none-eabi-gcc" "ARCHIVER=arm-none-eabi-ar" "COMPILER_FLAGS=  -O2 -c" "EXTRA_COMPILER_FLAGS=-mcpu=cortex-a9 -mfpu=vfpv3 -mfloat-abi=hard -nostartfiles -g -Wall -Wextra"
Running Make include in ps7_cortexa9_1/libsrc/gpiops_v3_3/src
make -C ps7_cortexa9_1/libsrc/gpiops_v3_3/src -s include  "SHELL=/bin/sh" "COMPILER=arm-none-eabi-gcc" "ARCHIVER=arm-none-eabi-ar" "COMPILER_FLAGS=  -O2 -c" "EXTRA_COMPILER_FLAGS=-mcpu=cortex-a9 -mfpu=vfpv3 -mfloat-abi=hard -nostartfiles -g -Wall -Wextra"
Running Make include in ps7_cortexa9_1/libsrc/emacps_v3_7/src
make -C ps7_cortexa9_1/libsrc/emacps_v3_7/src -s include  "SHELL=/bin/sh" "COMPILER=arm-none-eabi-gcc" "ARCHIVER=arm-none-eabi-ar" "COMPILER_FLAGS=  -O2 -c" "EXTRA_COMPILER_FLAGS=-mcpu=cortex-a9 -mfpu=vfpv3 -mfloat-abi=hard -nostartfiles -g -Wall -Wextra"
Running Make include in ps7_cortexa9_1/libsrc/devcfg_v3_5/src
make -C ps7_cortexa9_1/libsrc/devcfg_v3_5/src -s include  "SHELL=/bin/sh" "COMPILER=arm-none-eabi-gcc" "ARCHIVER=arm-none-eabi-ar" "COMPILER_FLAGS=  -O2 -c" "EXTRA_COMPILER_FLAGS=-mcpu=cortex-a9 -mfpu=vfpv3 -mfloat-abi=hard -nostartfiles -g -Wall -Wextra"
Running Make include in ps7_cortexa9_1/libsrc/scugic_v3_9/src
make -C ps7_cortexa9_1/libsrc/scugic_v3_9/src -s include  "SHELL=/bin/sh" "COMPILER=arm-none-eabi-gcc" "ARCHIVER=arm-none-eabi-ar" "COMPILER_FLAGS=  -O2 -c" "EXTRA_COMPILER_FLAGS=-mcpu=cortex-a9 -mfpu=vfpv3 -mfloat-abi=hard -nostartfiles -g -Wall -Wextra"
Running Make include in ps7_cortexa9_1/libsrc/uartps_v3_6/src
make -C ps7_cortexa9_1/libsrc/uartps_v3_6/src -s include  "SHELL=/bin/sh" "COMPILER=arm-none-eabi-gcc" "ARCHIVER=arm-none-eabi-ar" "COMPILER_FLAGS=  -O2 -c" "EXTRA_COMPILER_FLAGS=-mcpu=cortex-a9 -mfpu=vfpv3 -mfloat-abi=hard -nostartfiles -g -Wall -Wextra"
Running Make include in ps7_cortexa9_1/libsrc/pmod_audio_v1_0/src
make -C ps7_cortexa9_1/libsrc/pmod_audio_v1_0/src -s include  "SHELL=/bin/sh" "COMPILER=arm-none-eabi-gcc" "ARCHIVER=arm-none-eabi-ar" "COMPILER_FLAGS=  -O2 -c" "EXTRA_COMPILER_FLAGS=-mcpu=cortex-a9 -mfpu=vfpv3 -mfloat-abi=hard -nostartfiles -g -Wall -Wextra"
Running Make include in ps7_cortexa9_1/libsrc/freertos10_xilinx_v1_1/src
make -C ps7_cortexa9_1/libsrc/freertos10_xilinx_v1_1/src -s include  "SHELL=/bin/sh" "COMPILER=arm-none-eabi-gcc" "ARCHIVER=arm-none-eabi-ar" "COMPILER_FLAGS=  -O2 -c" "EXTRA_COMPILER_FLAGS=-mcpu=cortex-a9 -mfpu=vfpv3 -mfloat-abi=hard -nostartfiles -g -Wall -Wextra"
include
Running Make include in ps7_cortexa9_1/libsrc/qspips_v3_4/src
make -C ps7_cortexa9_1/libsrc/qspips_v3_4/src -s include  "SHELL=/bin/sh" "COMPILER=arm-none-eabi-gcc" "ARCHIVER=arm-none-eabi-ar" "COMPILER_FLAGS=  -O2 -c" "EXTRA_COMPILER_FLAGS=-mcpu=cortex-a9 -mfpu=vfpv3 -mfloat-abi=hard -nostartfiles -g -Wall -Wextra"
Running Make include in ps7_cortexa9_1/libsrc/xadcps_v2_2/src
make -C ps7_cortexa9_1/libsrc/xadcps_v2_2/src -s include  "SHELL=/bin/sh" "COMPILER=arm-none-eabi-gcc" "ARCHIVER=arm-none-eabi-ar" "COMPILER_FLAGS=  -O2 -c" "EXTRA_COMPILER_FLAGS=-mcpu=cortex-a9 -mfpu=vfpv3 -mfloat-abi=hard -nostartfiles -g -Wall -Wextra"
Running Make include in ps7_cortexa9_1/libsrc/cpu_cortexa9_v2_6/src
make -C ps7_cortexa9_1/libsrc/cpu_cortexa9_v2_6/src -s include  "SHELL=/bin/sh" "COMPILER=arm-none-eabi-gcc" "ARCHIVER=arm-none-eabi-ar" "COMPILER_FLAGS=  -O2 -c" "EXTRA_COMPILER_FLAGS=-mcpu=cortex-a9 -mfpu=vfpv3 -mfloat-abi=hard -nostartfiles -g -Wall -Wextra"
Running Make include in ps7_cortexa9_1/libsrc/scuwdt_v2_1/src
make -C ps7_cortexa9_1/libsrc/scuwdt_v2_1/src -s include  "SHELL=/bin/sh" "COMPILER=arm-none-eabi-gcc" "ARCHIVER=arm-none-eabi-ar" "COMPILER_FLAGS=  -O2 -c" "EXTRA_COMPILER_FLAGS=-mcpu=cortex-a9 -mfpu=vfpv3 -mfloat-abi=hard -nostartfiles -g -Wall -Wextra"
Running Make include in ps7_cortexa9_1/libsrc/ttcps_v3_6/src
make -C ps7_cortexa9_1/libsrc/ttcps_v3_6/src -s include  "SHELL=/bin/sh" "COMPILER=arm-none-eabi-gcc" "ARCHIVER=arm-none-eabi-ar" "COMPILER_FLAGS=  -O2 -c" "EXTRA_COMPILER_FLAGS=-mcpu=cortex-a9 -mfpu=vfpv3 -mfloat-abi=hard -nostartfiles -g -Wall -Wextra"
Running Make include in ps7_cortexa9_1/libsrc/sdps_v3_5/src
make -C ps7_cortexa9_1/libsrc/sdps_v3_5/src -s include  "SHELL=/bin/sh" "COMPILER=arm-none-eabi-gcc" "ARCHIVER=arm-none-eabi-ar" "COMPILER_FLAGS=  -O2 -c" "EXTRA_COMPILER_FLAGS=-mcpu=cortex-a9 -mfpu=vfpv3 -mfloat-abi=hard -nostartfiles -g -Wall -Wextra"
Running Make include in ps7_cortexa9_1/libsrc/usbps_v2_4/src
make -C ps7_cortexa9_1/libsrc/usbps_v2_4/src -s include  "SHELL=/bin/sh" "COMPILER=arm-none-eabi-gcc" "ARCHIVER=arm-none-eabi-ar" "COMPILER_FLAGS=  -O2 -c" "EXTRA_COMPILER_FLAGS=-mcpu=cortex-a9 -mfpu=vfpv3 -mfloat-abi=hard -nostartfiles -g -Wall -Wextra"
Running Make include in ps7_cortexa9_1/libsrc/coresightps_dcc_v1_4/src
make -C ps7_cortexa9_1/libsrc/coresightps_dcc_v1_4/src -s include  "SHELL=/bin/sh" "COMPILER=arm-none-eabi-gcc" "ARCHIVER=arm-none-eabi-ar" "COMPILER_FLAGS=  -O2 -c" "EXTRA_COMPILER_FLAGS=-mcpu=cortex-a9 -mfpu=vfpv3 -mfloat-abi=hard -nostartfiles -g -Wall -Wextra"
Running Make include in ps7_cortexa9_1/libsrc/PmodMIC3_v1_0/src
make -C ps7_cortexa9_1/libsrc/PmodMIC3_v1_0/src -s include  "SHELL=/bin/sh" "COMPILER=arm-none-eabi-gcc" "ARCHIVER=arm-none-eabi-ar" "COMPILER_FLAGS=  -O2 -c" "EXTRA_COMPILER_FLAGS=-mcpu=cortex-a9 -mfpu=vfpv3 -mfloat-abi=hard -nostartfiles -g -Wall -Wextra"
Running Make include in ps7_cortexa9_1/libsrc/scutimer_v2_1/src
make -C ps7_cortexa9_1/libsrc/scutimer_v2_1/src -s include  "SHELL=/bin/sh" "COMPILER=arm-none-eabi-gcc" "ARCHIVER=arm-none-eabi-ar" "COMPILER_FLAGS=  -O2 -c" "EXTRA_COMPILER_FLAGS=-mcpu=cortex-a9 -mfpu=vfpv3 -mfloat-abi=hard -nostartfiles -g -Wall -Wextra"
Running Make libs in ps7_cortexa9_1/libsrc/FIR_RAM_v1_0/src
make -C ps7_cortexa9_1/libsrc/FIR_RAM_v1_0/src -s libs  "SHELL=/bin/sh" "COMPILER=arm-none-eabi-gcc" "ARCHIVER=arm-none-eabi-ar" "COMPILER_FLAGS=  -O2 -c" "EXTRA_COMPILER_FLAGS=-mcpu=cortex-a9 -mfpu=vfpv3 -mfloat-abi=hard -nostartfiles -g -Wall -Wextra"
Compiling FIR_RAM...
FIR_RAM_selftest.c: In function 'FIR_RAM_Reg_SelfTest':
FIR_RAM_selftest.c:52:56: warning: comparison of integer expressions of different signedness: 'u32' {aka 'long unsigned int'} and 'int' [-Wsign-compare]
    if ( FIR_RAM_mReadReg (baseaddr, read_loop_index*4) != (read_loop_index+1)*READ_WRITE_MUL_FACTOR){
                                                        ^~
FIR_RAM_selftest.c:36:6: warning: unused variable 'Index' [-Wunused-variable]
  int Index;
      ^~~~~
arm-none-eabi-ar: création de ../../../lib/libxil.a
Running Make libs in ps7_cortexa9_1/libsrc/dmaps_v2_3/src
make -C ps7_cortexa9_1/libsrc/dmaps_v2_3/src -s libs  "SHELL=/bin/sh" "COMPILER=arm-none-eabi-gcc" "ARCHIVER=arm-none-eabi-ar" "COMPILER_FLAGS=  -O2 -c" "EXTRA_COMPILER_FLAGS=-mcpu=cortex-a9 -mfpu=vfpv3 -mfloat-abi=hard -nostartfiles -g -Wall -Wextra"
Compiling dmaps
Running Make libs in ps7_cortexa9_1/libsrc/ddrps_v1_0/src
make -C ps7_cortexa9_1/libsrc/ddrps_v1_0/src -s libs  "SHELL=/bin/sh" "COMPILER=arm-none-eabi-gcc" "ARCHIVER=arm-none-eabi-ar" "COMPILER_FLAGS=  -O2 -c" "EXTRA_COMPILER_FLAGS=-mcpu=cortex-a9 -mfpu=vfpv3 -mfloat-abi=hard -nostartfiles -g -Wall -Wextra"
Compiling ddrps
Running Make libs in ps7_cortexa9_1/libsrc/gpiops_v3_3/src
make -C ps7_cortexa9_1/libsrc/gpiops_v3_3/src -s libs  "SHELL=/bin/sh" "COMPILER=arm-none-eabi-gcc" "ARCHIVER=arm-none-eabi-ar" "COMPILER_FLAGS=  -O2 -c" "EXTRA_COMPILER_FLAGS=-mcpu=cortex-a9 -mfpu=vfpv3 -mfloat-abi=hard -nostartfiles -g -Wall -Wextra"
Compiling gpiops
Running Make libs in ps7_cortexa9_1/libsrc/emacps_v3_7/src
make -C ps7_cortexa9_1/libsrc/emacps_v3_7/src -s libs  "SHELL=/bin/sh" "COMPILER=arm-none-eabi-gcc" "ARCHIVER=arm-none-eabi-ar" "COMPILER_FLAGS=  -O2 -c" "EXTRA_COMPILER_FLAGS=-mcpu=cortex-a9 -mfpu=vfpv3 -mfloat-abi=hard -nostartfiles -g -Wall -Wextra"
Compiling emacps
Running Make libs in ps7_cortexa9_1/libsrc/devcfg_v3_5/src
make -C ps7_cortexa9_1/libsrc/devcfg_v3_5/src -s libs  "SHELL=/bin/sh" "COMPILER=arm-none-eabi-gcc" "ARCHIVER=arm-none-eabi-ar" "COMPILER_FLAGS=  -O2 -c" "EXTRA_COMPILER_FLAGS=-mcpu=cortex-a9 -mfpu=vfpv3 -mfloat-abi=hard -nostartfiles -g -Wall -Wextra"
Compiling devcfg
Running Make libs in ps7_cortexa9_1/libsrc/scugic_v3_9/src
make -C ps7_cortexa9_1/libsrc/scugic_v3_9/src -s libs  "SHELL=/bin/sh" "COMPILER=arm-none-eabi-gcc" "ARCHIVER=arm-none-eabi-ar" "COMPILER_FLAGS=  -O2 -c" "EXTRA_COMPILER_FLAGS=-mcpu=cortex-a9 -mfpu=vfpv3 -mfloat-abi=hard -nostartfiles -g -Wall -Wextra"
Compiling scugic
Running Make libs in ps7_cortexa9_1/libsrc/uartps_v3_6/src
make -C ps7_cortexa9_1/libsrc/uartps_v3_6/src -s libs  "SHELL=/bin/sh" "COMPILER=arm-none-eabi-gcc" "ARCHIVER=arm-none-eabi-ar" "COMPILER_FLAGS=  -O2 -c" "EXTRA_COMPILER_FLAGS=-mcpu=cortex-a9 -mfpu=vfpv3 -mfloat-abi=hard -nostartfiles -g -Wall -Wextra"
Compiling uartps
Running Make libs in ps7_cortexa9_1/libsrc/pmod_audio_v1_0/src
make -C ps7_cortexa9_1/libsrc/pmod_audio_v1_0/src -s libs  "SHELL=/bin/sh" "COMPILER=arm-none-eabi-gcc" "ARCHIVER=arm-none-eabi-ar" "COMPILER_FLAGS=  -O2 -c" "EXTRA_COMPILER_FLAGS=-mcpu=cortex-a9 -mfpu=vfpv3 -mfloat-abi=hard -nostartfiles -g -Wall -Wextra"
Compiling pmod_audio...
pmod_audio_selftest.c: In function 'PMOD_AUDIO_Reg_SelfTest':
pmod_audio_selftest.c:52:59: warning: comparison of integer expressions of different signedness: 'u32' {aka 'long unsigned int'} and 'int' [-Wsign-compare]
    if ( PMOD_AUDIO_mReadReg (baseaddr, read_loop_index*4) != (read_loop_index+1)*READ_WRITE_MUL_FACTOR){
                                                           ^~
pmod_audio_selftest.c:36:6: warning: unused variable 'Index' [-Wunused-variable]
  int Index;
      ^~~~~
Running Make libs in ps7_cortexa9_1/libsrc/freertos10_xilinx_v1_1/src
make -C ps7_cortexa9_1/libsrc/freertos10_xilinx_v1_1/src -s libs  "SHELL=/bin/sh" "COMPILER=arm-none-eabi-gcc" "ARCHIVER=arm-none-eabi-ar" "COMPILER_FLAGS=  -O2 -c" "EXTRA_COMPILER_FLAGS=-mcpu=cortex-a9 -mfpu=vfpv3 -mfloat-abi=hard -nostartfiles -g -Wall -Wextra"
Compiling standalone
Compiling FreeRTOS
Running Make libs in ps7_cortexa9_1/libsrc/qspips_v3_4/src
make -C ps7_cortexa9_1/libsrc/qspips_v3_4/src -s libs  "SHELL=/bin/sh" "COMPILER=arm-none-eabi-gcc" "ARCHIVER=arm-none-eabi-ar" "COMPILER_FLAGS=  -O2 -c" "EXTRA_COMPILER_FLAGS=-mcpu=cortex-a9 -mfpu=vfpv3 -mfloat-abi=hard -nostartfiles -g -Wall -Wextra"
Compiling qspips
Running Make libs in ps7_cortexa9_1/libsrc/xadcps_v2_2/src
make -C ps7_cortexa9_1/libsrc/xadcps_v2_2/src -s libs  "SHELL=/bin/sh" "COMPILER=arm-none-eabi-gcc" "ARCHIVER=arm-none-eabi-ar" "COMPILER_FLAGS=  -O2 -c" "EXTRA_COMPILER_FLAGS=-mcpu=cortex-a9 -mfpu=vfpv3 -mfloat-abi=hard -nostartfiles -g -Wall -Wextra"
Compiling xadcps
Running Make libs in ps7_cortexa9_1/libsrc/cpu_cortexa9_v2_6/src
make -C ps7_cortexa9_1/libsrc/cpu_cortexa9_v2_6/src -s libs  "SHELL=/bin/sh" "COMPILER=arm-none-eabi-gcc" "ARCHIVER=arm-none-eabi-ar" "COMPILER_FLAGS=  -O2 -c" "EXTRA_COMPILER_FLAGS=-mcpu=cortex-a9 -mfpu=vfpv3 -mfloat-abi=hard -nostartfiles -g -Wall -Wextra"
Compiling cpu_cortexa9
Running Make libs in ps7_cortexa9_1/libsrc/scuwdt_v2_1/src
make -C ps7_cortexa9_1/libsrc/scuwdt_v2_1/src -s libs  "SHELL=/bin/sh" "COMPILER=arm-none-eabi-gcc" "ARCHIVER=arm-none-eabi-ar" "COMPILER_FLAGS=  -O2 -c" "EXTRA_COMPILER_FLAGS=-mcpu=cortex-a9 -mfpu=vfpv3 -mfloat-abi=hard -nostartfiles -g -Wall -Wextra"
Compiling scuwdt
Running Make libs in ps7_cortexa9_1/libsrc/ttcps_v3_6/src
make -C ps7_cortexa9_1/libsrc/ttcps_v3_6/src -s libs  "SHELL=/bin/sh" "COMPILER=arm-none-eabi-gcc" "ARCHIVER=arm-none-eabi-ar" "COMPILER_FLAGS=  -O2 -c" "EXTRA_COMPILER_FLAGS=-mcpu=cortex-a9 -mfpu=vfpv3 -mfloat-abi=hard -nostartfiles -g -Wall -Wextra"
Compiling ttcps
Running Make libs in ps7_cortexa9_1/libsrc/sdps_v3_5/src
make -C ps7_cortexa9_1/libsrc/sdps_v3_5/src -s libs  "SHELL=/bin/sh" "COMPILER=arm-none-eabi-gcc" "ARCHIVER=arm-none-eabi-ar" "COMPILER_FLAGS=  -O2 -c" "EXTRA_COMPILER_FLAGS=-mcpu=cortex-a9 -mfpu=vfpv3 -mfloat-abi=hard -nostartfiles -g -Wall -Wextra"
Compiling sdps
Running Make libs in ps7_cortexa9_1/libsrc/usbps_v2_4/src
make -C ps7_cortexa9_1/libsrc/usbps_v2_4/src -s libs  "SHELL=/bin/sh" "COMPILER=arm-none-eabi-gcc" "ARCHIVER=arm-none-eabi-ar" "COMPILER_FLAGS=  -O2 -c" "EXTRA_COMPILER_FLAGS=-mcpu=cortex-a9 -mfpu=vfpv3 -mfloat-abi=hard -nostartfiles -g -Wall -Wextra"
Compiling usbps
Running Make libs in ps7_cortexa9_1/libsrc/coresightps_dcc_v1_4/src
make -C ps7_cortexa9_1/libsrc/coresightps_dcc_v1_4/src -s libs  "SHELL=/bin/sh" "COMPILER=arm-none-eabi-gcc" "ARCHIVER=arm-none-eabi-ar" "COMPILER_FLAGS=  -O2 -c" "EXTRA_COMPILER_FLAGS=-mcpu=cortex-a9 -mfpu=vfpv3 -mfloat-abi=hard -nostartfiles -g -Wall -Wextra"
Compiling coresightps_dcc
Running Make libs in ps7_cortexa9_1/libsrc/PmodMIC3_v1_0/src
make -C ps7_cortexa9_1/libsrc/PmodMIC3_v1_0/src -s libs  "SHELL=/bin/sh" "COMPILER=arm-none-eabi-gcc" "ARCHIVER=arm-none-eabi-ar" "COMPILER_FLAGS=  -O2 -c" "EXTRA_COMPILER_FLAGS=-mcpu=cortex-a9 -mfpu=vfpv3 -mfloat-abi=hard -nostartfiles -g -Wall -Wextra"
Compiling PmodMIC3...
PmodMIC3_selftest.c: In function 'PMODMIC3_Reg_SelfTest':
PmodMIC3_selftest.c:52:57: warning: comparison of integer expressions of different signedness: 'u32' {aka 'long unsigned int'} and 'int' [-Wsign-compare]
    if ( PMODMIC3_mReadReg (baseaddr, read_loop_index*4) != (read_loop_index+1)*READ_WRITE_MUL_FACTOR){
                                                         ^~
PmodMIC3_selftest.c:36:6: warning: unused variable 'Index' [-Wunused-variable]
  int Index;
      ^~~~~
Running Make libs in ps7_cortexa9_1/libsrc/scutimer_v2_1/src
make -C ps7_cortexa9_1/libsrc/scutimer_v2_1/src -s libs  "SHELL=/bin/sh" "COMPILER=arm-none-eabi-gcc" "ARCHIVER=arm-none-eabi-ar" "COMPILER_FLAGS=  -O2 -c" "EXTRA_COMPILER_FLAGS=-mcpu=cortex-a9 -mfpu=vfpv3 -mfloat-abi=hard -nostartfiles -g -Wall -Wextra"
Compiling scutimer
Finished building libraries

12:22:12 Build Finished (took 13s.888ms)

