Vivado Simulator 2018.3
Copyright 1986-1999, 2001-2018 Xilinx, Inc. All Rights Reserved.
Running: /opt/Xilinx/Vivado/2018.3/bin/unwrapped/lnx64.o/xelab -wto e386304a25d14fed88de9e253d5959b3 --incr --debug typical --relax --mt 8 -L xil_defaultlib -L xilinx_vip -L unisims_ver -L secureip --snapshot stimulus_func_synth xil_defaultlib.stimulus xil_defaultlib.glbl -log elaborate.log 
Using 8 slave threads.
Starting static elaboration
WARNING: [VRFC 10-3009] 'dbg_hub_cv' remains a black-box since it has no binding entity [/home/nicolas/vivado/vivado/FPGA_xilinx/projetZybo/Leds.sim/sim_3/synth/func/xsim/stimulus_func_synth.vhd:45655]
WARNING: [VRFC 10-3009] 'u_ila_0_cv' remains a black-box since it has no binding entity [/home/nicolas/vivado/vivado/FPGA_xilinx/projetZybo/Leds.sim/sim_3/synth/func/xsim/stimulus_func_synth.vhd:45760]
Completed static elaboration
Starting simulation data flow analysis
Completed simulation data flow analysis
Time Resolution for simulation is 1ps
Compiling package std.standard
Compiling package std.textio
Compiling package ieee.std_logic_1164
Compiling package ieee.numeric_std
Compiling package unisim.vcomponents
Compiling package ieee.vital_timing
Compiling package ieee.vital_primitives
Compiling package unisim.vpkg
Compiling package ieee.std_logic_arith
Compiling package ieee.std_logic_signed
Compiling module xil_defaultlib.glbl
Compiling architecture pullup_v of entity unisim.PULLUP [pullup_default]
Compiling architecture obuf_v of entity unisim.OBUF [\OBUF(1,9)(1,7)(1,4)\]
Compiling architecture gnd_v of entity unisim.GND [gnd_default]
Compiling architecture lut6_v of entity unisim.LUT6 [\LUT6(init="11111101111111111111...]
Compiling architecture lut4_v of entity unisim.LUT4 [\LUT4(init="1000000000000000")(0...]
Compiling architecture lut6_v of entity unisim.LUT6 [\LUT6(init="00000000000000000000...]
Compiling architecture fdre_v of entity unisim.FDRE [fdre_default]
Compiling architecture lut6_v of entity unisim.LUT6 [\LUT6(init="00000000100000000000...]
Compiling architecture lut2_v of entity unisim.LUT2 [\LUT2(init="1000")(0,3)\]
Compiling architecture lut6_v of entity unisim.LUT6 [\LUT6(init="00000000000000000000...]
Compiling architecture lut6_v of entity unisim.LUT6 [\LUT6(init="00000000000000000000...]
Compiling architecture lut4_v of entity unisim.LUT4 [\LUT4(init="1011111110000000")(0...]
Compiling architecture lut6_v of entity unisim.LUT6 [\LUT6(init="10111111111111111000...]
Compiling architecture fdse_v of entity unisim.FDSE [fdse_default]
Compiling architecture lut2_v of entity unisim.LUT2 [\LUT2(init="0010")(0,3)\]
Compiling architecture lut6_v of entity unisim.LUT6 [\LUT6(init="11111111111111111011...]
Compiling architecture lut4_v of entity unisim.LUT4 [\LUT4(init="0000000010000000")(0...]
Compiling architecture lut6_v of entity unisim.LUT6 [\LUT6(init="00000000000000001111...]
Compiling architecture lut4_v of entity unisim.LUT4 [\LUT4(init="0000100011111000")(0...]
Compiling architecture lut1_v of entity unisim.LUT1 [\LUT1(init="0001")(0,3)\]
Compiling architecture ram32m_v of entity unisim.RAM32M [ram32m_default]
Compiling architecture structure of entity xil_defaultlib.echantillonneurRAM_2 [echantillonneurram_2_default]
Compiling architecture structure of entity xil_defaultlib.\echantillonneurRAM_2__parameterized0\ [\echantillonneurRAM_2__parameter...]
Compiling architecture lut6_v of entity unisim.LUT6 [\LUT6(init="00000000000000000000...]
Compiling architecture carry4_v of entity unisim.CARRY4 [carry4_default]
Compiling architecture lut2_v of entity unisim.LUT2 [\LUT2(init="0110")(0,3)\]
Compiling architecture dsp48e1_v of entity unisim.DSP48E1 [\DSP48E1(alumodereg=0,carryinreg...]
Compiling architecture lut5_v of entity unisim.LUT5 [\LUT5(init="00000000000000100000...]
Compiling architecture lut5_v of entity unisim.LUT5 [\LUT5(init="00000000000000000000...]
Compiling architecture lut4_v of entity unisim.LUT4 [\LUT4(init="0000010000000000")(0...]
Compiling architecture lut6_v of entity unisim.LUT6 [\LUT6(init="11111111111110111111...]
Compiling architecture lut6_v of entity unisim.LUT6 [\LUT6(init="00100000000000110000...]
Compiling architecture lut6_v of entity unisim.LUT6 [\LUT6(init="00100000000000110000...]
Compiling architecture lut5_v of entity unisim.LUT5 [\LUT5(init="00001011000000000000...]
Compiling architecture lut5_v of entity unisim.LUT5 [\LUT5(init="00000000000000000000...]
Compiling architecture fdce_v of entity unisim.FDCE [fdce_default]
Compiling architecture lut3_v of entity unisim.LUT3 [\LUT3(init="01001000")(0,7)\]
Compiling architecture lut4_v of entity unisim.LUT4 [\LUT4(init="0111000010000000")(0...]
Compiling architecture lut5_v of entity unisim.LUT5 [\LUT5(init="01111111000000001000...]
Compiling architecture lut6_v of entity unisim.LUT6 [\LUT6(init="01111111111111110000...]
Compiling architecture lut3_v of entity unisim.LUT3 [\LUT3(init="10000100")(0,7)\]
Compiling architecture lut5_v of entity unisim.LUT5 [\LUT5(init="01111111111111111111...]
Compiling architecture lut6_v of entity unisim.LUT6 [\LUT6(init="00000000000000000000...]
Compiling architecture lut4_v of entity unisim.LUT4 [\LUT4(init="1011000001000000")(0...]
Compiling architecture lut6_v of entity unisim.LUT6 [\LUT6(init="01111111111111111111...]
Compiling architecture lut5_v of entity unisim.LUT5 [\LUT5(init="01010111111111110101...]
Compiling architecture lut4_v of entity unisim.LUT4 [\LUT4(init="1111111111111110")(0...]
Compiling architecture lut6_v of entity unisim.LUT6 [\LUT6(init="11111111101010100000...]
Compiling architecture lut5_v of entity unisim.LUT5 [\LUT5(init="11111111111111111111...]
Compiling architecture lut6_v of entity unisim.LUT6 [\LUT6(init="11111010000010101111...]
Compiling architecture lut6_v of entity unisim.LUT6 [\LUT6(init="11111111111111000000...]
Compiling architecture lut6_v of entity unisim.LUT6 [\LUT6(init="11111111111100001010...]
Compiling architecture lut4_v of entity unisim.LUT4 [\LUT4(init="1111111000000000")(0...]
Compiling architecture lut6_v of entity unisim.LUT6 [\LUT6(init="11111111111100001010...]
Compiling architecture lut2_v of entity unisim.LUT2 [\LUT2(init="1110")(0,3)\]
Compiling architecture lut3_v of entity unisim.LUT3 [\LUT3(init="11111110")(0,7)\]
Compiling architecture lut5_v of entity unisim.LUT5 [\LUT5(init="11000011101010101100...]
Compiling architecture lut5_v of entity unisim.LUT5 [\LUT5(init="11100000111111111110...]
Compiling architecture lut6_v of entity unisim.LUT6 [\LUT6(init="11111111111111111111...]
Compiling architecture lut3_v of entity unisim.LUT3 [\LUT3(init="10111000")(0,7)\]
Compiling architecture lut6_v of entity unisim.LUT6 [\LUT6(init="00000000000000000000...]
Compiling architecture lut4_v of entity unisim.LUT4 [\LUT4(init="1110111111111111")(0...]
Compiling architecture lut6_v of entity unisim.LUT6 [\LUT6(init="10101110101011101111...]
Compiling architecture lut4_v of entity unisim.LUT4 [\LUT4(init="1000111110001000")(0...]
Compiling architecture lut4_v of entity unisim.LUT4 [\LUT4(init="0000000100000000")(0...]
Compiling architecture lut6_v of entity unisim.LUT6 [\LUT6(init="00000000000000110100...]
Compiling architecture lut5_v of entity unisim.LUT5 [\LUT5(init="00000000111111111111...]
Compiling architecture lut3_v of entity unisim.LUT3 [\LUT3(init="01111000")(0,7)\]
Compiling architecture lut5_v of entity unisim.LUT5 [\LUT5(init="00111110111111111100...]
Compiling architecture lut5_v of entity unisim.LUT5 [\LUT5(init="01111111111111111000...]
Compiling architecture lut6_v of entity unisim.LUT6 [\LUT6(init="01111111111111111111...]
Compiling architecture lut6_v of entity unisim.LUT6 [\LUT6(init="11011111111111111111...]
Compiling architecture lut2_v of entity unisim.LUT2 [\LUT2(init="0111")(0,3)\]
Compiling architecture lut3_v of entity unisim.LUT3 [\LUT3(init="11010010")(0,7)\]
Compiling architecture structure of entity xil_defaultlib.firRAM_3 [firram_3_default]
Compiling architecture lut4_v of entity unisim.LUT4 [\LUT4(init="0000001000000000")(0...]
Compiling architecture structure of entity xil_defaultlib.FIR_RAM_v1_0_S00_AXI [fir_ram_v1_0_s00_axi_default]
Compiling architecture structure of entity xil_defaultlib.FIR_RAM_v1_0 [fir_ram_v1_0_default]
Compiling architecture structure of entity xil_defaultlib.design_1_FIR_0_0 [design_1_fir_0_0_default]
Compiling architecture lut6_v of entity unisim.LUT6 [\LUT6(init="11111111111011111111...]
Compiling architecture lut3_v of entity unisim.LUT3 [\LUT3(init="11101111")(0,7)\]
Compiling architecture lut2_v of entity unisim.LUT2 [\LUT2(init="1011")(0,3)\]
Compiling architecture lut6_v of entity unisim.LUT6 [\LUT6(init="01010101010101010101...]
Compiling architecture lut6_v of entity unisim.LUT6 [\LUT6(init="10101010101011101010...]
Compiling architecture lut6_v of entity unisim.LUT6 [\LUT6(init="11101110111011101110...]
Compiling architecture lut6_v of entity unisim.LUT6 [\LUT6(init="00000000000000000000...]
Compiling architecture lut6_v of entity unisim.LUT6 [\LUT6(init="00100010001000100010...]
Compiling architecture lut4_v of entity unisim.LUT4 [\LUT4(init="0000000000000010")(0...]
Compiling architecture lut5_v of entity unisim.LUT5 [\LUT5(init="00001111000000000000...]
Compiling architecture lut6_v of entity unisim.LUT6 [\LUT6(init="11111111111111101111...]
Compiling architecture lut5_v of entity unisim.LUT5 [\LUT5(init="00010001000100000001...]
Compiling architecture lut6_v of entity unisim.LUT6 [\LUT6(init="11101110111010101110...]
Compiling architecture lut6_v of entity unisim.LUT6 [\LUT6(init="11111111111111111100...]
Compiling architecture lut5_v of entity unisim.LUT5 [\LUT5(init="00000000000000010000...]
Compiling architecture lut5_v of entity unisim.LUT5 [\LUT5(init="11111110000000000000...]
Compiling architecture lut4_v of entity unisim.LUT4 [\LUT4(init="1111000111111111")(0...]
Compiling architecture lut6_v of entity unisim.LUT6 [\LUT6(init="11111111111111111111...]
Compiling architecture lut6_v of entity unisim.LUT6 [\LUT6(init="11111111111111111111...]
Compiling architecture lut6_v of entity unisim.LUT6 [\LUT6(init="11101110111011101110...]
Compiling architecture lut3_v of entity unisim.LUT3 [\LUT3(init="10000000")(0,7)\]
Compiling architecture lut6_v of entity unisim.LUT6 [\LUT6(init="11111110111011101111...]
Compiling architecture lut6_v of entity unisim.LUT6 [\LUT6(init="01010101010101010101...]
Compiling architecture lut6_v of entity unisim.LUT6 [\LUT6(init="00000000000000000000...]
Compiling architecture lut5_v of entity unisim.LUT5 [\LUT5(init="00000000000100000000...]
Compiling architecture lut5_v of entity unisim.LUT5 [\LUT5(init="11010000110100001100...]
Compiling architecture lut6_v of entity unisim.LUT6 [\LUT6(init="01000100010001000000...]
Compiling architecture lut6_v of entity unisim.LUT6 [\LUT6(init="10000000000000000000...]
Compiling architecture lut3_v of entity unisim.LUT3 [\LUT3(init="00000111")(0,7)\]
Compiling architecture lut6_v of entity unisim.LUT6 [\LUT6(init="00000000000000000000...]
Compiling architecture lut6_v of entity unisim.LUT6 [\LUT6(init="01010101111101010101...]
Compiling architecture lut6_v of entity unisim.LUT6 [\LUT6(init="11111111111111111111...]
Compiling architecture lut4_v of entity unisim.LUT4 [\LUT4(init="0000000000000100")(0...]
Compiling architecture structure of entity xil_defaultlib.entre_micro [entre_micro_default]
Compiling architecture structure of entity xil_defaultlib.design_1_PmodMIC3_0_1 [design_1_pmodmic3_0_1_default]
Compiling architecture lut6_v of entity unisim.LUT6 [\LUT6(init="11111111111111110001...]
Compiling architecture lut6_v of entity unisim.LUT6 [\LUT6(init="00001000000000001111...]
Compiling architecture lut6_v of entity unisim.LUT6 [\LUT6(init="11111000100010001111...]
Compiling architecture lut4_v of entity unisim.LUT4 [\LUT4(init="1111100010001000")(0...]
Compiling architecture lut2_v of entity unisim.LUT2 [\LUT2(init="1001")(0,3)\]
Compiling architecture lut4_v of entity unisim.LUT4 [\LUT4(init="0111111110000000")(0...]
Compiling architecture lut2_v of entity unisim.LUT2 [\LUT2(init="0001")(0,3)\]
Compiling architecture lut2_v of entity unisim.LUT2 [\LUT2(init="0100")(0,3)\]
Compiling architecture lut5_v of entity unisim.LUT5 [\LUT5(init="00000000000000000000...]
Compiling architecture lut4_v of entity unisim.LUT4 [\LUT4(init="1111101100001000")(0...]
Compiling architecture lut4_v of entity unisim.LUT4 [\LUT4(init="1110111101000000")(0...]
Compiling architecture lut6_v of entity unisim.LUT6 [\LUT6(init="10101010101010101010...]
Compiling architecture structure of entity xil_defaultlib.address_decoder [address_decoder_default]
Compiling architecture lut3_v of entity unisim.LUT3 [\LUT3(init="10101100")(0,7)\]
Compiling architecture lut5_v of entity unisim.LUT5 [\LUT5(init="00000000000000000000...]
Compiling architecture lut5_v of entity unisim.LUT5 [\LUT5(init="10001011101110111000...]
Compiling architecture lut6_v of entity unisim.LUT6 [\LUT6(init="00100000000000001111...]
Compiling architecture lut6_v of entity unisim.LUT6 [\LUT6(init="11111111111010101110...]
Compiling architecture lut5_v of entity unisim.LUT5 [\LUT5(init="00001000111111110000...]
Compiling architecture lut5_v of entity unisim.LUT5 [\LUT5(init="00000000000000000000...]
Compiling architecture lut5_v of entity unisim.LUT5 [\LUT5(init="01110111111111000100...]
Compiling architecture lut6_v of entity unisim.LUT6 [\LUT6(init="01010101111111111111...]
Compiling architecture structure of entity xil_defaultlib.slave_attachment [slave_attachment_default]
Compiling architecture structure of entity xil_defaultlib.axi_lite_ipif [axi_lite_ipif_default]
Compiling architecture vcc_v of entity unisim.VCC [vcc_default]
Compiling architecture lut6_v of entity unisim.LUT6 [\LUT6(init="00000000000000000000...]
Compiling architecture structure of entity xil_defaultlib.cdc_sync [cdc_sync_default]
Compiling architecture lut3_v of entity unisim.LUT3 [\LUT3(init="00000100")(0,7)\]
Compiling architecture lut5_v of entity unisim.LUT5 [\LUT5(init="00000000000000000001...]
Compiling architecture lut6_v of entity unisim.LUT6 [\LUT6(init="00000000000100010000...]
Compiling architecture structure of entity xil_defaultlib.GPIO_Core [gpio_core_default]
Compiling architecture structure of entity xil_defaultlib.axi_gpio [axi_gpio_default]
Compiling architecture structure of entity xil_defaultlib.design_1_axi_gpio_0_0 [design_1_axi_gpio_0_0_default]
Compiling architecture lut6_v of entity unisim.LUT6 [\LUT6(init="00000000000000000001...]
Compiling architecture fdre_v of entity unisim.FDRE [\FDRE(init='1')\]
Compiling architecture ldce_v of entity unisim.LDCE [\LDCE(is_g_inverted='1')\]
Compiling architecture lut6_v of entity unisim.LUT6 [\LUT6(init="11001010111111111100...]
Compiling architecture lut6_v of entity unisim.LUT6 [\LUT6(init="11001111101011111100...]
Compiling architecture lut6_v of entity unisim.LUT6 [\LUT6(init="11100000111111111110...]
Compiling architecture lut6_v of entity unisim.LUT6 [\LUT6(init="11111111111111111011...]
Compiling architecture lut6_v of entity unisim.LUT6 [\LUT6(init="00000000000000000000...]
Compiling architecture lut3_v of entity unisim.LUT3 [\LUT3(init="00101000")(0,7)\]
Compiling architecture lut4_v of entity unisim.LUT4 [\LUT4(init="0010101010000000")(0...]
Compiling architecture lut6_v of entity unisim.LUT6 [\LUT6(init="11111111111111111111...]
Compiling architecture lut5_v of entity unisim.LUT5 [\LUT5(init="00101010101010101000...]
Compiling architecture lut3_v of entity unisim.LUT3 [\LUT3(init="01000000")(0,7)\]
Compiling architecture lut6_v of entity unisim.LUT6 [\LUT6(init="11111110111111111110...]
Compiling architecture lut6_v of entity unisim.LUT6 [\LUT6(init="11111111111111111111...]
Compiling architecture structure of entity xil_defaultlib.interface_DAC16bits [interface_dac16bits_default]
Compiling architecture structure of entity xil_defaultlib.design_1_interface_DAC8551_1_0 [design_1_interface_dac8551_1_0_d...]
Compiling architecture lut5_v of entity unisim.LUT5 [\LUT5(init="11111111101111110000...]
Compiling architecture lut3_v of entity unisim.LUT3 [\LUT3(init="00001000")(0,7)\]
Compiling architecture lut6_v of entity unisim.LUT6 [\LUT6(init="11110000101010101111...]
Compiling architecture lut4_v of entity unisim.LUT4 [\LUT4(init="0010111100000010")(0...]
Compiling architecture lut4_v of entity unisim.LUT4 [\LUT4(init="1001000000001001")(0...]
Compiling architecture lut5_v of entity unisim.LUT5 [\LUT5(init="00110011000011111010...]
Compiling architecture structure of entity xil_defaultlib.interfaceCodec [interfacecodec_default]
Compiling architecture lut4_v of entity unisim.LUT4 [\LUT4(init="0010000000000000")(0...]
Compiling architecture structure of entity xil_defaultlib.pmod_audio_v1_0_S00_AXI [pmod_audio_v1_0_s00_axi_default]
Compiling architecture structure of entity xil_defaultlib.pmod_audio_v1_0 [pmod_audio_v1_0_default]
Compiling architecture structure of entity xil_defaultlib.design_1_pmod_audio_0_0 [design_1_pmod_audio_0_0_default]
Compiling architecture bibuf_v of entity unisim.BIBUF [bibuf_default]
Compiling architecture ps7_v of entity unisim.PS7 [\PS7:stimulus:design_1_wrapper_i...]
Compiling architecture bufg_v of entity unisim.BUFG [bufg_default]
Compiling architecture lut1_v of entity unisim.LUT1 [\LUT1(init="0010")(0,3)\]
Compiling architecture structure of entity xil_defaultlib.processing_system7_v5_5_processing_system7 [\processing_system7_v5_5_process...]
Compiling architecture structure of entity xil_defaultlib.design_1_processing_system7_0_0 [\design_1_processing_system7_0_0...]
Compiling architecture lut5_v of entity unisim.LUT5 [\LUT5(init="01010001110111011111...]
Compiling architecture lut6_v of entity unisim.LUT6 [\LUT6(init="11001110000000101100...]
Compiling architecture lut4_v of entity unisim.LUT4 [\LUT4(init="1110101010101010")(0...]
Compiling architecture lut6_v of entity unisim.LUT6 [\LUT6(init="11111111111111111111...]
Compiling architecture lut4_v of entity unisim.LUT4 [\LUT4(init="1011100000000000")(0...]
Compiling architecture lut3_v of entity unisim.LUT3 [\LUT3(init="00011111")(0,7)\]
Compiling architecture lut5_v of entity unisim.LUT5 [\LUT5(init="11111111111111111110...]
Compiling architecture lut5_v of entity unisim.LUT5 [\LUT5(init="11101110111111101111...]
Compiling architecture lut5_v of entity unisim.LUT5 [\LUT5(init="11111110111111101111...]
Compiling architecture lut5_v of entity unisim.LUT5 [\LUT5(init="00011111111111110001...]
Compiling architecture lut6_v of entity unisim.LUT6 [\LUT6(init="10101111111111111111...]
Compiling architecture lut6_v of entity unisim.LUT6 [\LUT6(init="11110100111111001111...]
Compiling architecture lut6_v of entity unisim.LUT6 [\LUT6(init="01110101010101010100...]
Compiling architecture structure of entity xil_defaultlib.axi_protocol_converter_v2_1_18_b2s_rd_cmd_fsm [axi_protocol_converter_v2_1_18_b...]
Compiling architecture lut6_v of entity unisim.LUT6 [\LUT6(init="00000001000000100000...]
Compiling architecture lut3_v of entity unisim.LUT3 [\LUT3(init="10011010")(0,7)\]
Compiling architecture lut6_v of entity unisim.LUT6 [\LUT6(init="01101010101010101010...]
Compiling architecture lut6_v of entity unisim.LUT6 [\LUT6(init="00000000000000001010...]
Compiling architecture lut6_v of entity unisim.LUT6 [\LUT6(init="00000000000000000000...]
Compiling architecture lut5_v of entity unisim.LUT5 [\LUT5(init="00100000111111110010...]
Compiling architecture lut5_v of entity unisim.LUT5 [\LUT5(init="11111111100000101000...]
Compiling architecture lut6_v of entity unisim.LUT6 [\LUT6(init="11111111111111111000...]
Compiling architecture lut5_v of entity unisim.LUT5 [\LUT5(init="11111000100010001000...]
Compiling architecture lut6_v of entity unisim.LUT6 [\LUT6(init="11111111111111100000...]
Compiling architecture lut3_v of entity unisim.LUT3 [\LUT3(init="10010000")(0,7)\]
Compiling architecture lut4_v of entity unisim.LUT4 [\LUT4(init="1110000100000000")(0...]
Compiling architecture lut5_v of entity unisim.LUT5 [\LUT5(init="11111110000000000000...]
Compiling architecture lut6_v of entity unisim.LUT6 [\LUT6(init="11111111111100001111...]
Compiling architecture lut6_v of entity unisim.LUT6 [\LUT6(init="11111111111111111110...]
Compiling architecture lut6_v of entity unisim.LUT6 [\LUT6(init="00000000000000000000...]
Compiling architecture lut6_v of entity unisim.LUT6 [\LUT6(init="10101010101010101010...]
Compiling architecture lut4_v of entity unisim.LUT4 [\LUT4(init="1010101010101001")(0...]
Compiling architecture lut6_v of entity unisim.LUT6 [\LUT6(init="11111111111100101111...]
Compiling architecture lut6_v of entity unisim.LUT6 [\LUT6(init="10001000100010001000...]
Compiling architecture lut3_v of entity unisim.LUT3 [\LUT3(init="10101001")(0,7)\]
Compiling architecture lut6_v of entity unisim.LUT6 [\LUT6(init="10111011101110111011...]
Compiling architecture structure of entity xil_defaultlib.axi_protocol_converter_v2_1_18_b2s_incr_cmd_3 [axi_protocol_converter_v2_1_18_b...]
Compiling architecture lut3_v of entity unisim.LUT3 [\LUT3(init="00011101")(0,7)\]
Compiling architecture lut4_v of entity unisim.LUT4 [\LUT4(init="0000100000000010")(0...]
Compiling architecture lut6_v of entity unisim.LUT6 [\LUT6(init="10010000000010010000...]
Compiling architecture lut5_v of entity unisim.LUT5 [\LUT5(init="00000000000000001111...]
Compiling architecture lut6_v of entity unisim.LUT6 [\LUT6(init="00000000000000001111...]
Compiling architecture lut4_v of entity unisim.LUT4 [\LUT4(init="1011100010111011")(0...]
Compiling architecture lut5_v of entity unisim.LUT5 [\LUT5(init="11111111111111111111...]
Compiling architecture lut5_v of entity unisim.LUT5 [\LUT5(init="11000101000011111100...]
Compiling architecture structure of entity xil_defaultlib.axi_protocol_converter_v2_1_18_b2s_wrap_cmd_4 [axi_protocol_converter_v2_1_18_b...]
Compiling architecture structure of entity xil_defaultlib.axi_protocol_converter_v2_1_18_b2s_cmd_translator_2 [axi_protocol_converter_v2_1_18_b...]
Compiling architecture structure of entity xil_defaultlib.axi_protocol_converter_v2_1_18_b2s_ar_channel [axi_protocol_converter_v2_1_18_b...]
Compiling architecture lut5_v of entity unisim.LUT5 [\LUT5(init="01110000000000001100...]
Compiling architecture lut3_v of entity unisim.LUT3 [\LUT3(init="01101001")(0,7)\]
Compiling architecture lut4_v of entity unisim.LUT4 [\LUT4(init="0110101010101001")(0...]
Compiling architecture lut5_v of entity unisim.LUT5 [\LUT5(init="01101010101010101010...]
Compiling architecture lut6_v of entity unisim.LUT6 [\LUT6(init="01101010101010101010...]
Compiling architecture lut6_v of entity unisim.LUT6 [\LUT6(init="01000000100000001100...]
Compiling architecture lut3_v of entity unisim.LUT3 [\LUT3(init="01000101")(0,7)\]
Compiling architecture lut5_v of entity unisim.LUT5 [\LUT5(init="10111111011111110011...]
Compiling architecture srlc32e_v of entity unisim.SRLC32E [\SRLC32E(0,31)\]
Compiling architecture lut6_v of entity unisim.LUT6 [\LUT6(init="10000000101010101010...]
Compiling architecture structure of entity xil_defaultlib.\axi_protocol_converter_v2_1_18_b2s_simple_fifo__parameterized1\ [\axi_protocol_converter_v2_1_18_...]
Compiling architecture lut6_v of entity unisim.LUT6 [\LUT6(init="11111111111111111111...]
Compiling architecture lut3_v of entity unisim.LUT3 [\LUT3(init="10010110")(0,7)\]
Compiling architecture lut4_v of entity unisim.LUT4 [\LUT4(init="1010100101101010")(0...]
Compiling architecture lut5_v of entity unisim.LUT5 [\LUT5(init="10101010101010010110...]
Compiling architecture lut3_v of entity unisim.LUT3 [\LUT3(init="00101101")(0,7)\]
Compiling architecture lut6_v of entity unisim.LUT6 [\LUT6(init="10101010101010101010...]
Compiling architecture lut3_v of entity unisim.LUT3 [\LUT3(init="01001111")(0,7)\]
Compiling architecture lut6_v of entity unisim.LUT6 [\LUT6(init="10000000000000000000...]
Compiling architecture structure of entity xil_defaultlib.\axi_protocol_converter_v2_1_18_b2s_simple_fifo__parameterized2\ [\axi_protocol_converter_v2_1_18_...]
Compiling architecture structure of entity xil_defaultlib.axi_protocol_converter_v2_1_18_b2s_r_channel [axi_protocol_converter_v2_1_18_b...]
Compiling architecture lut3_v of entity unisim.LUT3 [\LUT3(init="01101010")(0,7)\]
Compiling architecture lut3_v of entity unisim.LUT3 [\LUT3(init="01110000")(0,7)\]
Compiling architecture lut3_v of entity unisim.LUT3 [\LUT3(init="00000010")(0,7)\]
Compiling architecture lut6_v of entity unisim.LUT6 [\LUT6(init="11111111111111111000...]
Compiling architecture lut6_v of entity unisim.LUT6 [\LUT6(init="11001100101010101111...]
Compiling architecture lut6_v of entity unisim.LUT6 [\LUT6(init="11111111111111111111...]
Compiling architecture lut5_v of entity unisim.LUT5 [\LUT5(init="11111111111111100000...]
Compiling architecture lut4_v of entity unisim.LUT4 [\LUT4(init="1110111100000000")(0...]
Compiling architecture lut5_v of entity unisim.LUT5 [\LUT5(init="11000000110100001111...]
Compiling architecture lut6_v of entity unisim.LUT6 [\LUT6(init="11110000000000000101...]
Compiling architecture lut6_v of entity unisim.LUT6 [\LUT6(init="11111111111111111111...]
Compiling architecture lut5_v of entity unisim.LUT5 [\LUT5(init="00010000000000000001...]
Compiling architecture lut6_v of entity unisim.LUT6 [\LUT6(init="00110000000000000101...]
Compiling architecture lut5_v of entity unisim.LUT5 [\LUT5(init="00110000011100001111...]
Compiling architecture lut4_v of entity unisim.LUT4 [\LUT4(init="0111111100000000")(0...]
Compiling architecture lut6_v of entity unisim.LUT6 [\LUT6(init="11110111111111110101...]
Compiling architecture lut4_v of entity unisim.LUT4 [\LUT4(init="1101111100100000")(0...]
Compiling architecture lut6_v of entity unisim.LUT6 [\LUT6(init="11011101110111011101...]
Compiling architecture lut6_v of entity unisim.LUT6 [\LUT6(init="01010101010101001111...]
Compiling architecture lut6_v of entity unisim.LUT6 [\LUT6(init="11000011110000111100...]
Compiling architecture lut6_v of entity unisim.LUT6 [\LUT6(init="11111100111111000000...]
Compiling architecture lut6_v of entity unisim.LUT6 [\LUT6(init="11111111111111001010...]
Compiling architecture structure of entity xil_defaultlib.axi_register_slice_v2_1_18_axic_register_slice [axi_register_slice_v2_1_18_axic_...]
Compiling architecture lut6_v of entity unisim.LUT6 [\LUT6(init="11111111111111111111...]
Compiling architecture lut4_v of entity unisim.LUT4 [\LUT4(init="1111010011111111")(0...]
Compiling architecture lut4_v of entity unisim.LUT4 [\LUT4(init="1011111110111011")(0...]
Compiling architecture structure of entity xil_defaultlib.axi_register_slice_v2_1_18_axic_register_slice_1 [axi_register_slice_v2_1_18_axic_...]
Compiling architecture lut4_v of entity unisim.LUT4 [\LUT4(init="1101110111111101")(0...]
Compiling architecture structure of entity xil_defaultlib.\axi_register_slice_v2_1_18_axic_register_slice__parameterized1\ [\axi_register_slice_v2_1_18_axic...]
Compiling architecture lut4_v of entity unisim.LUT4 [\LUT4(init="0111010111111111")(0...]
Compiling architecture lut4_v of entity unisim.LUT4 [\LUT4(init="1111111110001111")(0...]
Compiling architecture structure of entity xil_defaultlib.\axi_register_slice_v2_1_18_axic_register_slice__parameterized2\ [\axi_register_slice_v2_1_18_axic...]
Compiling architecture structure of entity xil_defaultlib.axi_register_slice_v2_1_18_axi_register_slice [axi_register_slice_v2_1_18_axi_r...]
Compiling architecture lut6_v of entity unisim.LUT6 [\LUT6(init="00000100000000001111...]
Compiling architecture lut4_v of entity unisim.LUT4 [\LUT4(init="1010101010111010")(0...]
Compiling architecture lut5_v of entity unisim.LUT5 [\LUT5(init="01000100010000000100...]
Compiling architecture lut5_v of entity unisim.LUT5 [\LUT5(init="00000000111100001111...]
Compiling architecture lut6_v of entity unisim.LUT6 [\LUT6(init="11111111000001001111...]
Compiling architecture lut6_v of entity unisim.LUT6 [\LUT6(init="11111111111111111111...]
Compiling architecture lut6_v of entity unisim.LUT6 [\LUT6(init="11111111101011111111...]
Compiling architecture lut6_v of entity unisim.LUT6 [\LUT6(init="00000000111100000000...]
Compiling architecture lut6_v of entity unisim.LUT6 [\LUT6(init="01010101011101010101...]
Compiling architecture structure of entity xil_defaultlib.axi_protocol_converter_v2_1_18_b2s_wr_cmd_fsm [axi_protocol_converter_v2_1_18_b...]
Compiling architecture lut4_v of entity unisim.LUT4 [\LUT4(init="0000000100000010")(0...]
Compiling architecture lut4_v of entity unisim.LUT4 [\LUT4(init="0110101010101010")(0...]
Compiling architecture lut4_v of entity unisim.LUT4 [\LUT4(init="0000101001101010")(0...]
Compiling architecture lut4_v of entity unisim.LUT4 [\LUT4(init="0000000001101010")(0...]
Compiling architecture lut6_v of entity unisim.LUT6 [\LUT6(init="11111111111111100000...]
Compiling architecture lut6_v of entity unisim.LUT6 [\LUT6(init="11111111111100001111...]
Compiling architecture lut6_v of entity unisim.LUT6 [\LUT6(init="11111111111111111111...]
Compiling architecture lut6_v of entity unisim.LUT6 [\LUT6(init="11111111111111111111...]
Compiling architecture lut6_v of entity unisim.LUT6 [\LUT6(init="11111111111111111111...]
Compiling architecture lut4_v of entity unisim.LUT4 [\LUT4(init="1011101010001010")(0...]
Compiling architecture structure of entity xil_defaultlib.axi_protocol_converter_v2_1_18_b2s_incr_cmd [axi_protocol_converter_v2_1_18_b...]
Compiling architecture lut3_v of entity unisim.LUT3 [\LUT3(init="01000111")(0,7)\]
Compiling architecture lut5_v of entity unisim.LUT5 [\LUT5(init="11111010110110000111...]
Compiling architecture lut5_v of entity unisim.LUT5 [\LUT5(init="11111111111100101111...]
Compiling architecture lut5_v of entity unisim.LUT5 [\LUT5(init="01010101010101010101...]
Compiling architecture lut4_v of entity unisim.LUT4 [\LUT4(init="1010101110101000")(0...]
Compiling architecture structure of entity xil_defaultlib.axi_protocol_converter_v2_1_18_b2s_wrap_cmd [axi_protocol_converter_v2_1_18_b...]
Compiling architecture structure of entity xil_defaultlib.axi_protocol_converter_v2_1_18_b2s_cmd_translator [axi_protocol_converter_v2_1_18_b...]
Compiling architecture structure of entity xil_defaultlib.axi_protocol_converter_v2_1_18_b2s_aw_channel [axi_protocol_converter_v2_1_18_b...]
Compiling architecture lut4_v of entity unisim.LUT4 [\LUT4(init="1110011100011000")(0...]
Compiling architecture srl16e_v of entity unisim.SRL16E [\SRL16E(0,15)\]
Compiling architecture lut6_v of entity unisim.LUT6 [\LUT6(init="00000000000000000000...]
Compiling architecture lut5_v of entity unisim.LUT5 [\LUT5(init="00000000000001000000...]
Compiling architecture lut6_v of entity unisim.LUT6 [\LUT6(init="11111111111111111111...]
Compiling architecture structure of entity xil_defaultlib.axi_protocol_converter_v2_1_18_b2s_simple_fifo [axi_protocol_converter_v2_1_18_b...]
Compiling architecture lut6_v of entity unisim.LUT6 [\LUT6(init="00000000000000000101...]
Compiling architecture lut4_v of entity unisim.LUT4 [\LUT4(init="0100000000000000")(0...]
Compiling architecture structure of entity xil_defaultlib.\axi_protocol_converter_v2_1_18_b2s_simple_fifo__parameterized0\ [\axi_protocol_converter_v2_1_18_...]
Compiling architecture lut6_v of entity unisim.LUT6 [\LUT6(init="00000000000000000000...]
Compiling architecture lut4_v of entity unisim.LUT4 [\LUT4(init="0000000011101010")(0...]
Compiling architecture structure of entity xil_defaultlib.axi_protocol_converter_v2_1_18_b2s_b_channel [axi_protocol_converter_v2_1_18_b...]
Compiling architecture structure of entity xil_defaultlib.axi_protocol_converter_v2_1_18_b2s [axi_protocol_converter_v2_1_18_b...]
Compiling architecture structure of entity xil_defaultlib.axi_protocol_converter_v2_1_18_axi_protocol_converter [axi_protocol_converter_v2_1_18_a...]
Compiling architecture structure of entity xil_defaultlib.design_1_auto_pc_0 [design_1_auto_pc_0_default]
Compiling architecture structure of entity xil_defaultlib.s00_couplers_imp_UYSKKA [s00_couplers_imp_uyskka_default]
Compiling architecture lut6_v of entity unisim.LUT6 [\LUT6(init="11111111111111111111...]
Compiling architecture lut6_v of entity unisim.LUT6 [\LUT6(init="10101010111111111010...]
Compiling architecture lut4_v of entity unisim.LUT4 [\LUT4(init="1111101111111111")(0...]
Compiling architecture lut3_v of entity unisim.LUT3 [\LUT3(init="11111011")(0,7)\]
Compiling architecture lut6_v of entity unisim.LUT6 [\LUT6(init="11111111111111111111...]
Compiling architecture lut6_v of entity unisim.LUT6 [\LUT6(init="00000000000000000000...]
Compiling architecture lut5_v of entity unisim.LUT5 [\LUT5(init="00000000000000001111...]
Compiling architecture lut5_v of entity unisim.LUT5 [\LUT5(init="01011101010111010101...]
Compiling architecture lut6_v of entity unisim.LUT6 [\LUT6(init="00111010111110100011...]
Compiling architecture lut4_v of entity unisim.LUT4 [\LUT4(init="1111111100111110")(0...]
Compiling architecture lut4_v of entity unisim.LUT4 [\LUT4(init="0000100000000000")(0...]
Compiling architecture lut4_v of entity unisim.LUT4 [\LUT4(init="0000000000001000")(0...]
Compiling architecture lut5_v of entity unisim.LUT5 [\LUT5(init="11011101110111000000...]
Compiling architecture lut6_v of entity unisim.LUT6 [\LUT6(init="00000010000000000000...]
Compiling architecture lut4_v of entity unisim.LUT4 [\LUT4(init="1111111111111011")(0...]
Compiling architecture lut6_v of entity unisim.LUT6 [\LUT6(init="11111111111111111111...]
Compiling architecture lut4_v of entity unisim.LUT4 [\LUT4(init="0000000000100000")(0...]
Compiling architecture lut5_v of entity unisim.LUT5 [\LUT5(init="00000000000000000000...]
Compiling architecture lut5_v of entity unisim.LUT5 [\LUT5(init="00000000001000000000...]
Compiling architecture lut5_v of entity unisim.LUT5 [\LUT5(init="00000000100000001111...]
Compiling architecture lut4_v of entity unisim.LUT4 [\LUT4(init="0100010101010101")(0...]
Compiling architecture lut5_v of entity unisim.LUT5 [\LUT5(init="11110000111101001111...]
Compiling architecture lut3_v of entity unisim.LUT3 [\LUT3(init="10001010")(0,7)\]
Compiling architecture lut5_v of entity unisim.LUT5 [\LUT5(init="10001010101010101010...]
Compiling architecture lut5_v of entity unisim.LUT5 [\LUT5(init="10101000101010101010...]
Compiling architecture lut4_v of entity unisim.LUT4 [\LUT4(init="0000000001000000")(0...]
Compiling architecture lut6_v of entity unisim.LUT6 [\LUT6(init="00000000000000000000...]
Compiling architecture lut5_v of entity unisim.LUT5 [\LUT5(init="00000000000000000000...]
Compiling architecture lut5_v of entity unisim.LUT5 [\LUT5(init="00000000000000000000...]
Compiling architecture structure of entity xil_defaultlib.axi_crossbar_v2_1_19_addr_arbiter_sasd [axi_crossbar_v2_1_19_addr_arbite...]
Compiling architecture lut5_v of entity unisim.LUT5 [\LUT5(init="11110000011111110000...]
Compiling architecture lut5_v of entity unisim.LUT5 [\LUT5(init="00001111111111111000...]
Compiling architecture lut6_v of entity unisim.LUT6 [\LUT6(init="00111111000111110011...]
Compiling architecture lut6_v of entity unisim.LUT6 [\LUT6(init="00110011010101010000...]
Compiling architecture lut6_v of entity unisim.LUT6 [\LUT6(init="11110000110011001111...]
Compiling architecture lut6_v of entity unisim.LUT6 [\LUT6(init="00000000010101010000...]
Compiling architecture lut6_v of entity unisim.LUT6 [\LUT6(init="00000000010101010011...]
Compiling architecture structure of entity xil_defaultlib.axi_crossbar_v2_1_19_decerr_slave [axi_crossbar_v2_1_19_decerr_slav...]
Compiling architecture lut4_v of entity unisim.LUT4 [\LUT4(init="1111110111111100")(0...]
Compiling architecture lut3_v of entity unisim.LUT3 [\LUT3(init="00001110")(0,7)\]
Compiling architecture lut6_v of entity unisim.LUT6 [\LUT6(init="00000000001100110000...]
Compiling architecture lut6_v of entity unisim.LUT6 [\LUT6(init="00000000001100000000...]
Compiling architecture lut6_v of entity unisim.LUT6 [\LUT6(init="00000000000000000000...]
Compiling architecture lut5_v of entity unisim.LUT5 [\LUT5(init="00001100101011110000...]
Compiling architecture lut5_v of entity unisim.LUT5 [\LUT5(init="00001111110010100000...]
Compiling architecture structure of entity xil_defaultlib.\axi_register_slice_v2_1_18_axic_register_slice__parameterized7\ [\axi_register_slice_v2_1_18_axic...]
Compiling architecture lut5_v of entity unisim.LUT5 [\LUT5(init="11111100111011101111...]
Compiling architecture lut6_v of entity unisim.LUT6 [\LUT6(init="00000000000000000000...]
Compiling architecture lut6_v of entity unisim.LUT6 [\LUT6(init="10101010000000001010...]
Compiling architecture structure of entity xil_defaultlib.\axi_crossbar_v2_1_19_splitter__parameterized0\ [\axi_crossbar_v2_1_19_splitter__...]
Compiling architecture lut6_v of entity unisim.LUT6 [\LUT6(init="11111111010001010000...]
Compiling architecture lut6_v of entity unisim.LUT6 [\LUT6(init="10111010000000001011...]
Compiling architecture lut6_v of entity unisim.LUT6 [\LUT6(init="00000000010001010000...]
Compiling architecture structure of entity xil_defaultlib.axi_crossbar_v2_1_19_splitter [axi_crossbar_v2_1_19_splitter_de...]
Compiling architecture structure of entity xil_defaultlib.axi_crossbar_v2_1_19_crossbar_sasd [axi_crossbar_v2_1_19_crossbar_sa...]
Compiling architecture structure of entity xil_defaultlib.axi_crossbar_v2_1_19_axi_crossbar [axi_crossbar_v2_1_19_axi_crossba...]
Compiling architecture structure of entity xil_defaultlib.design_1_xbar_0 [design_1_xbar_0_default]
Compiling architecture structure of entity xil_defaultlib.design_1_ps7_0_axi_periph_0 [design_1_ps7_0_axi_periph_0_defa...]
Compiling architecture lut5_v of entity unisim.LUT5 [\LUT5(init="11101010101010101010...]
Compiling architecture structure of entity xil_defaultlib.\cdc_sync__parameterized0\ [\cdc_sync__parameterized0_defaul...]
Compiling architecture structure of entity xil_defaultlib.\cdc_sync__parameterized0_0\ [\cdc_sync__parameterized0_0_defa...]
Compiling architecture srl16e_v of entity unisim.SRL16E [\SRL16E(init="1111111111111111")...]
Compiling architecture lut4_v of entity unisim.LUT4 [\LUT4(init="1111111111111101")(0...]
Compiling architecture structure of entity xil_defaultlib.lpf [lpf_default]
Compiling architecture structure of entity xil_defaultlib.upcnt_n [upcnt_n_default]
Compiling architecture lut4_v of entity unisim.LUT4 [\LUT4(init="0000000010010000")(0...]
Compiling architecture lut4_v of entity unisim.LUT4 [\LUT4(init="1001000000000000")(0...]
Compiling architecture fdse_v of entity unisim.FDSE [\FDSE(init='0')\]
Compiling architecture lut4_v of entity unisim.LUT4 [\LUT4(init="0000000000011000")(0...]
Compiling architecture lut4_v of entity unisim.LUT4 [\LUT4(init="0000010010000000")(0...]
Compiling architecture structure of entity xil_defaultlib.sequence_psr [sequence_psr_default]
Compiling architecture structure of entity xil_defaultlib.proc_sys_reset [proc_sys_reset_default]
Compiling architecture structure of entity xil_defaultlib.design_1_rst_ps7_0_100M_0 [design_1_rst_ps7_0_100m_0_defaul...]
Compiling architecture structure of entity xil_defaultlib.design_1 [\design_1:stimulus:design_1_wrap...]
Compiling architecture ibuf_v of entity unisim.IBUF [\IBUF(1,9)(1,1)(1,4)(1,7)\]
Compiling architecture obuft_v of entity unisim.OBUFT [\OBUFT(1,9)(1,7)(1,4)\]
Compiling architecture structure of entity xil_defaultlib.design_1_wrapper [\design_1_wrapper:stimulus:desig...]
Compiling architecture behavioral of entity xil_defaultlib.stimulus
Built simulation snapshot stimulus_func_synth
