#-----------------------------------------------------------
# Webtalk v2019.1.3 (64-bit)
# SW Build 2644227 on Wed Sep  4 09:44:18 MDT 2019
# 
# Start of session at: Sun Jan  5 12:18:53 2020
# Process ID: 8921
# Current directory: /home/nicolas/vivado/vivado2019_1/project_1_vivado_2019_1/project_1_vivado_2019_1.sdk/webtalk
# Command line: wbtcv -mode batch -source sdk_webtalk.tcl
# Log file: /home/nicolas/vivado/vivado2019_1/project_1_vivado_2019_1/project_1_vivado_2019_1.sdk/webtalk/webtalk.log
# Journal file: /home/nicolas/vivado/vivado2019_1/project_1_vivado_2019_1/project_1_vivado_2019_1.sdk/webtalk/webtalk.jou
#-----------------------------------------------------------
source sdk_webtalk.tcl
# webtalk_init -webtalk_dir /home/nicolas/vivado/vivado2019_1/project_1_vivado_2019_1/project_1_vivado_2019_1.sdk/webtalk
# webtalk_register_client -client project
# webtalk_add_data -client project -key date_generated -value "2020-01-05 12:18:51" -context "software_version_and_target_device"
# webtalk_add_data -client project -key product_version -value "SDK v2019.1" -context "software_version_and_target_device"
# webtalk_add_data -client project -key build_version -value "2019.1" -context "software_version_and_target_device"
# webtalk_add_data -client project -key os_platform -value "amd64" -context "software_version_and_target_device"
# webtalk_add_data -client project -key registration_id -value "" -context "software_version_and_target_device"
# webtalk_add_data -client project -key tool_flow -value "SDK" -context "software_version_and_target_device"
# webtalk_add_data -client project -key beta -value "false" -context "software_version_and_target_device"
# webtalk_add_data -client project -key route_design -value "NA" -context "software_version_and_target_device"
# webtalk_add_data -client project -key target_family -value "NA" -context "software_version_and_target_device"
# webtalk_add_data -client project -key target_device -value "NA" -context "software_version_and_target_device"
# webtalk_add_data -client project -key target_package -value "NA" -context "software_version_and_target_device"
# webtalk_add_data -client project -key target_speed -value "NA" -context "software_version_and_target_device"
# webtalk_add_data -client project -key random_id -value "h2hlf991ackmmq8namlmjkkkmp" -context "software_version_and_target_device"
# webtalk_add_data -client project -key project_id -value "2019.1_1" -context "software_version_and_target_device"
# webtalk_add_data -client project -key project_iteration -value "1" -context "software_version_and_target_device"
# webtalk_add_data -client project -key os_name -value "Ubuntu" -context "user_environment"
# webtalk_add_data -client project -key os_release -value "Ubuntu 18.04.3 LTS" -context "user_environment"
# webtalk_add_data -client project -key cpu_name -value "Intel(R) Core(TM) i7-2640M CPU @ 2.80GHz" -context "user_environment"
# webtalk_add_data -client project -key cpu_speed -value "3445.837 MHz" -context "user_environment"
# webtalk_add_data -client project -key total_processors -value "1" -context "user_environment"
# webtalk_add_data -client project -key system_ram -value "8,234 GB" -context "user_environment"
# webtalk_register_client -client sdk
# webtalk_add_data -client sdk -key uid -value "1578223100000" -context "sdk\\\\hardware/1578223100000"
# webtalk_add_data -client sdk -key isZynq -value "true" -context "sdk\\\\hardware/1578223100000"
# webtalk_add_data -client sdk -key isZynqMP -value "false" -context "sdk\\\\hardware/1578223100000"
# webtalk_add_data -client sdk -key Processors -value "2" -context "sdk\\\\hardware/1578223100000"
# webtalk_add_data -client sdk -key VivadoVersion -value "2019.1.3" -context "sdk\\\\hardware/1578223100000"
# webtalk_add_data -client sdk -key Arch -value "zynq" -context "sdk\\\\hardware/1578223100000"
# webtalk_add_data -client sdk -key Device -value "7z010" -context "sdk\\\\hardware/1578223100000"
# webtalk_add_data -client sdk -key IsHandoff -value "true" -context "sdk\\\\hardware/1578223100000"
# webtalk_add_data -client sdk -key os -value "NA" -context "sdk\\\\hardware/1578223100000"
# webtalk_add_data -client sdk -key apptemplate -value "NA" -context "sdk\\\\hardware/1578223100000"
# webtalk_add_data -client sdk -key RecordType -value "HWCreation" -context "sdk\\\\hardware/1578223100000"
# webtalk_add_data -client sdk -key uid -value "NA" -context "sdk\\\\bsp/1578223130986"
# webtalk_add_data -client sdk -key RecordType -value "ToolUsage" -context "sdk\\\\bsp/1578223130986"
# webtalk_add_data -client sdk -key BootgenCount -value "0" -context "sdk\\\\bsp/1578223130986"
# webtalk_add_data -client sdk -key DebugCount -value "0" -context "sdk\\\\bsp/1578223130986"
# webtalk_add_data -client sdk -key PerfCount -value "0" -context "sdk\\\\bsp/1578223130986"
# webtalk_add_data -client sdk -key FlashCount -value "0" -context "sdk\\\\bsp/1578223130986"
# webtalk_add_data -client sdk -key CrossTriggCount -value "0" -context "sdk\\\\bsp/1578223130986"
# webtalk_add_data -client sdk -key QemuDebugCount -value "0" -context "sdk\\\\bsp/1578223130986"
# webtalk_transmit -clientid 4120432444 -regid "" -xml /home/nicolas/vivado/vivado2019_1/project_1_vivado_2019_1/project_1_vivado_2019_1.sdk/webtalk/usage_statistics_ext_sdk.xml -html /home/nicolas/vivado/vivado2019_1/project_1_vivado_2019_1/project_1_vivado_2019_1.sdk/webtalk/usage_statistics_ext_sdk.html -wdm /home/nicolas/vivado/vivado2019_1/project_1_vivado_2019_1/project_1_vivado_2019_1.sdk/webtalk/sdk_webtalk.wdm -intro "<H3>SDK Usage Report</H3><BR>"
# webtalk_terminate
INFO: [Common 17-206] Exiting Webtalk at Sun Jan  5 12:18:53 2020...
