#-----------------------------------------------------------
# Webtalk v2018.3 (64-bit)
# SW Build 2405991 on Thu Dec  6 23:36:41 MST 2018
# 
# Start of session at: Sun May 26 23:04:29 2019
# Process ID: 29624
# Current directory: /home/nicolas/vivado/vivado/FPGA_xilinx/projetZybo/Leds.sdk/webtalk
# Command line: wbtcv -mode batch -source sdk_webtalk.tcl
# Log file: /home/nicolas/vivado/vivado/FPGA_xilinx/projetZybo/Leds.sdk/webtalk/webtalk.log
# Journal file: /home/nicolas/vivado/vivado/FPGA_xilinx/projetZybo/Leds.sdk/webtalk/webtalk.jou
#-----------------------------------------------------------
source sdk_webtalk.tcl
# webtalk_init -webtalk_dir /home/nicolas/vivado/vivado/FPGA_xilinx/projetZybo/Leds.sdk/webtalk
# webtalk_register_client -client project
# webtalk_add_data -client project -key date_generated -value "2019-05-26 23:04:27" -context "software_version_and_target_device"
# webtalk_add_data -client project -key product_version -value "SDK v2018.3" -context "software_version_and_target_device"
# webtalk_add_data -client project -key build_version -value "2018.3" -context "software_version_and_target_device"
# webtalk_add_data -client project -key os_platform -value "amd64" -context "software_version_and_target_device"
# webtalk_add_data -client project -key registration_id -value "" -context "software_version_and_target_device"
# webtalk_add_data -client project -key tool_flow -value "SDK" -context "software_version_and_target_device"
# webtalk_add_data -client project -key beta -value "false" -context "software_version_and_target_device"
# webtalk_add_data -client project -key route_design -value "NA" -context "software_version_and_target_device"
# webtalk_add_data -client project -key target_family -value "NA" -context "software_version_and_target_device"
# webtalk_add_data -client project -key target_device -value "NA" -context "software_version_and_target_device"
# webtalk_add_data -client project -key target_package -value "NA" -context "software_version_and_target_device"
# webtalk_add_data -client project -key target_speed -value "NA" -context "software_version_and_target_device"
# webtalk_add_data -client project -key random_id -value "kq0o1vqpnvsv0eq5hag1smd8uh" -context "software_version_and_target_device"
# webtalk_add_data -client project -key project_id -value "2018.3_6" -context "software_version_and_target_device"
# webtalk_add_data -client project -key project_iteration -value "6" -context "software_version_and_target_device"
# webtalk_add_data -client project -key os_name -value "Ubuntu" -context "user_environment"
# webtalk_add_data -client project -key os_release -value "Ubuntu 18.04.2 LTS" -context "user_environment"
# webtalk_add_data -client project -key cpu_name -value "Intel(R) Core(TM) i7-2640M CPU @ 2.80GHz" -context "user_environment"
# webtalk_add_data -client project -key cpu_speed -value "867.732 MHz" -context "user_environment"
# webtalk_add_data -client project -key total_processors -value "1" -context "user_environment"
# webtalk_add_data -client project -key system_ram -value "8,237 GB" -context "user_environment"
# webtalk_register_client -client sdk
# webtalk_add_data -client sdk -key uid -value "1558902500000" -context "sdk\\\\bsp/1558902500000"
# webtalk_add_data -client sdk -key hwid -value "1554837207000" -context "sdk\\\\bsp/1558902500000"
# webtalk_add_data -client sdk -key os -value "freertos10_xilinx" -context "sdk\\\\bsp/1558902500000"
# webtalk_add_data -client sdk -key apptemplate -value "null" -context "sdk\\\\bsp/1558902500000"
# webtalk_add_data -client sdk -key RecordType -value "BSPCreation" -context "sdk\\\\bsp/1558902500000"
# webtalk_add_data -client sdk -key uid -value "1558904597000" -context "sdk\\\\bsp/1558904597000"
# webtalk_add_data -client sdk -key hwid -value "1554837207000" -context "sdk\\\\bsp/1558904597000"
# webtalk_add_data -client sdk -key os -value "freertos10_xilinx" -context "sdk\\\\bsp/1558904597000"
# webtalk_add_data -client sdk -key apptemplate -value "null" -context "sdk\\\\bsp/1558904597000"
# webtalk_add_data -client sdk -key RecordType -value "BSPCreation" -context "sdk\\\\bsp/1558904597000"
# webtalk_add_data -client sdk -key uid -value "NA" -context "sdk\\\\bsp/1558904667443"
# webtalk_add_data -client sdk -key RecordType -value "ToolUsage" -context "sdk\\\\bsp/1558904667443"
# webtalk_add_data -client sdk -key BootgenCount -value "0" -context "sdk\\\\bsp/1558904667443"
# webtalk_add_data -client sdk -key DebugCount -value "0" -context "sdk\\\\bsp/1558904667443"
# webtalk_add_data -client sdk -key PerfCount -value "0" -context "sdk\\\\bsp/1558904667443"
# webtalk_add_data -client sdk -key FlashCount -value "0" -context "sdk\\\\bsp/1558904667443"
# webtalk_add_data -client sdk -key CrossTriggCount -value "0" -context "sdk\\\\bsp/1558904667443"
# webtalk_add_data -client sdk -key QemuDebugCount -value "0" -context "sdk\\\\bsp/1558904667443"
# webtalk_transmit -clientid 2533499540 -regid "" -xml /home/nicolas/vivado/vivado/FPGA_xilinx/projetZybo/Leds.sdk/webtalk/usage_statistics_ext_sdk.xml -html /home/nicolas/vivado/vivado/FPGA_xilinx/projetZybo/Leds.sdk/webtalk/usage_statistics_ext_sdk.html -wdm /home/nicolas/vivado/vivado/FPGA_xilinx/projetZybo/Leds.sdk/webtalk/sdk_webtalk.wdm -intro "<H3>SDK Usage Report</H3><BR>"
# webtalk_terminate
INFO: [Common 17-206] Exiting Webtalk at Sun May 26 23:04:29 2019...
