Copyright 1986-2019 Xilinx, Inc. All Rights Reserved.
---------------------------------------------------------------------------------------------
| Tool Version : Vivado v.2019.2.1 (lin64) Build 2729669 Thu Dec  5 04:48:12 MST 2019
| Date         : Fri May 22 15:14:15 2020
| Host         : grosportable running 64-bit Ubuntu 18.04.4 LTS
| Command      : report_control_sets -verbose -file design_1_wrapper_control_sets_placed.rpt
| Design       : design_1_wrapper
| Device       : xc7z010
---------------------------------------------------------------------------------------------

Control Set Information

Table of Contents
-----------------
1. Summary
2. Histogram
3. Flip-Flop Distribution
4. Detailed Control Set Information

1. Summary
----------

+----------------------------------------------------------+-------+
|                          Status                          | Count |
+----------------------------------------------------------+-------+
| Total control sets                                       |   187 |
|    Minimum number of control sets                        |   187 |
|    Addition due to synthesis replication                 |     0 |
|    Addition due to physical synthesis replication        |     0 |
| Unused register locations in slices containing registers |   212 |
+----------------------------------------------------------+-------+
* Control sets can be merged at opt_design using control_set_merge or merge_equivalent_drivers
** Run report_qor_suggestions for automated merging and remapping suggestions


2. Histogram
------------

+--------------------+-------+
|       Fanout       | Count |
+--------------------+-------+
| Total control sets |   187 |
| >= 0 to < 4        |    10 |
| >= 4 to < 6        |    16 |
| >= 6 to < 8        |     6 |
| >= 8 to < 10       |    93 |
| >= 10 to < 12      |     2 |
| >= 12 to < 14      |     1 |
| >= 14 to < 16      |     3 |
| >= 16              |    56 |
+--------------------+-------+
* Control sets can be remapped at either synth_design or opt_design


3. Flip-Flop Distribution
-------------------------

+--------------+-----------------------+------------------------+-----------------+--------------+
| Clock Enable | Synchronous Set/Reset | Asynchronous Set/Reset | Total Registers | Total Slices |
+--------------+-----------------------+------------------------+-----------------+--------------+
| No           | No                    | No                     |             189 |           89 |
| No           | No                    | Yes                    |              80 |           21 |
| No           | Yes                   | No                     |             277 |           89 |
| Yes          | No                    | No                     |             867 |          238 |
| Yes          | No                    | Yes                    |              32 |            8 |
| Yes          | Yes                   | No                     |            1159 |          345 |
+--------------+-----------------------+------------------------+-----------------+--------------+


4. Detailed Control Set Information
-----------------------------------

+-----------------------------------------------------------------------------------+----------------------------------------------------------------------------------------------------------------------------------------------------------------+-------------------------------------------------------------------------------------------------------------------------------------+------------------+----------------+
|                                    Clock Signal                                   |                                                                          Enable Signal                                                                         |                                                           Set/Reset Signal                                                          | Slice Load Count | Bel Load Count |
+-----------------------------------------------------------------------------------+----------------------------------------------------------------------------------------------------------------------------------------------------------------+-------------------------------------------------------------------------------------------------------------------------------------+------------------+----------------+
|  design_1_i/mongyrocopse_0/mongyrocopse_v1_0_S00_AXI_inst/spi_gyro_inst/horloge_g |                                                                                                                                                                |                                                                                                                                     |                1 |              1 |
|  design_1_i/processing_system7_0/inst/FCLK_CLK0                                   | design_1_i/pmod_audio_1/U0/pmod_audio_v1_0_S00_AXI_inst/reset_codec                                                                                            |                                                                                                                                     |                1 |              1 |
|  design_1_i/processing_system7_0/inst/FCLK_CLK0                                   | design_1_i/GyrocsopeSPI_0/U0/capteurDistanceUltrason_v1_0_S00_AXI_inst/capteur_inst/sortie_trig_i_2_n_0                                                        | design_1_i/GyrocsopeSPI_0/U0/capteurDistanceUltrason_v1_0_S00_AXI_inst/capteur_inst/SR[0]                                           |                1 |              1 |
|  design_1_i/processing_system7_0/inst/FCLK_CLK0                                   | design_1_i/pmod_audio_0/U0/pmod_audio_v1_0_S00_AXI_inst/reset_codec                                                                                            |                                                                                                                                     |                1 |              1 |
|  design_1_i/processing_system7_0/inst/FCLK_CLK0                                   | design_1_i/interface_DAC8551_1/inst/LDAC0_out                                                                                                                  |                                                                                                                                     |                1 |              1 |
|  design_1_i/processing_system7_0/inst/FCLK_CLK0                                   | design_1_i/gainNvoies_0/U0/gainNvoies_v1_0_S00_AXI_inst/gain2_inst/CEB2                                                                                        |                                                                                                                                     |                1 |              1 |
|  design_1_i/processing_system7_0/inst/FCLK_CLK2                                   | design_1_i/PmodMIC3_0/U0/cs_mic_i_1_n_0                                                                                                                        |                                                                                                                                     |                1 |              1 |
|  design_1_i/processing_system7_0/inst/FCLK_CLK0                                   | design_1_i/rst_ps7_0_100M/U0/peripheral_aresetn[0]                                                                                                             |                                                                                                                                     |                2 |              2 |
| ~design_1_i/interface_DAC8551_1/inst/sync                                         |                                                                                                                                                                |                                                                                                                                     |                2 |              2 |
|  design_1_i/processing_system7_0/inst/FCLK_CLK0                                   | design_1_i/ps7_0_axi_periph/s00_couplers/auto_pc/inst/gen_axilite.gen_b2s_conv.axilite_b2s/WR.b_channel_0/bid_fifo_0/bresp_push                                |                                                                                                                                     |                1 |              2 |
|  design_1_i/processing_system7_0/inst/FCLK_CLK0                                   | design_1_i/interface_DAC8551_1/inst/index_audio[3]_i_1_n_0                                                                                                     |                                                                                                                                     |                2 |              4 |
|  design_1_i/processing_system7_0/inst/FCLK_CLK2                                   |                                                                                                                                                                | design_1_i/FIR_2/inst/FIR_RAM_v1_0_S00_AXI_inst/filtre/SR[0]                                                                        |                1 |              4 |
|  design_1_i/processing_system7_0/inst/FCLK_CLK0                                   | design_1_i/gainNvoies_0/U0/gainNvoies_v1_0_S00_AXI_inst/p_1_in[7]                                                                                              | design_1_i/gainNvoies_0/U0/gainNvoies_v1_0_S00_AXI_inst/gain1_inst/ACTIVE_LOW_PR_OUT_DFF[0].FDRE_PER_N                              |                1 |              4 |
|  design_1_i/processing_system7_0/inst/FCLK_CLK2                                   |                                                                                                                                                                | design_1_i/FIR_0/inst/FIR_RAM_v1_0_S00_AXI_inst/filtre/SR[0]                                                                        |                1 |              4 |
|  design_1_i/processing_system7_0/inst/FCLK_CLK2                                   |                                                                                                                                                                | design_1_i/FIR_1/inst/FIR_RAM_v1_0_S00_AXI_inst/filtre/SR[0]                                                                        |                1 |              4 |
|  design_1_i/processing_system7_0/inst/FCLK_CLK0                                   | design_1_i/ps7_0_axi_periph/s00_couplers/auto_pc/inst/gen_axilite.gen_b2s_conv.axilite_b2s/WR.aw_channel_0/aw_cmd_fsm_0/state_reg[1]_3[0]                      |                                                                                                                                     |                3 |              4 |
|  design_1_i/processing_system7_0/inst/FCLK_CLK0                                   | design_1_i/ps7_0_axi_periph/s00_couplers/auto_pc/inst/gen_axilite.gen_b2s_conv.axilite_b2s/WR.aw_channel_0/cmd_translator_0/incr_cmd_0/axaddr_incr[11]_i_1_n_0 |                                                                                                                                     |                2 |              4 |
|  design_1_i/processing_system7_0/inst/FCLK_CLK0                                   |                                                                                                                                                                | design_1_i/rst_ps7_0_100M/U0/EXT_LPF/lpf_int                                                                                        |                2 |              4 |
|  design_1_i/processing_system7_0/inst/FCLK_CLK0                                   | design_1_i/ps7_0_axi_periph/s00_couplers/auto_pc/inst/gen_axilite.gen_b2s_conv.axilite_b2s/RD.ar_channel_0/ar_cmd_fsm_0/sel_first_reg[0]                       |                                                                                                                                     |                1 |              4 |
|  design_1_i/processing_system7_0/inst/FCLK_CLK0                                   |                                                                                                                                                                | design_1_i/ps7_0_axi_periph/s00_couplers/auto_pc/inst/gen_axilite.gen_b2s_conv.axilite_b2s/SI_REG/aw.aw_pipe/aresetn_d_reg[0]_0     |                2 |              4 |
|  design_1_i/processing_system7_0/inst/FCLK_CLK0                                   |                                                                                                                                                                | design_1_i/ps7_0_axi_periph/s00_couplers/auto_pc/inst/gen_axilite.gen_b2s_conv.axilite_b2s/SI_REG/ar.ar_pipe/aresetn_d_reg[1]_inv_0 |                2 |              4 |
|  design_1_i/processing_system7_0/inst/FCLK_CLK0                                   | design_1_i/ps7_0_axi_periph/s00_couplers/auto_pc/inst/gen_axilite.gen_b2s_conv.axilite_b2s/RD.ar_channel_0/ar_cmd_fsm_0/FSM_sequential_state_reg[0]_0[0]       |                                                                                                                                     |                2 |              4 |
|  design_1_i/processing_system7_0/inst/FCLK_CLK2                                   |                                                                                                                                                                | design_1_i/FIR_3/inst/FIR_RAM_v1_0_S00_AXI_inst/filtre/SR[0]                                                                        |                2 |              4 |
|  design_1_i/processing_system7_0/inst/FCLK_CLK0                                   | design_1_i/ps7_0_axi_periph/s00_couplers/auto_pc/inst/gen_axilite.gen_b2s_conv.axilite_b2s/RD.r_channel_0/transaction_fifo_0/cnt_read[4]_i_1__0_n_0            | design_1_i/ps7_0_axi_periph/s00_couplers/auto_pc/inst/gen_axilite.gen_b2s_conv.axilite_b2s/areset_d1                                |                1 |              5 |
|  design_1_i/processing_system7_0/inst/FCLK_CLK0                                   | design_1_i/ps7_0_axi_periph/s00_couplers/auto_pc/inst/gen_axilite.gen_b2s_conv.axilite_b2s/RD.r_channel_0/transaction_fifo_0/E[0]                              | design_1_i/ps7_0_axi_periph/s00_couplers/auto_pc/inst/gen_axilite.gen_b2s_conv.axilite_b2s/areset_d1                                |                2 |              5 |
|  design_1_i/processing_system7_0/inst/FCLK_CLK0                                   | design_1_i/interface_DAC8551_1/inst/deb_transmission                                                                                                           | design_1_i/interface_DAC8551_1/inst/cpt_clk[4]_i_1_n_0                                                                              |                2 |              5 |
|  design_1_i/processing_system7_0/inst/FCLK_CLK0                                   | design_1_i/rst_ps7_0_100M/U0/SEQ/seq_cnt_en                                                                                                                    | design_1_i/rst_ps7_0_100M/U0/SEQ/SEQ_COUNTER/clear                                                                                  |                1 |              6 |
|  design_1_i/processing_system7_0/inst/FCLK_CLK0                                   | design_1_i/FIR_3/inst/FIR_RAM_v1_0_S00_AXI_inst/slv_reg1[5]_i_1_n_0                                                                                            | design_1_i/FIR_3/inst/FIR_RAM_v1_0_S00_AXI_inst/filtre/SR[0]                                                                        |                2 |              6 |
|  design_1_i/processing_system7_0/inst/FCLK_CLK0                                   | design_1_i/FIR_0/inst/FIR_RAM_v1_0_S00_AXI_inst/slv_reg1[5]_i_1_n_0                                                                                            | design_1_i/FIR_0/inst/FIR_RAM_v1_0_S00_AXI_inst/filtre/SR[0]                                                                        |                1 |              6 |
|  design_1_i/processing_system7_0/inst/FCLK_CLK0                                   | design_1_i/FIR_2/inst/FIR_RAM_v1_0_S00_AXI_inst/slv_reg1[5]_i_1_n_0                                                                                            | design_1_i/FIR_2/inst/FIR_RAM_v1_0_S00_AXI_inst/filtre/SR[0]                                                                        |                3 |              6 |
|  design_1_i/processing_system7_0/inst/FCLK_CLK0                                   |                                                                                                                                                                | design_1_i/GyrocsopeSPI_0/U0/capteurDistanceUltrason_v1_0_S00_AXI_inst/capteur_inst/SR[0]                                           |                2 |              6 |
|  design_1_i/processing_system7_0/inst/FCLK_CLK0                                   | design_1_i/FIR_1/inst/FIR_RAM_v1_0_S00_AXI_inst/slv_reg1[5]_i_1_n_0                                                                                            | design_1_i/FIR_1/inst/FIR_RAM_v1_0_S00_AXI_inst/filtre/SR[0]                                                                        |                2 |              6 |
|  design_1_i/processing_system7_0/inst/FCLK_CLK0                                   | design_1_i/FIR_0/inst/FIR_RAM_v1_0_S00_AXI_inst/p_1_in[15]                                                                                                     | design_1_i/FIR_0/inst/FIR_RAM_v1_0_S00_AXI_inst/filtre/SR[0]                                                                        |                4 |              8 |
|  design_1_i/processing_system7_0/inst/FCLK_CLK0                                   | design_1_i/FIR_2/inst/FIR_RAM_v1_0_S00_AXI_inst/p_1_in[15]                                                                                                     | design_1_i/FIR_2/inst/FIR_RAM_v1_0_S00_AXI_inst/filtre/SR[0]                                                                        |                1 |              8 |
|  design_1_i/processing_system7_0/inst/FCLK_CLK0                                   | design_1_i/pmod_audio_0/U0/pmod_audio_v1_0_S00_AXI_inst/slv_reg2[15]_i_1_n_0                                                                                   | design_1_i/pmod_audio_0/U0/pmod_audio_v1_0_S00_AXI_inst/axi_awready_i_1_n_0                                                         |                1 |              8 |
|  design_1_i/processing_system7_0/inst/FCLK_CLK0                                   | design_1_i/ps7_0_axi_periph/s00_couplers/auto_pc/inst/gen_axilite.gen_b2s_conv.axilite_b2s/WR.b_channel_0/mhandshake_r                                         | design_1_i/ps7_0_axi_periph/s00_couplers/auto_pc/inst/gen_axilite.gen_b2s_conv.axilite_b2s/WR.b_channel_0/bid_fifo_0/SR[0]          |                3 |              8 |
|  design_1_i/processing_system7_0/inst/FCLK_CLK0                                   | design_1_i/pmod_audio_0/U0/pmod_audio_v1_0_S00_AXI_inst/slv_reg2[23]_i_1_n_0                                                                                   | design_1_i/pmod_audio_0/U0/pmod_audio_v1_0_S00_AXI_inst/axi_awready_i_1_n_0                                                         |                3 |              8 |
|  design_1_i/processing_system7_0/inst/FCLK_CLK0                                   | design_1_i/pmod_audio_0/U0/pmod_audio_v1_0_S00_AXI_inst/slv_reg2[31]_i_1_n_0                                                                                   | design_1_i/pmod_audio_0/U0/pmod_audio_v1_0_S00_AXI_inst/axi_awready_i_1_n_0                                                         |                2 |              8 |
|  design_1_i/processing_system7_0/inst/FCLK_CLK0                                   | design_1_i/pmod_audio_0/U0/pmod_audio_v1_0_S00_AXI_inst/slv_reg2[7]_i_1_n_0                                                                                    | design_1_i/pmod_audio_0/U0/pmod_audio_v1_0_S00_AXI_inst/axi_awready_i_1_n_0                                                         |                2 |              8 |
|  design_1_i/processing_system7_0/inst/FCLK_CLK0                                   | design_1_i/pmod_audio_0/U0/pmod_audio_v1_0_S00_AXI_inst/slv_reg3[15]_i_1_n_0                                                                                   | design_1_i/pmod_audio_0/U0/pmod_audio_v1_0_S00_AXI_inst/axi_awready_i_1_n_0                                                         |                1 |              8 |
|  design_1_i/processing_system7_0/inst/FCLK_CLK0                                   | design_1_i/pmod_audio_0/U0/pmod_audio_v1_0_S00_AXI_inst/slv_reg3[23]_i_1_n_0                                                                                   | design_1_i/pmod_audio_0/U0/pmod_audio_v1_0_S00_AXI_inst/axi_awready_i_1_n_0                                                         |                4 |              8 |
|  design_1_i/processing_system7_0/inst/FCLK_CLK0                                   | design_1_i/FIR_0/inst/FIR_RAM_v1_0_S00_AXI_inst/p_1_in[31]                                                                                                     | design_1_i/FIR_0/inst/FIR_RAM_v1_0_S00_AXI_inst/filtre/SR[0]                                                                        |                5 |              8 |
|  design_1_i/processing_system7_0/inst/FCLK_CLK0                                   | design_1_i/FIR_0/inst/FIR_RAM_v1_0_S00_AXI_inst/p_1_in[23]                                                                                                     | design_1_i/FIR_0/inst/FIR_RAM_v1_0_S00_AXI_inst/filtre/SR[0]                                                                        |                2 |              8 |
|  design_1_i/processing_system7_0/inst/FCLK_CLK0                                   | design_1_i/FIR_2/inst/FIR_RAM_v1_0_S00_AXI_inst/p_1_in[7]                                                                                                      | design_1_i/FIR_2/inst/FIR_RAM_v1_0_S00_AXI_inst/filtre/SR[0]                                                                        |                3 |              8 |
|  design_1_i/processing_system7_0/inst/FCLK_CLK0                                   | design_1_i/pmod_audio_0/U0/pmod_audio_v1_0_S00_AXI_inst/slv_reg1[31]_i_1_n_0                                                                                   | design_1_i/pmod_audio_0/U0/pmod_audio_v1_0_S00_AXI_inst/axi_awready_i_1_n_0                                                         |                2 |              8 |
|  design_1_i/processing_system7_0/inst/FCLK_CLK0                                   | design_1_i/FIR_0/inst/FIR_RAM_v1_0_S00_AXI_inst/p_1_in[7]                                                                                                      | design_1_i/FIR_0/inst/FIR_RAM_v1_0_S00_AXI_inst/filtre/SR[0]                                                                        |                1 |              8 |
|  design_1_i/processing_system7_0/inst/FCLK_CLK0                                   | design_1_i/pmod_audio_0/U0/pmod_audio_v1_0_S00_AXI_inst/slv_reg3[31]_i_1_n_0                                                                                   | design_1_i/pmod_audio_0/U0/pmod_audio_v1_0_S00_AXI_inst/axi_awready_i_1_n_0                                                         |                1 |              8 |
|  design_1_i/processing_system7_0/inst/FCLK_CLK0                                   | design_1_i/FIR_0/inst/FIR_RAM_v1_0_S00_AXI_inst/slv_reg0[7]_i_1_n_0                                                                                            | design_1_i/FIR_0/inst/FIR_RAM_v1_0_S00_AXI_inst/filtre/SR[0]                                                                        |                3 |              8 |
|  design_1_i/processing_system7_0/inst/FCLK_CLK0                                   | design_1_i/FIR_0/inst/FIR_RAM_v1_0_S00_AXI_inst/slv_reg0[23]_i_1_n_0                                                                                           | design_1_i/FIR_0/inst/FIR_RAM_v1_0_S00_AXI_inst/filtre/SR[0]                                                                        |                3 |              8 |
|  design_1_i/processing_system7_0/inst/FCLK_CLK0                                   | design_1_i/pmod_audio_0/U0/pmod_audio_v1_0_S00_AXI_inst/slv_reg3[7]_i_1_n_0                                                                                    | design_1_i/pmod_audio_0/U0/pmod_audio_v1_0_S00_AXI_inst/axi_awready_i_1_n_0                                                         |                2 |              8 |
|  design_1_i/processing_system7_0/inst/FCLK_CLK0                                   | design_1_i/FIR_0/inst/FIR_RAM_v1_0_S00_AXI_inst/slv_reg0[15]_i_1_n_0                                                                                           | design_1_i/FIR_0/inst/FIR_RAM_v1_0_S00_AXI_inst/filtre/SR[0]                                                                        |                2 |              8 |
|  design_1_i/processing_system7_0/inst/FCLK_CLK0                                   | design_1_i/FIR_0/inst/FIR_RAM_v1_0_S00_AXI_inst/slv_reg0[31]_i_1_n_0                                                                                           | design_1_i/FIR_0/inst/FIR_RAM_v1_0_S00_AXI_inst/filtre/SR[0]                                                                        |                2 |              8 |
|  design_1_i/processing_system7_0/inst/FCLK_CLK0                                   | design_1_i/FIR_2/inst/FIR_RAM_v1_0_S00_AXI_inst/p_1_in[31]                                                                                                     | design_1_i/FIR_2/inst/FIR_RAM_v1_0_S00_AXI_inst/filtre/SR[0]                                                                        |                2 |              8 |
|  design_1_i/processing_system7_0/inst/FCLK_CLK0                                   | design_1_i/FIR_2/inst/FIR_RAM_v1_0_S00_AXI_inst/p_1_in[23]                                                                                                     | design_1_i/FIR_2/inst/FIR_RAM_v1_0_S00_AXI_inst/filtre/SR[0]                                                                        |                1 |              8 |
|  design_1_i/processing_system7_0/inst/FCLK_CLK0                                   | design_1_i/mongyrocopse_0/U0/mongyrocopse_v1_0_S00_AXI_inst/slv_reg0[31]_i_1_n_0                                                                               | design_1_i/mongyrocopse_0/U0/mongyrocopse_v1_0_S00_AXI_inst/axi_awready_i_1_n_0                                                     |                1 |              8 |
|  design_1_i/processing_system7_0/inst/FCLK_CLK0                                   | design_1_i/mongyrocopse_0/U0/mongyrocopse_v1_0_S00_AXI_inst/slv_reg3[23]_i_1_n_0                                                                               | design_1_i/mongyrocopse_0/U0/mongyrocopse_v1_0_S00_AXI_inst/axi_awready_i_1_n_0                                                     |                2 |              8 |
|  design_1_i/processing_system7_0/inst/FCLK_CLK0                                   | design_1_i/mongyrocopse_0/U0/mongyrocopse_v1_0_S00_AXI_inst/slv_reg3[15]_i_1_n_0                                                                               | design_1_i/mongyrocopse_0/U0/mongyrocopse_v1_0_S00_AXI_inst/axi_awready_i_1_n_0                                                     |                1 |              8 |
|  design_1_i/processing_system7_0/inst/FCLK_CLK0                                   | design_1_i/mongyrocopse_0/U0/mongyrocopse_v1_0_S00_AXI_inst/slv_reg2[7]_i_1_n_0                                                                                | design_1_i/mongyrocopse_0/U0/mongyrocopse_v1_0_S00_AXI_inst/axi_awready_i_1_n_0                                                     |                1 |              8 |
|  design_1_i/processing_system7_0/inst/FCLK_CLK0                                   | design_1_i/mongyrocopse_0/U0/mongyrocopse_v1_0_S00_AXI_inst/slv_reg2[31]_i_1_n_0                                                                               | design_1_i/mongyrocopse_0/U0/mongyrocopse_v1_0_S00_AXI_inst/axi_awready_i_1_n_0                                                     |                1 |              8 |
|  design_1_i/processing_system7_0/inst/FCLK_CLK0                                   | design_1_i/mongyrocopse_0/U0/mongyrocopse_v1_0_S00_AXI_inst/slv_reg2[23]_i_1_n_0                                                                               | design_1_i/mongyrocopse_0/U0/mongyrocopse_v1_0_S00_AXI_inst/axi_awready_i_1_n_0                                                     |                5 |              8 |
|  design_1_i/processing_system7_0/inst/FCLK_CLK0                                   | design_1_i/mongyrocopse_0/U0/mongyrocopse_v1_0_S00_AXI_inst/slv_reg2[15]_i_1_n_0                                                                               | design_1_i/mongyrocopse_0/U0/mongyrocopse_v1_0_S00_AXI_inst/axi_awready_i_1_n_0                                                     |                1 |              8 |
|  design_1_i/processing_system7_0/inst/FCLK_CLK0                                   | design_1_i/mongyrocopse_0/U0/mongyrocopse_v1_0_S00_AXI_inst/slv_reg1[7]_i_1_n_0                                                                                | design_1_i/mongyrocopse_0/U0/mongyrocopse_v1_0_S00_AXI_inst/axi_awready_i_1_n_0                                                     |                2 |              8 |
|  design_1_i/processing_system7_0/inst/FCLK_CLK0                                   | design_1_i/mongyrocopse_0/U0/mongyrocopse_v1_0_S00_AXI_inst/slv_reg1[31]_i_1_n_0                                                                               | design_1_i/mongyrocopse_0/U0/mongyrocopse_v1_0_S00_AXI_inst/axi_awready_i_1_n_0                                                     |                1 |              8 |
|  design_1_i/processing_system7_0/inst/FCLK_CLK0                                   | design_1_i/mongyrocopse_0/U0/mongyrocopse_v1_0_S00_AXI_inst/slv_reg1[23]_i_1_n_0                                                                               | design_1_i/mongyrocopse_0/U0/mongyrocopse_v1_0_S00_AXI_inst/axi_awready_i_1_n_0                                                     |                2 |              8 |
|  design_1_i/processing_system7_0/inst/FCLK_CLK0                                   | design_1_i/mongyrocopse_0/U0/mongyrocopse_v1_0_S00_AXI_inst/slv_reg1[15]_i_1_n_0                                                                               | design_1_i/mongyrocopse_0/U0/mongyrocopse_v1_0_S00_AXI_inst/axi_awready_i_1_n_0                                                     |                2 |              8 |
|  design_1_i/processing_system7_0/inst/FCLK_CLK0                                   | design_1_i/mongyrocopse_0/U0/mongyrocopse_v1_0_S00_AXI_inst/slv_reg0[7]_i_1_n_0                                                                                | design_1_i/mongyrocopse_0/U0/mongyrocopse_v1_0_S00_AXI_inst/axi_awready_i_1_n_0                                                     |                2 |              8 |
|  design_1_i/processing_system7_0/inst/FCLK_CLK0                                   | design_1_i/pmod_audio_0/U0/pmod_audio_v1_0_S00_AXI_inst/slv_reg1[7]_i_1_n_0                                                                                    | design_1_i/pmod_audio_0/U0/pmod_audio_v1_0_S00_AXI_inst/axi_awready_i_1_n_0                                                         |                3 |              8 |
|  design_1_i/processing_system7_0/inst/FCLK_CLK0                                   | design_1_i/mongyrocopse_0/U0/mongyrocopse_v1_0_S00_AXI_inst/slv_reg0[23]_i_1_n_0                                                                               | design_1_i/mongyrocopse_0/U0/mongyrocopse_v1_0_S00_AXI_inst/axi_awready_i_1_n_0                                                     |                4 |              8 |
|  design_1_i/processing_system7_0/inst/FCLK_CLK0                                   | design_1_i/mongyrocopse_0/U0/mongyrocopse_v1_0_S00_AXI_inst/slv_reg0[15]_i_1_n_0                                                                               | design_1_i/mongyrocopse_0/U0/mongyrocopse_v1_0_S00_AXI_inst/axi_awready_i_1_n_0                                                     |                3 |              8 |
|  design_1_i/processing_system7_0/inst/FCLK_CLK0                                   | design_1_i/mongyrocopse_0/U0/mongyrocopse_v1_0_S00_AXI_inst/slv_reg3[31]_i_1_n_0                                                                               | design_1_i/mongyrocopse_0/U0/mongyrocopse_v1_0_S00_AXI_inst/axi_awready_i_1_n_0                                                     |                2 |              8 |
|  design_1_i/processing_system7_0/inst/FCLK_CLK0                                   | design_1_i/mongyrocopse_0/U0/mongyrocopse_v1_0_S00_AXI_inst/slv_reg3[7]_i_1_n_0                                                                                | design_1_i/mongyrocopse_0/U0/mongyrocopse_v1_0_S00_AXI_inst/axi_awready_i_1_n_0                                                     |                2 |              8 |
|  design_1_i/processing_system7_0/inst/FCLK_CLK0                                   | design_1_i/pmod_audio_0/U0/pmod_audio_v1_0_S00_AXI_inst/slv_reg0[15]_i_1_n_0                                                                                   | design_1_i/pmod_audio_0/U0/pmod_audio_v1_0_S00_AXI_inst/axi_awready_i_1_n_0                                                         |                2 |              8 |
|  design_1_i/processing_system7_0/inst/FCLK_CLK0                                   | design_1_i/pmod_audio_0/U0/pmod_audio_v1_0_S00_AXI_inst/slv_reg0[23]_i_1_n_0                                                                                   | design_1_i/pmod_audio_0/U0/pmod_audio_v1_0_S00_AXI_inst/axi_awready_i_1_n_0                                                         |                3 |              8 |
|  design_1_i/processing_system7_0/inst/FCLK_CLK0                                   | design_1_i/pmod_audio_0/U0/pmod_audio_v1_0_S00_AXI_inst/slv_reg0[31]_i_1_n_0                                                                                   | design_1_i/pmod_audio_0/U0/pmod_audio_v1_0_S00_AXI_inst/axi_awready_i_1_n_0                                                         |                3 |              8 |
|  design_1_i/processing_system7_0/inst/FCLK_CLK0                                   | design_1_i/pmod_audio_0/U0/pmod_audio_v1_0_S00_AXI_inst/slv_reg0[7]_i_1_n_0                                                                                    | design_1_i/pmod_audio_0/U0/pmod_audio_v1_0_S00_AXI_inst/axi_awready_i_1_n_0                                                         |                4 |              8 |
|  design_1_i/processing_system7_0/inst/FCLK_CLK0                                   | design_1_i/pmod_audio_0/U0/pmod_audio_v1_0_S00_AXI_inst/slv_reg1[15]_i_1_n_0                                                                                   | design_1_i/pmod_audio_0/U0/pmod_audio_v1_0_S00_AXI_inst/axi_awready_i_1_n_0                                                         |                2 |              8 |
|  design_1_i/processing_system7_0/inst/FCLK_CLK0                                   | design_1_i/pmod_audio_0/U0/pmod_audio_v1_0_S00_AXI_inst/slv_reg1[23]_i_1_n_0                                                                                   | design_1_i/pmod_audio_0/U0/pmod_audio_v1_0_S00_AXI_inst/axi_awready_i_1_n_0                                                         |                4 |              8 |
|  design_1_i/processing_system7_0/inst/FCLK_CLK0                                   | design_1_i/pmod_audio_1/U0/pmod_audio_v1_0_S00_AXI_inst/slv_reg1[15]_i_1_n_0                                                                                   | design_1_i/pmod_audio_1/U0/pmod_audio_v1_0_S00_AXI_inst/axi_awready_i_1_n_0                                                         |                2 |              8 |
|  design_1_i/processing_system7_0/inst/FCLK_CLK2                                   | design_1_i/FIR_0/inst/FIR_RAM_v1_0_S00_AXI_inst/filtre/machine_d_etat[3]_i_1_n_0                                                                               | design_1_i/FIR_0/inst/FIR_RAM_v1_0_S00_AXI_inst/filtre/SR[0]                                                                        |                2 |              8 |
|  design_1_i/processing_system7_0/inst/FCLK_CLK0                                   | design_1_i/pmod_audio_1/U0/pmod_audio_v1_0_S00_AXI_inst/slv_reg3[7]_i_1_n_0                                                                                    | design_1_i/pmod_audio_1/U0/pmod_audio_v1_0_S00_AXI_inst/axi_awready_i_1_n_0                                                         |                2 |              8 |
|  design_1_i/processing_system7_0/inst/FCLK_CLK0                                   | design_1_i/pmod_audio_1/U0/pmod_audio_v1_0_S00_AXI_inst/slv_reg3[31]_i_1_n_0                                                                                   | design_1_i/pmod_audio_1/U0/pmod_audio_v1_0_S00_AXI_inst/axi_awready_i_1_n_0                                                         |                2 |              8 |
|  design_1_i/processing_system7_0/inst/FCLK_CLK0                                   | design_1_i/pmod_audio_1/U0/pmod_audio_v1_0_S00_AXI_inst/slv_reg3[23]_i_1_n_0                                                                                   | design_1_i/pmod_audio_1/U0/pmod_audio_v1_0_S00_AXI_inst/axi_awready_i_1_n_0                                                         |                3 |              8 |
|  design_1_i/processing_system7_0/inst/FCLK_CLK0                                   | design_1_i/pmod_audio_1/U0/pmod_audio_v1_0_S00_AXI_inst/slv_reg3[15]_i_1_n_0                                                                                   | design_1_i/pmod_audio_1/U0/pmod_audio_v1_0_S00_AXI_inst/axi_awready_i_1_n_0                                                         |                3 |              8 |
|  design_1_i/processing_system7_0/inst/FCLK_CLK0                                   | design_1_i/pmod_audio_1/U0/pmod_audio_v1_0_S00_AXI_inst/slv_reg2[7]_i_1_n_0                                                                                    | design_1_i/pmod_audio_1/U0/pmod_audio_v1_0_S00_AXI_inst/axi_awready_i_1_n_0                                                         |                1 |              8 |
|  design_1_i/processing_system7_0/inst/FCLK_CLK0                                   | design_1_i/FIR_2/inst/FIR_RAM_v1_0_S00_AXI_inst/slv_reg0[7]_i_1_n_0                                                                                            | design_1_i/FIR_2/inst/FIR_RAM_v1_0_S00_AXI_inst/filtre/SR[0]                                                                        |                2 |              8 |
|  design_1_i/processing_system7_0/inst/FCLK_CLK0                                   | design_1_i/pmod_audio_1/U0/pmod_audio_v1_0_S00_AXI_inst/slv_reg2[31]_i_1_n_0                                                                                   | design_1_i/pmod_audio_1/U0/pmod_audio_v1_0_S00_AXI_inst/axi_awready_i_1_n_0                                                         |                2 |              8 |
|  design_1_i/processing_system7_0/inst/FCLK_CLK0                                   | design_1_i/pmod_audio_1/U0/pmod_audio_v1_0_S00_AXI_inst/slv_reg2[23]_i_1_n_0                                                                                   | design_1_i/pmod_audio_1/U0/pmod_audio_v1_0_S00_AXI_inst/axi_awready_i_1_n_0                                                         |                1 |              8 |
|  design_1_i/processing_system7_0/inst/FCLK_CLK0                                   | design_1_i/pmod_audio_1/U0/pmod_audio_v1_0_S00_AXI_inst/slv_reg2[15]_i_1_n_0                                                                                   | design_1_i/pmod_audio_1/U0/pmod_audio_v1_0_S00_AXI_inst/axi_awready_i_1_n_0                                                         |                4 |              8 |
|  design_1_i/processing_system7_0/inst/FCLK_CLK0                                   | design_1_i/pmod_audio_1/U0/pmod_audio_v1_0_S00_AXI_inst/slv_reg1[7]_i_1_n_0                                                                                    | design_1_i/pmod_audio_1/U0/pmod_audio_v1_0_S00_AXI_inst/axi_awready_i_1_n_0                                                         |                1 |              8 |
|  design_1_i/processing_system7_0/inst/FCLK_CLK0                                   | design_1_i/pmod_audio_1/U0/pmod_audio_v1_0_S00_AXI_inst/slv_reg1[31]_i_1_n_0                                                                                   | design_1_i/pmod_audio_1/U0/pmod_audio_v1_0_S00_AXI_inst/axi_awready_i_1_n_0                                                         |                2 |              8 |
|  design_1_i/processing_system7_0/inst/FCLK_CLK0                                   | design_1_i/pmod_audio_1/U0/pmod_audio_v1_0_S00_AXI_inst/slv_reg1[23]_i_1_n_0                                                                                   | design_1_i/pmod_audio_1/U0/pmod_audio_v1_0_S00_AXI_inst/axi_awready_i_1_n_0                                                         |                3 |              8 |
|  design_1_i/processing_system7_0/inst/FCLK_CLK0                                   |                                                                                                                                                                | design_1_i/FIR_3/inst/FIR_RAM_v1_0_S00_AXI_inst/filtre/SR[0]                                                                        |                3 |              8 |
|  design_1_i/processing_system7_0/inst/FCLK_CLK0                                   | design_1_i/pmod_audio_1/U0/pmod_audio_v1_0_S00_AXI_inst/slv_reg0[7]_i_1_n_0                                                                                    | design_1_i/pmod_audio_1/U0/pmod_audio_v1_0_S00_AXI_inst/axi_awready_i_1_n_0                                                         |                2 |              8 |
|  design_1_i/processing_system7_0/inst/FCLK_CLK0                                   | design_1_i/pmod_audio_1/U0/pmod_audio_v1_0_S00_AXI_inst/slv_reg0[31]_i_1_n_0                                                                                   | design_1_i/pmod_audio_1/U0/pmod_audio_v1_0_S00_AXI_inst/axi_awready_i_1_n_0                                                         |                1 |              8 |
|  design_1_i/processing_system7_0/inst/FCLK_CLK0                                   | design_1_i/pmod_audio_1/U0/pmod_audio_v1_0_S00_AXI_inst/slv_reg0[23]_i_1_n_0                                                                                   | design_1_i/pmod_audio_1/U0/pmod_audio_v1_0_S00_AXI_inst/axi_awready_i_1_n_0                                                         |                1 |              8 |
|  design_1_i/processing_system7_0/inst/FCLK_CLK0                                   | design_1_i/pmod_audio_1/U0/pmod_audio_v1_0_S00_AXI_inst/slv_reg0[15]_i_1_n_0                                                                                   | design_1_i/pmod_audio_1/U0/pmod_audio_v1_0_S00_AXI_inst/axi_awready_i_1_n_0                                                         |                3 |              8 |
|  design_1_i/processing_system7_0/inst/FCLK_CLK0                                   | design_1_i/FIR_1/inst/FIR_RAM_v1_0_S00_AXI_inst/p_1_in[31]                                                                                                     | design_1_i/FIR_1/inst/FIR_RAM_v1_0_S00_AXI_inst/filtre/SR[0]                                                                        |                1 |              8 |
|  design_1_i/processing_system7_0/inst/FCLK_CLK0                                   | design_1_i/FIR_1/inst/FIR_RAM_v1_0_S00_AXI_inst/p_1_in[23]                                                                                                     | design_1_i/FIR_1/inst/FIR_RAM_v1_0_S00_AXI_inst/filtre/SR[0]                                                                        |                2 |              8 |
|  design_1_i/processing_system7_0/inst/FCLK_CLK0                                   | design_1_i/FIR_1/inst/FIR_RAM_v1_0_S00_AXI_inst/p_1_in[15]                                                                                                     | design_1_i/FIR_1/inst/FIR_RAM_v1_0_S00_AXI_inst/filtre/SR[0]                                                                        |                1 |              8 |
|  design_1_i/processing_system7_0/inst/FCLK_CLK0                                   | design_1_i/FIR_1/inst/FIR_RAM_v1_0_S00_AXI_inst/p_1_in[7]                                                                                                      | design_1_i/FIR_1/inst/FIR_RAM_v1_0_S00_AXI_inst/filtre/SR[0]                                                                        |                1 |              8 |
|  design_1_i/processing_system7_0/inst/FCLK_CLK0                                   | design_1_i/FIR_1/inst/FIR_RAM_v1_0_S00_AXI_inst/slv_reg0[7]_i_1_n_0                                                                                            | design_1_i/FIR_1/inst/FIR_RAM_v1_0_S00_AXI_inst/filtre/SR[0]                                                                        |                3 |              8 |
|  design_1_i/processing_system7_0/inst/FCLK_CLK0                                   | design_1_i/FIR_1/inst/FIR_RAM_v1_0_S00_AXI_inst/slv_reg0[31]_i_1_n_0                                                                                           | design_1_i/FIR_1/inst/FIR_RAM_v1_0_S00_AXI_inst/filtre/SR[0]                                                                        |                3 |              8 |
|  design_1_i/processing_system7_0/inst/FCLK_CLK0                                   | design_1_i/FIR_1/inst/FIR_RAM_v1_0_S00_AXI_inst/slv_reg0[23]_i_1_n_0                                                                                           | design_1_i/FIR_1/inst/FIR_RAM_v1_0_S00_AXI_inst/filtre/SR[0]                                                                        |                2 |              8 |
|  design_1_i/processing_system7_0/inst/FCLK_CLK0                                   | design_1_i/FIR_1/inst/FIR_RAM_v1_0_S00_AXI_inst/slv_reg0[15]_i_1_n_0                                                                                           | design_1_i/FIR_1/inst/FIR_RAM_v1_0_S00_AXI_inst/filtre/SR[0]                                                                        |                3 |              8 |
|  design_1_i/processing_system7_0/inst/FCLK_CLK0                                   | design_1_i/FIR_3/inst/FIR_RAM_v1_0_S00_AXI_inst/p_1_in[31]                                                                                                     | design_1_i/FIR_3/inst/FIR_RAM_v1_0_S00_AXI_inst/filtre/SR[0]                                                                        |                6 |              8 |
|  design_1_i/processing_system7_0/inst/FCLK_CLK0                                   | design_1_i/FIR_3/inst/FIR_RAM_v1_0_S00_AXI_inst/slv_reg0[7]_i_1_n_0                                                                                            | design_1_i/FIR_3/inst/FIR_RAM_v1_0_S00_AXI_inst/filtre/SR[0]                                                                        |                2 |              8 |
|  design_1_i/processing_system7_0/inst/FCLK_CLK0                                   | design_1_i/FIR_3/inst/FIR_RAM_v1_0_S00_AXI_inst/slv_reg0[31]_i_1_n_0                                                                                           | design_1_i/FIR_3/inst/FIR_RAM_v1_0_S00_AXI_inst/filtre/SR[0]                                                                        |                2 |              8 |
|  design_1_i/processing_system7_0/inst/FCLK_CLK0                                   | design_1_i/FIR_3/inst/FIR_RAM_v1_0_S00_AXI_inst/slv_reg0[23]_i_1_n_0                                                                                           | design_1_i/FIR_3/inst/FIR_RAM_v1_0_S00_AXI_inst/filtre/SR[0]                                                                        |                3 |              8 |
|  design_1_i/processing_system7_0/inst/FCLK_CLK0                                   |                                                                                                                                                                | design_1_i/FIR_0/inst/FIR_RAM_v1_0_S00_AXI_inst/filtre/SR[0]                                                                        |                3 |              8 |
|  design_1_i/processing_system7_0/inst/FCLK_CLK0                                   | design_1_i/FIR_3/inst/FIR_RAM_v1_0_S00_AXI_inst/slv_reg0[15]_i_1_n_0                                                                                           | design_1_i/FIR_3/inst/FIR_RAM_v1_0_S00_AXI_inst/filtre/SR[0]                                                                        |                3 |              8 |
|  design_1_i/processing_system7_0/inst/FCLK_CLK0                                   | design_1_i/gainNvoies_0/U0/gainNvoies_v1_0_S00_AXI_inst/slv_reg1[7]_i_1_n_0                                                                                    | design_1_i/gainNvoies_0/U0/gainNvoies_v1_0_S00_AXI_inst/gain1_inst/ACTIVE_LOW_PR_OUT_DFF[0].FDRE_PER_N                              |                2 |              8 |
|  design_1_i/processing_system7_0/inst/FCLK_CLK0                                   | design_1_i/FIR_3/inst/FIR_RAM_v1_0_S00_AXI_inst/p_1_in[7]                                                                                                      | design_1_i/FIR_3/inst/FIR_RAM_v1_0_S00_AXI_inst/filtre/SR[0]                                                                        |                4 |              8 |
|  design_1_i/processing_system7_0/inst/FCLK_CLK0                                   | design_1_i/FIR_3/inst/FIR_RAM_v1_0_S00_AXI_inst/p_1_in[15]                                                                                                     | design_1_i/FIR_3/inst/FIR_RAM_v1_0_S00_AXI_inst/filtre/SR[0]                                                                        |                2 |              8 |
|  design_1_i/processing_system7_0/inst/FCLK_CLK0                                   | design_1_i/FIR_3/inst/FIR_RAM_v1_0_S00_AXI_inst/p_1_in[23]                                                                                                     | design_1_i/FIR_3/inst/FIR_RAM_v1_0_S00_AXI_inst/filtre/SR[0]                                                                        |                1 |              8 |
|  design_1_i/processing_system7_0/inst/FCLK_CLK2                                   | design_1_i/FIR_3/inst/FIR_RAM_v1_0_S00_AXI_inst/filtre/machine_d_etat[3]_i_1_n_0                                                                               | design_1_i/FIR_3/inst/FIR_RAM_v1_0_S00_AXI_inst/filtre/SR[0]                                                                        |                2 |              8 |
|  design_1_i/processing_system7_0/inst/FCLK_CLK2                                   | design_1_i/FIR_2/inst/FIR_RAM_v1_0_S00_AXI_inst/filtre/machine_d_etat[3]_i_1_n_0                                                                               | design_1_i/FIR_2/inst/FIR_RAM_v1_0_S00_AXI_inst/filtre/SR[0]                                                                        |                2 |              8 |
|  design_1_i/processing_system7_0/inst/FCLK_CLK2                                   | design_1_i/FIR_1/inst/FIR_RAM_v1_0_S00_AXI_inst/filtre/machine_d_etat[3]_i_1_n_0                                                                               | design_1_i/FIR_1/inst/FIR_RAM_v1_0_S00_AXI_inst/filtre/SR[0]                                                                        |                2 |              8 |
|  design_1_i/processing_system7_0/inst/FCLK_CLK0                                   |                                                                                                                                                                | design_1_i/FIR_2/inst/FIR_RAM_v1_0_S00_AXI_inst/filtre/SR[0]                                                                        |                3 |              8 |
|  design_1_i/processing_system7_0/inst/FCLK_CLK0                                   |                                                                                                                                                                | design_1_i/gainNvoies_0/U0/gainNvoies_v1_0_S00_AXI_inst/gain1_inst/ACTIVE_LOW_PR_OUT_DFF[0].FDRE_PER_N                              |                3 |              8 |
|  design_1_i/processing_system7_0/inst/FCLK_CLK0                                   | design_1_i/FIR_2/inst/FIR_RAM_v1_0_S00_AXI_inst/slv_reg0[15]_i_1_n_0                                                                                           | design_1_i/FIR_2/inst/FIR_RAM_v1_0_S00_AXI_inst/filtre/SR[0]                                                                        |                4 |              8 |
|  design_1_i/processing_system7_0/inst/FCLK_CLK0                                   | design_1_i/FIR_2/inst/FIR_RAM_v1_0_S00_AXI_inst/slv_reg0[23]_i_1_n_0                                                                                           | design_1_i/FIR_2/inst/FIR_RAM_v1_0_S00_AXI_inst/filtre/SR[0]                                                                        |                2 |              8 |
|  design_1_i/processing_system7_0/inst/FCLK_CLK0                                   | design_1_i/FIR_2/inst/FIR_RAM_v1_0_S00_AXI_inst/slv_reg0[31]_i_1_n_0                                                                                           | design_1_i/FIR_2/inst/FIR_RAM_v1_0_S00_AXI_inst/filtre/SR[0]                                                                        |                2 |              8 |
|  design_1_i/processing_system7_0/inst/FCLK_CLK0                                   |                                                                                                                                                                | design_1_i/FIR_1/inst/FIR_RAM_v1_0_S00_AXI_inst/filtre/SR[0]                                                                        |                3 |              8 |
|  design_1_i/processing_system7_0/inst/FCLK_CLK0                                   |                                                                                                                                                                | design_1_i/pmod_audio_0/U0/pmod_audio_v1_0_S00_AXI_inst/axi_awready_i_1_n_0                                                         |                4 |              9 |
|  design_1_i/processing_system7_0/inst/FCLK_CLK0                                   |                                                                                                                                                                | design_1_i/pmod_audio_1/U0/pmod_audio_v1_0_S00_AXI_inst/axi_awready_i_1_n_0                                                         |                4 |              9 |
|  design_1_i/processing_system7_0/inst/FCLK_CLK0                                   |                                                                                                                                                                | design_1_i/mongyrocopse_0/U0/mongyrocopse_v1_0_S00_AXI_inst/axi_awready_i_1_n_0                                                     |                3 |             10 |
|  design_1_i/processing_system7_0/inst/FCLK_CLK0                                   |                                                                                                                                                                | design_1_i/ps7_0_axi_periph/s00_couplers/auto_pc/inst/gen_axilite.gen_b2s_conv.axilite_b2s/areset_d1                                |                4 |             10 |
|  design_1_i/processing_system7_0/inst/FCLK_CLK0                                   | design_1_i/ps7_0_axi_periph/s00_couplers/auto_pc/inst/gen_axilite.gen_b2s_conv.axilite_b2s/RD.r_channel_0/r_push_r                                             |                                                                                                                                     |                4 |             13 |
|  design_1_i/processing_system7_0/inst/FCLK_CLK0                                   | design_1_i/ps7_0_axi_periph/s00_couplers/auto_pc/inst/gen_axilite.gen_b2s_conv.axilite_b2s/SI_REG/b.b_pipe/s_ready_i_reg_0                                     |                                                                                                                                     |                2 |             14 |
|  design_1_i/processing_system7_0/inst/FCLK_CLK0                                   | design_1_i/ps7_0_axi_periph/s00_couplers/auto_pc/inst/gen_axilite.gen_b2s_conv.axilite_b2s/SI_REG/b.b_pipe/p_1_in                                              |                                                                                                                                     |                2 |             14 |
|  design_1_i/processing_system7_0/inst/FCLK_CLK0                                   | design_1_i/gainNvoies_0/U0/gainNvoies_v1_0_S00_AXI_inst/slv_reg1[14]_i_1_n_0                                                                                   | design_1_i/gainNvoies_0/U0/gainNvoies_v1_0_S00_AXI_inst/gain1_inst/ACTIVE_LOW_PR_OUT_DFF[0].FDRE_PER_N                              |                6 |             15 |
|  design_1_i/processing_system7_0/inst/FCLK_CLK0                                   | design_1_i/gainNvoies_0/U0/gainNvoies_v1_0_S00_AXI_inst/gain3_inst/sortie_out_3_pret                                                                           |                                                                                                                                     |                6 |             16 |
|  design_1_i/processing_system7_0/inst/FCLK_CLK2                                   | design_1_i/FIR_1/inst/FIR_RAM_v1_0_S00_AXI_inst/filtre/sortie_fir[15]_i_2_n_0                                                                                  | design_1_i/FIR_1/inst/FIR_RAM_v1_0_S00_AXI_inst/filtre/sortie_fir[15]_i_1_n_0                                                       |                3 |             16 |
|  design_1_i/processing_system7_0/inst/FCLK_CLK2                                   | design_1_i/FIR_1/inst/FIR_RAM_v1_0_S00_AXI_inst/filtre/raddrRAM_Coef_0                                                                                         |                                                                                                                                     |                6 |             16 |
|  design_1_i/processing_system7_0/inst/FCLK_CLK0                                   | design_1_i/gainNvoies_0/U0/gainNvoies_v1_0_S00_AXI_inst/gain2_inst/sortie_out_2_pret                                                                           |                                                                                                                                     |                5 |             16 |
|  design_1_i/processing_system7_0/inst/FCLK_CLK0                                   | design_1_i/gainNvoies_0/U0/gainNvoies_v1_0_S00_AXI_inst/gain4_inst/sortie_out_4_pret                                                                           |                                                                                                                                     |                5 |             16 |
|  design_1_i/processing_system7_0/inst/FCLK_CLK2                                   | design_1_i/FIR_0/inst/FIR_RAM_v1_0_S00_AXI_inst/filtre/sortie_fir[15]_i_2_n_0                                                                                  | design_1_i/FIR_0/inst/FIR_RAM_v1_0_S00_AXI_inst/filtre/sortie_fir[15]_i_1_n_0                                                       |                4 |             16 |
|  design_1_i/processing_system7_0/inst/FCLK_CLK0                                   | design_1_i/interface_DAC8551_1/inst/deb_transmission0                                                                                                          |                                                                                                                                     |                5 |             16 |
|  design_1_i/processing_system7_0/inst/FCLK_CLK0                                   | design_1_i/melangeur_0/U0/U0/                                                                                                                                  |                                                                                                                                     |                4 |             16 |
|  design_1_i/processing_system7_0/inst/FCLK_CLK2                                   | design_1_i/FIR_3/inst/FIR_RAM_v1_0_S00_AXI_inst/filtre/sortie_fir[15]_i_2_n_0                                                                                  | design_1_i/FIR_3/inst/FIR_RAM_v1_0_S00_AXI_inst/filtre/sortie_fir[15]_i_1_n_0                                                       |                4 |             16 |
|  design_1_i/processing_system7_0/inst/FCLK_CLK2                                   | design_1_i/FIR_1/inst/FIR_RAM_v1_0_S00_AXI_inst/filtre/dinRAM                                                                                                  |                                                                                                                                     |                3 |             16 |
|  design_1_i/processing_system7_0/inst/FCLK_CLK2                                   | design_1_i/FIR_0/inst/FIR_RAM_v1_0_S00_AXI_inst/filtre/dinRAM                                                                                                  |                                                                                                                                     |                3 |             16 |
|  design_1_i/processing_system7_0/inst/FCLK_CLK0                                   | design_1_i/ps7_0_axi_periph/s00_couplers/auto_pc/inst/gen_axilite.gen_b2s_conv.axilite_b2s/WR.aw_channel_0/aw_cmd_fsm_0/b_push                                 |                                                                                                                                     |                3 |             16 |
|  design_1_i/processing_system7_0/inst/FCLK_CLK2                                   | design_1_i/FIR_3/inst/FIR_RAM_v1_0_S00_AXI_inst/filtre/dinRAM                                                                                                  |                                                                                                                                     |                2 |             16 |
|  design_1_i/processing_system7_0/inst/FCLK_CLK2                                   | design_1_i/FIR_3/inst/FIR_RAM_v1_0_S00_AXI_inst/filtre/raddrRAM_Coef_0                                                                                         |                                                                                                                                     |                4 |             16 |
|  design_1_i/processing_system7_0/inst/FCLK_CLK2                                   | design_1_i/FIR_2/inst/FIR_RAM_v1_0_S00_AXI_inst/filtre/dinRAM                                                                                                  |                                                                                                                                     |                3 |             16 |
|  design_1_i/processing_system7_0/inst/FCLK_CLK0                                   | design_1_i/gainNvoies_0/U0/gainNvoies_v1_0_S00_AXI_inst/gain1_inst/sortie_out_1_pret                                                                           |                                                                                                                                     |                5 |             16 |
|  design_1_i/processing_system7_0/inst/FCLK_CLK2                                   | design_1_i/FIR_2/inst/FIR_RAM_v1_0_S00_AXI_inst/filtre/raddrRAM_Coef_0                                                                                         |                                                                                                                                     |                5 |             16 |
|  design_1_i/processing_system7_0/inst/FCLK_CLK2                                   | design_1_i/FIR_2/inst/FIR_RAM_v1_0_S00_AXI_inst/filtre/sortie_fir[15]_i_2_n_0                                                                                  | design_1_i/FIR_2/inst/FIR_RAM_v1_0_S00_AXI_inst/filtre/sortie_fir[15]_i_1_n_0                                                       |                3 |             16 |
|  design_1_i/processing_system7_0/inst/FCLK_CLK2                                   | design_1_i/PmodMIC3_0/U0/audio_out[15]_i_1_n_0                                                                                                                 |                                                                                                                                     |                3 |             16 |
|  design_1_i/processing_system7_0/inst/FCLK_CLK2                                   | design_1_i/FIR_0/inst/FIR_RAM_v1_0_S00_AXI_inst/filtre/raddrRAM_Coef_0                                                                                         |                                                                                                                                     |                7 |             16 |
|  design_1_i/processing_system7_0/inst/FCLK_CLK0                                   | design_1_i/ps7_0_axi_periph/s00_couplers/auto_pc/inst/gen_axilite.gen_b2s_conv.axilite_b2s/WR.aw_channel_0/aw_cmd_fsm_0/E[0]                                   |                                                                                                                                     |               11 |             18 |
|  design_1_i/processing_system7_0/inst/FCLK_CLK0                                   | design_1_i/ps7_0_axi_periph/s00_couplers/auto_pc/inst/gen_axilite.gen_b2s_conv.axilite_b2s/RD.ar_channel_0/ar_cmd_fsm_0/E[0]                                   |                                                                                                                                     |                9 |             18 |
|  design_1_i/processing_system7_0/inst/FCLK_CLK0                                   |                                                                                                                                                                | design_1_i/ps7_0_axi_periph/xbar/inst/gen_sasd.crossbar_sasd_0/addr_arbiter_inst/reset                                              |                7 |             21 |
|  design_1_i/processing_system7_0/inst/FCLK_CLK0                                   | design_1_i/ps7_0_axi_periph/xbar/inst/gen_sasd.crossbar_sasd_0/addr_arbiter_inst/p_0_in1_in                                                                    | design_1_i/ps7_0_axi_periph/xbar/inst/gen_sasd.crossbar_sasd_0/addr_arbiter_inst/reset                                              |                8 |             22 |
|  design_1_i/processing_system7_0/inst/FCLK_CLK2                                   |                                                                                                                                                                | design_1_i/PmodMIC3_0/U0/cpt[31]_i_1_n_0                                                                                            |                9 |             32 |
|  design_1_i/mongyrocopse_0/mongyrocopse_v1_0_S00_AXI_inst/spi_gyro_inst/horloge_g |                                                                                                                                                                | design_1_i/mongyrocopse_0/U0/mongyrocopse_v1_0_S00_AXI_inst/spi_gyro_inst/inerface_spi_inst/cpt[31]_i_1__0_n_0                      |                9 |             32 |
|  design_1_i/processing_system7_0/inst/FCLK_CLK0                                   | design_1_i/pmod_audio_0/U0/pmod_audio_v1_0_S00_AXI_inst/slv_reg_rden                                                                                           | design_1_i/pmod_audio_0/U0/pmod_audio_v1_0_S00_AXI_inst/axi_awready_i_1_n_0                                                         |               15 |             32 |
|  design_1_i/processing_system7_0/inst/FCLK_CLK0                                   |                                                                                                                                                                | design_1_i/pmod_audio_0/U0/pmod_audio_v1_0_S00_AXI_inst/interfaceCodec_inst/clear                                                   |                8 |             32 |
|  design_1_i/processing_system7_0/inst/FCLK_CLK0                                   |                                                                                                                                                                | design_1_i/pmod_audio_1/U0/pmod_audio_v1_0_S00_AXI_inst/interfaceCodec_inst/clear                                                   |                8 |             32 |
|  design_1_i/processing_system7_0/inst/FCLK_CLK0                                   |                                                                                                                                                                | design_1_i/mongyrocopse_0/U0/mongyrocopse_v1_0_S00_AXI_inst/spi_gyro_inst/cpt[31]_i_1_n_0                                           |                9 |             32 |
|  design_1_i/processing_system7_0/inst/FCLK_CLK0                                   | design_1_i/GyrocsopeSPI_0/U0/capteurDistanceUltrason_v1_0_S00_AXI_inst/slv_reg_rden                                                                            | design_1_i/GyrocsopeSPI_0/U0/capteurDistanceUltrason_v1_0_S00_AXI_inst/capteur_inst/SR[0]                                           |               17 |             32 |
|  design_1_i/processing_system7_0/inst/FCLK_CLK0                                   | design_1_i/GyrocsopeSPI_0/U0/capteurDistanceUltrason_v1_0_S00_AXI_inst/capteur_inst/distance[31]_i_1_n_0                                                       |                                                                                                                                     |                9 |             32 |
|  design_1_i/processing_system7_0/inst/FCLK_CLK0                                   | design_1_i/pmod_audio_1/U0/pmod_audio_v1_0_S00_AXI_inst/slv_reg_rden                                                                                           | design_1_i/pmod_audio_1/U0/pmod_audio_v1_0_S00_AXI_inst/axi_awready_i_1_n_0                                                         |               15 |             32 |
|  design_1_i/processing_system7_0/inst/FCLK_CLK0                                   |                                                                                                                                                                | design_1_i/melangeur_0/U0/p_0_in                                                                                                    |                9 |             32 |
|  design_1_i/processing_system7_0/inst/FCLK_CLK0                                   | design_1_i/GyrocsopeSPI_0/U0/capteurDistanceUltrason_v1_0_S00_AXI_inst/capteur_inst/sortie[31]_i_1_n_0                                                         | design_1_i/GyrocsopeSPI_0/U0/capteurDistanceUltrason_v1_0_S00_AXI_inst/capteur_inst/SR[0]                                           |                7 |             32 |
|  design_1_i/processing_system7_0/inst/FCLK_CLK0                                   |                                                                                                                                                                | design_1_i/GyrocsopeSPI_0/U0/capteurDistanceUltrason_v1_0_S00_AXI_inst/capteur_inst/cpt[0]_i_1_n_0                                  |                8 |             32 |
|  design_1_i/processing_system7_0/inst/FCLK_CLK0                                   | design_1_i/mongyrocopse_0/U0/mongyrocopse_v1_0_S00_AXI_inst/slv_reg_rden                                                                                       | design_1_i/mongyrocopse_0/U0/mongyrocopse_v1_0_S00_AXI_inst/axi_awready_i_1_n_0                                                     |               12 |             32 |
|  design_1_i/processing_system7_0/inst/FCLK_CLK0                                   | design_1_i/ps7_0_axi_periph/s00_couplers/auto_pc/inst/gen_axilite.gen_b2s_conv.axilite_b2s/RD.r_channel_0/rd_data_fifo_0/wr_en0                                |                                                                                                                                     |                9 |             34 |
|  design_1_i/processing_system7_0/inst/FCLK_CLK0                                   | design_1_i/ps7_0_axi_periph/xbar/inst/gen_sasd.crossbar_sasd_0/reg_slice_r/aa_rready                                                                           |                                                                                                                                     |               10 |             35 |
|  design_1_i/processing_system7_0/inst/FCLK_CLK0                                   | design_1_i/ps7_0_axi_periph/xbar/inst/gen_sasd.crossbar_sasd_0/addr_arbiter_inst/E[0]                                                                          |                                                                                                                                     |                9 |             35 |
|  design_1_i/processing_system7_0/inst/FCLK_CLK0                                   | design_1_i/FIR_0/inst/FIR_RAM_v1_0_S00_AXI_inst/G0FIR_reg                                                                                                      |                                                                                                                                     |               11 |             38 |
|  design_1_i/processing_system7_0/inst/FCLK_CLK0                                   | design_1_i/FIR_2/inst/FIR_RAM_v1_0_S00_AXI_inst/G0FIR_reg                                                                                                      |                                                                                                                                     |                9 |             38 |
|  design_1_i/processing_system7_0/inst/FCLK_CLK0                                   | design_1_i/FIR_3/inst/FIR_RAM_v1_0_S00_AXI_inst/G0FIR_reg                                                                                                      |                                                                                                                                     |               12 |             38 |
|  design_1_i/processing_system7_0/inst/FCLK_CLK2                                   |                                                                                                                                                                |                                                                                                                                     |               25 |             38 |
|  design_1_i/processing_system7_0/inst/FCLK_CLK0                                   | design_1_i/FIR_1/inst/FIR_RAM_v1_0_S00_AXI_inst/G0FIR_reg                                                                                                      |                                                                                                                                     |                8 |             38 |
|  design_1_i/processing_system7_0/inst/FCLK_CLK0                                   | design_1_i/ps7_0_axi_periph/s00_couplers/auto_pc/inst/gen_axilite.gen_b2s_conv.axilite_b2s/RD.ar_channel_0/ar_cmd_fsm_0/FSM_sequential_state_reg[1]_1[0]       |                                                                                                                                     |                8 |             47 |
|  design_1_i/processing_system7_0/inst/FCLK_CLK0                                   | design_1_i/ps7_0_axi_periph/s00_couplers/auto_pc/inst/gen_axilite.gen_b2s_conv.axilite_b2s/WR.aw_channel_0/aw_cmd_fsm_0/m_valid_i_reg[0]                       |                                                                                                                                     |                9 |             47 |
|  design_1_i/processing_system7_0/inst/FCLK_CLK0                                   | design_1_i/ps7_0_axi_periph/s00_couplers/auto_pc/inst/gen_axilite.gen_b2s_conv.axilite_b2s/SI_REG/ar.ar_pipe/s_ready_i_reg_0                                   |                                                                                                                                     |                9 |             47 |
|  design_1_i/processing_system7_0/inst/FCLK_CLK0                                   | design_1_i/ps7_0_axi_periph/s00_couplers/auto_pc/inst/gen_axilite.gen_b2s_conv.axilite_b2s/SI_REG/aw.aw_pipe/s_ready_i_reg_0                                   |                                                                                                                                     |               14 |             47 |
|  design_1_i/processing_system7_0/inst/FCLK_CLK0                                   | design_1_i/ps7_0_axi_periph/s00_couplers/auto_pc/inst/gen_axilite.gen_b2s_conv.axilite_b2s/SI_REG/r.r_pipe/p_1_in                                              |                                                                                                                                     |               11 |             47 |
|  design_1_i/processing_system7_0/inst/FCLK_CLK0                                   | design_1_i/ps7_0_axi_periph/s00_couplers/auto_pc/inst/gen_axilite.gen_b2s_conv.axilite_b2s/SI_REG/r.r_pipe/s_ready_i_reg_0                                     |                                                                                                                                     |               12 |             47 |
|  design_1_i/processing_system7_0/inst/FCLK_CLK2                                   | design_1_i/FIR_2/inst/FIR_RAM_v1_0_S00_AXI_inst/filtre/dout_mult_1                                                                                             | design_1_i/FIR_2/inst/FIR_RAM_v1_0_S00_AXI_inst/filtre/dout_mult[47]_i_1_n_0                                                        |               12 |             48 |
|  design_1_i/processing_system7_0/inst/FCLK_CLK2                                   | design_1_i/FIR_1/inst/FIR_RAM_v1_0_S00_AXI_inst/filtre/dout_mult_1                                                                                             | design_1_i/FIR_1/inst/FIR_RAM_v1_0_S00_AXI_inst/filtre/dout_mult[47]_i_1_n_0                                                        |               12 |             48 |
|  design_1_i/processing_system7_0/inst/FCLK_CLK2                                   | design_1_i/FIR_0/inst/FIR_RAM_v1_0_S00_AXI_inst/filtre/dout_mult_1                                                                                             | design_1_i/FIR_0/inst/FIR_RAM_v1_0_S00_AXI_inst/filtre/dout_mult[47]_i_1_n_0                                                        |               12 |             48 |
|  design_1_i/processing_system7_0/inst/FCLK_CLK2                                   | design_1_i/FIR_3/inst/FIR_RAM_v1_0_S00_AXI_inst/filtre/dout_mult_1                                                                                             | design_1_i/FIR_3/inst/FIR_RAM_v1_0_S00_AXI_inst/filtre/dout_mult[47]_i_1_n_0                                                        |               12 |             48 |
|  design_1_i/processing_system7_0/inst/FCLK_CLK0                                   |                                                                                                                                                                |                                                                                                                                     |               62 |            149 |
+-----------------------------------------------------------------------------------+----------------------------------------------------------------------------------------------------------------------------------------------------------------+-------------------------------------------------------------------------------------------------------------------------------------+------------------+----------------+


