
*** Running vivado
    with args -log design_1_wrapper.vdi -applog -m64 -product Vivado -messageDb vivado.pb -mode batch -source design_1_wrapper.tcl -notrace


****** Vivado v2019.2.1 (64-bit)
  **** SW Build 2729669 on Thu Dec  5 04:48:12 MST 2019
  **** IP Build 2729494 on Thu Dec  5 07:38:25 MST 2019
    ** Copyright 1986-2019 Xilinx, Inc. All Rights Reserved.

source design_1_wrapper.tcl -notrace
INFO: [IP_Flow 19-234] Refreshing IP repositories
INFO: [IP_Flow 19-1700] Loaded user IP repository '/home/nicolas/yocto/soft_zybo/lerobot/vivado/ip_repo/mongyrocopse_1.0'.
INFO: [IP_Flow 19-1700] Loaded user IP repository '/home/nicolas/vivado/vivado/FPGA_xilinx/vivado2019_2/ip_repo/capteurDistanceUltrason_1.0'.
WARNING: [IP_Flow 19-3685] Ignored loading user repository '/home/nicolas/vivado/vivado/FPGA_xilinx/ip_repo/gainNvoies_1.0'. The path is contained within another repository.
WARNING: [IP_Flow 19-3685] Ignored loading user repository '/home/nicolas/vivado/vivado/FPGA_xilinx/ip_repo/melangeurNvoies_1.0'. The path is contained within another repository.
WARNING: [IP_Flow 19-3685] Ignored loading user repository '/home/nicolas/vivado/vivado/FPGA_xilinx/ip_repo/melangeur_1.0'. The path is contained within another repository.
WARNING: [IP_Flow 19-3685] Ignored loading user repository '/home/nicolas/vivado/vivado/FPGA_xilinx/ip_repo/filtre/src/FIR_1.0'. The path is contained within another repository.
INFO: [IP_Flow 19-1700] Loaded user IP repository '/home/nicolas/vivado/vivado/FPGA_xilinx/ip_repo'.
WARNING: [IP_Flow 19-3685] Ignored loading user repository '/home/nicolas/vivado/vivado/FPGA_xilinx/ip_repo/FIR_RAM_1.0'. The path is contained within another repository.
WARNING: [IP_Flow 19-3685] Ignored loading user repository '/home/nicolas/vivado/vivado/FPGA_xilinx/ip_repo/PmodMIC3_1.0'. The path is contained within another repository.
WARNING: [IP_Flow 19-3685] Ignored loading user repository '/home/nicolas/vivado/vivado/FPGA_xilinx/ip_repo/pmod_audio_1.0'. The path is contained within another repository.
WARNING: [IP_Flow 19-3685] Ignored loading user repository '/home/nicolas/vivado/vivado/FPGA_xilinx/ip_repo/audio_1.0'. The path is contained within another repository.
WARNING: [IP_Flow 19-3685] Ignored loading user repository '/home/nicolas/vivado/vivado/FPGA_xilinx/ip_repo/codec_I2C_I2S_1.0'. The path is contained within another repository.
WARNING: [IP_Flow 19-3685] Ignored loading user repository '/home/nicolas/vivado/vivado/FPGA_xilinx/ip_repo/traitement_audio_1.0'. The path is contained within another repository.
INFO: [IP_Flow 19-1700] Loaded user IP repository '/home/nicolas/vivado/vivado/FPGA_xilinx/vivado-library-master'.
INFO: [IP_Flow 19-1700] Loaded user IP repository '/home/nicolas/vivado/vivado/FPGA_xilinx/IPs'.
INFO: [IP_Flow 19-2313] Loaded Vivado IP repository '/opt/Xilinx/Vivado/2019.2/data/ip'.
WARNING: [IP_Flow 19-1663] Duplicate IP found for 'user.org:user:melangeur:1.0'. The one found in IP location '/home/nicolas/vivado/vivado/FPGA_xilinx/ip_repo/melangeur_1.0' will take precedence over the same IP in location /home/nicolas/vivado/vivado/FPGA_xilinx/ip_repo/melangeur/melangeur.srcs/sources_1/imports
Command: link_design -top design_1_wrapper -part xc7z010clg400-1
Design is defaulting to srcset: sources_1
Design is defaulting to constrset: constrs_1
INFO: [Device 21-403] Loading part xc7z010clg400-1
Netlist sorting complete. Time (s): cpu = 00:00:00.08 ; elapsed = 00:00:00.11 . Memory (MB): peak = 1761.594 ; gain = 0.000 ; free physical = 415 ; free virtual = 4949
INFO: [Netlist 29-17] Analyzing 238 Unisim elements for replacement
INFO: [Netlist 29-28] Unisim Transformation completed in 0 CPU seconds
INFO: [Project 1-479] Netlist was created with Vivado 2019.2.1
INFO: [Project 1-570] Preparing netlist for logic optimization
Parsing XDC File [/home/nicolas/yocto/soft_zybo/lerobot/vivado/project_1_vivado_2019_2/project_1_vivado_2019_1.srcs/sources_1/bd/design_1/ip/design_1_processing_system7_0_0/design_1_processing_system7_0_0.xdc] for cell 'design_1_i/processing_system7_0/inst'
Finished Parsing XDC File [/home/nicolas/yocto/soft_zybo/lerobot/vivado/project_1_vivado_2019_2/project_1_vivado_2019_1.srcs/sources_1/bd/design_1/ip/design_1_processing_system7_0_0/design_1_processing_system7_0_0.xdc] for cell 'design_1_i/processing_system7_0/inst'
Parsing XDC File [/home/nicolas/yocto/soft_zybo/lerobot/vivado/project_1_vivado_2019_2/project_1_vivado_2019_1.srcs/sources_1/bd/design_1/ip/design_1_rst_ps7_0_100M_0/design_1_rst_ps7_0_100M_0_board.xdc] for cell 'design_1_i/rst_ps7_0_100M/U0'
Finished Parsing XDC File [/home/nicolas/yocto/soft_zybo/lerobot/vivado/project_1_vivado_2019_2/project_1_vivado_2019_1.srcs/sources_1/bd/design_1/ip/design_1_rst_ps7_0_100M_0/design_1_rst_ps7_0_100M_0_board.xdc] for cell 'design_1_i/rst_ps7_0_100M/U0'
Parsing XDC File [/home/nicolas/yocto/soft_zybo/lerobot/vivado/project_1_vivado_2019_2/project_1_vivado_2019_1.srcs/sources_1/bd/design_1/ip/design_1_rst_ps7_0_100M_0/design_1_rst_ps7_0_100M_0.xdc] for cell 'design_1_i/rst_ps7_0_100M/U0'
Finished Parsing XDC File [/home/nicolas/yocto/soft_zybo/lerobot/vivado/project_1_vivado_2019_2/project_1_vivado_2019_1.srcs/sources_1/bd/design_1/ip/design_1_rst_ps7_0_100M_0/design_1_rst_ps7_0_100M_0.xdc] for cell 'design_1_i/rst_ps7_0_100M/U0'
Parsing XDC File [/home/nicolas/yocto/soft_zybo/lerobot/vivado/project_1_vivado_2019_2/project_1_vivado_2019_1.srcs/constrs_1/new/contraintes.xdc]
CRITICAL WARNING: [Common 17-161] Invalid option value 'sdi_gyro_0#JF2' specified for 'objects'. [/home/nicolas/yocto/soft_zybo/lerobot/vivado/project_1_vivado_2019_2/project_1_vivado_2019_1.srcs/constrs_1/new/contraintes.xdc:83]
WARNING: [Vivado 12-584] No ports matched 'clk_gyro_0'. [/home/nicolas/yocto/soft_zybo/lerobot/vivado/project_1_vivado_2019_2/project_1_vivado_2019_1.srcs/constrs_1/new/contraintes.xdc:85]
CRITICAL WARNING: [Common 17-55] 'set_property' expects at least one object. [/home/nicolas/yocto/soft_zybo/lerobot/vivado/project_1_vivado_2019_2/project_1_vivado_2019_1.srcs/constrs_1/new/contraintes.xdc:85]
Resolution: If [get_<value>] was used to populate the object, check to make sure this command returns at least one valid object.
WARNING: [Vivado 12-584] No ports matched 'clk_gyro_0'. [/home/nicolas/yocto/soft_zybo/lerobot/vivado/project_1_vivado_2019_2/project_1_vivado_2019_1.srcs/constrs_1/new/contraintes.xdc:86]
CRITICAL WARNING: [Common 17-161] Invalid option value '#JF4' specified for 'objects'. [/home/nicolas/yocto/soft_zybo/lerobot/vivado/project_1_vivado_2019_2/project_1_vivado_2019_1.srcs/constrs_1/new/contraintes.xdc:86]
CRITICAL WARNING: [Common 17-161] Invalid option value '#JF3' specified for 'objects'. [/home/nicolas/yocto/soft_zybo/lerobot/vivado/project_1_vivado_2019_2/project_1_vivado_2019_1.srcs/constrs_1/new/contraintes.xdc:89]
CRITICAL WARNING: [Common 17-161] Invalid option value 'int1_gyro_0#JF7' specified for 'objects'. [/home/nicolas/yocto/soft_zybo/lerobot/vivado/project_1_vivado_2019_2/project_1_vivado_2019_1.srcs/constrs_1/new/contraintes.xdc:92]
CRITICAL WARNING: [Common 17-161] Invalid option value 'int2_gyro_0#JF8' specified for 'objects'. [/home/nicolas/yocto/soft_zybo/lerobot/vivado/project_1_vivado_2019_2/project_1_vivado_2019_1.srcs/constrs_1/new/contraintes.xdc:95]
CRITICAL WARNING: [Common 17-161] Invalid option value 'cs_gyro_0#JF1' specified for 'objects'. [/home/nicolas/yocto/soft_zybo/lerobot/vivado/project_1_vivado_2019_2/project_1_vivado_2019_1.srcs/constrs_1/new/contraintes.xdc:98]
Finished Parsing XDC File [/home/nicolas/yocto/soft_zybo/lerobot/vivado/project_1_vivado_2019_2/project_1_vivado_2019_1.srcs/constrs_1/new/contraintes.xdc]
INFO: [Opt 31-138] Pushed 0 inverter(s) to 0 load pin(s).
CRITICAL WARNING: [Project 1-486] Could not resolve non-primitive black box cell 'spi_gyro' instantiated as 'design_1_i/mongyrocopse_1/U0/mongyrocopse_v1_0_S00_AXI_inst/spi_gyro_inst' [/home/nicolas/yocto/soft_zybo/lerobot/vivado/project_1_vivado_2019_2/project_1_vivado_2019_1.srcs/sources_1/bd/design_1/ipshared/0d46/hdl/mongyrocopse_v1_0_S00_AXI.vhd:136]
Netlist sorting complete. Time (s): cpu = 00:00:00 ; elapsed = 00:00:00 . Memory (MB): peak = 1909.879 ; gain = 0.000 ; free physical = 297 ; free virtual = 4847
INFO: [Project 1-111] Unisim Transformation Summary:
No Unisim elements were transformed.

14 Infos, 13 Warnings, 8 Critical Warnings and 0 Errors encountered.
link_design completed successfully
link_design: Time (s): cpu = 00:00:13 ; elapsed = 00:00:30 . Memory (MB): peak = 1909.879 ; gain = 376.750 ; free physical = 297 ; free virtual = 4847
Command: opt_design
Attempting to get a license for feature 'Implementation' and/or device 'xc7z010'
INFO: [Common 17-349] Got license for feature 'Implementation' and/or device 'xc7z010'
Running DRC as a precondition to command opt_design

Starting DRC Task
INFO: [DRC 23-27] Running DRC with 4 threads
ERROR: [DRC INBB-3] Black Box Instances: Cell 'design_1_i/mongyrocopse_1/U0/mongyrocopse_v1_0_S00_AXI_inst/spi_gyro_inst' of type 'spi_gyro' has undefined contents and is considered a black box.  The contents of this cell must be defined for opt_design to complete successfully.
INFO: [Project 1-461] DRC finished with 1 Errors
INFO: [Project 1-462] Please refer to the DRC report (report_drc) for more information.
ERROR: [Vivado_Tcl 4-78] Error(s) found during DRC. Opt_design not run.

Time (s): cpu = 00:00:02 ; elapsed = 00:00:03 . Memory (MB): peak = 1966.492 ; gain = 56.613 ; free physical = 280 ; free virtual = 4833
INFO: [Common 17-83] Releasing license: Implementation
19 Infos, 13 Warnings, 8 Critical Warnings and 2 Errors encountered.
opt_design failed
ERROR: [Common 17-39] 'opt_design' failed due to earlier errors.

INFO: [Common 17-206] Exiting Vivado at Thu May 14 23:12:23 2020...
