Copyright 1986-2019 Xilinx, Inc. All Rights Reserved.
--------------------------------------------------------------------------------------
| Tool Version : Vivado v.2019.2.1 (lin64) Build 2729669 Thu Dec  5 04:48:12 MST 2019
| Date         : Tue Mar 31 23:21:09 2020
| Host         : grosportable running 64-bit Ubuntu 18.04.4 LTS
| Command      : upgrade_ip
| Device       : xc7z010clg400-1
--------------------------------------------------------------------------------------

Upgrade Log for IP 'design_1_capteurDistanceUltra_0_0'

1. Summary
----------

SUCCESS in the upgrade of design_1_capteurDistanceUltra_0_0 (user.org:user:capteurDistanceUltrason:1.0) from (Rev. 55) to (Rev. 56)






Copyright 1986-2019 Xilinx, Inc. All Rights Reserved.
--------------------------------------------------------------------------------------
| Tool Version : Vivado v.2019.2.1 (lin64) Build 2729669 Thu Dec  5 04:48:12 MST 2019
| Date         : Tue Mar 31 22:33:38 2020
| Host         : grosportable running 64-bit Ubuntu 18.04.4 LTS
| Command      : upgrade_ip
| Device       : xc7z010clg400-1
--------------------------------------------------------------------------------------

Upgrade Log for IP 'design_1_capteurDistanceUltra_0_0'

1. Summary
----------

SUCCESS in the upgrade of design_1_capteurDistanceUltra_0_0 (user.org:user:capteurDistanceUltrason:1.0) from (Rev. 54) to (Rev. 55)






Copyright 1986-2019 Xilinx, Inc. All Rights Reserved.
--------------------------------------------------------------------------------------
| Tool Version : Vivado v.2019.2.1 (lin64) Build 2729669 Thu Dec  5 04:48:12 MST 2019
| Date         : Tue Mar 31 22:06:25 2020
| Host         : grosportable running 64-bit Ubuntu 18.04.4 LTS
| Command      : upgrade_ip
| Device       : xc7z010clg400-1
--------------------------------------------------------------------------------------

Upgrade Log for IP 'design_1_capteurDistanceUltra_0_0'

1. Summary
----------

SUCCESS in the upgrade of design_1_capteurDistanceUltra_0_0 (user.org:user:capteurDistanceUltrason:1.0) from (Rev. 53) to (Rev. 54)






Copyright 1986-2019 Xilinx, Inc. All Rights Reserved.
--------------------------------------------------------------------------------------
| Tool Version : Vivado v.2019.2.1 (lin64) Build 2729669 Thu Dec  5 04:48:12 MST 2019
| Date         : Tue Mar 31 21:46:47 2020
| Host         : grosportable running 64-bit Ubuntu 18.04.4 LTS
| Command      : upgrade_ip
| Device       : xc7z010clg400-1
--------------------------------------------------------------------------------------

Upgrade Log for IP 'design_1_capteurDistanceUltra_0_0'

1. Summary
----------

SUCCESS in the upgrade of design_1_capteurDistanceUltra_0_0 (user.org:user:capteurDistanceUltrason:1.0) from (Rev. 52) to (Rev. 53)






Copyright 1986-2019 Xilinx, Inc. All Rights Reserved.
--------------------------------------------------------------------------------------
| Tool Version : Vivado v.2019.2.1 (lin64) Build 2729669 Thu Dec  5 04:48:12 MST 2019
| Date         : Tue Mar 31 21:25:17 2020
| Host         : grosportable running 64-bit Ubuntu 18.04.4 LTS
| Command      : upgrade_ip
| Device       : xc7z010clg400-1
--------------------------------------------------------------------------------------

Upgrade Log for IP 'design_1_capteurDistanceUltra_0_0'

1. Summary
----------

SUCCESS in the upgrade of design_1_capteurDistanceUltra_0_0 (user.org:user:capteurDistanceUltrason:1.0) from (Rev. 51) to (Rev. 52)






Copyright 1986-2019 Xilinx, Inc. All Rights Reserved.
--------------------------------------------------------------------------------------
| Tool Version : Vivado v.2019.2.1 (lin64) Build 2729669 Thu Dec  5 04:48:12 MST 2019
| Date         : Tue Mar 31 21:20:55 2020
| Host         : grosportable running 64-bit Ubuntu 18.04.4 LTS
| Command      : upgrade_ip
| Device       : xc7z010clg400-1
--------------------------------------------------------------------------------------

Upgrade Log for IP 'design_1_capteurDistanceUltra_0_0'

1. Summary
----------

SUCCESS in the upgrade of design_1_capteurDistanceUltra_0_0 (user.org:user:capteurDistanceUltrason:1.0) from (Rev. 50) to (Rev. 51)






Copyright 1986-2019 Xilinx, Inc. All Rights Reserved.
--------------------------------------------------------------------------------------
| Tool Version : Vivado v.2019.2.1 (lin64) Build 2729669 Thu Dec  5 04:48:12 MST 2019
| Date         : Tue Mar 31 21:15:21 2020
| Host         : grosportable running 64-bit Ubuntu 18.04.4 LTS
| Command      : upgrade_ip
| Device       : xc7z010clg400-1
--------------------------------------------------------------------------------------

Upgrade Log for IP 'design_1_capteurDistanceUltra_0_0'

1. Summary
----------

SUCCESS in the upgrade of design_1_capteurDistanceUltra_0_0 (user.org:user:capteurDistanceUltrason:1.0) from (Rev. 49) to (Rev. 50)






Copyright 1986-2019 Xilinx, Inc. All Rights Reserved.
--------------------------------------------------------------------------------------
| Tool Version : Vivado v.2019.2.1 (lin64) Build 2729669 Thu Dec  5 04:48:12 MST 2019
| Date         : Wed Feb  5 23:08:01 2020
| Host         : grosportable running 64-bit Ubuntu 18.04.3 LTS
| Command      : upgrade_ip
| Device       : xc7z010clg400-1
--------------------------------------------------------------------------------------

Upgrade Log for IP 'design_1_capteurDistanceUltra_0_0'

1. Summary
----------

SUCCESS in the upgrade of design_1_capteurDistanceUltra_0_0 (user.org:user:capteurDistanceUltrason:1.0) from (Rev. 48) to (Rev. 49)






Copyright 1986-2019 Xilinx, Inc. All Rights Reserved.
--------------------------------------------------------------------------------------
| Tool Version : Vivado v.2019.2.1 (lin64) Build 2729669 Thu Dec  5 04:48:12 MST 2019
| Date         : Wed Feb  5 22:30:24 2020
| Host         : grosportable running 64-bit Ubuntu 18.04.3 LTS
| Command      : upgrade_ip
| Device       : xc7z010clg400-1
--------------------------------------------------------------------------------------

Upgrade Log for IP 'design_1_capteurDistanceUltra_0_0'

1. Summary
----------

SUCCESS in the upgrade of design_1_capteurDistanceUltra_0_0 (user.org:user:capteurDistanceUltrason:1.0) from (Rev. 47) to (Rev. 48)






Copyright 1986-2019 Xilinx, Inc. All Rights Reserved.
--------------------------------------------------------------------------------------
| Tool Version : Vivado v.2019.2.1 (lin64) Build 2729669 Thu Dec  5 04:48:12 MST 2019
| Date         : Wed Feb  5 21:47:08 2020
| Host         : grosportable running 64-bit Ubuntu 18.04.3 LTS
| Command      : upgrade_ip
| Device       : xc7z010clg400-1
--------------------------------------------------------------------------------------

Upgrade Log for IP 'design_1_capteurDistanceUltra_0_0'

1. Summary
----------

SUCCESS in the upgrade of design_1_capteurDistanceUltra_0_0 (user.org:user:capteurDistanceUltrason:1.0) from (Rev. 46) to (Rev. 47)






Copyright 1986-2019 Xilinx, Inc. All Rights Reserved.
--------------------------------------------------------------------------------------
| Tool Version : Vivado v.2019.2.1 (lin64) Build 2729669 Thu Dec  5 04:48:12 MST 2019
| Date         : Wed Feb  5 21:16:57 2020
| Host         : grosportable running 64-bit Ubuntu 18.04.3 LTS
| Command      : upgrade_ip
| Device       : xc7z010clg400-1
--------------------------------------------------------------------------------------

Upgrade Log for IP 'design_1_capteurDistanceUltra_0_0'

1. Summary
----------

SUCCESS in the upgrade of design_1_capteurDistanceUltra_0_0 (user.org:user:capteurDistanceUltrason:1.0) from (Rev. 45) to (Rev. 46)






Copyright 1986-2019 Xilinx, Inc. All Rights Reserved.
--------------------------------------------------------------------------------------
| Tool Version : Vivado v.2019.2.1 (lin64) Build 2729669 Thu Dec  5 04:48:12 MST 2019
| Date         : Tue Feb  4 23:31:04 2020
| Host         : grosportable running 64-bit Ubuntu 18.04.3 LTS
| Command      : upgrade_ip
| Device       : xc7z010clg400-1
--------------------------------------------------------------------------------------

Upgrade Log for IP 'design_1_capteurDistanceUltra_0_0'

1. Summary
----------

SUCCESS in the upgrade of design_1_capteurDistanceUltra_0_0 (user.org:user:capteurDistanceUltrason:1.0) from (Rev. 44) to (Rev. 45)






Copyright 1986-2019 Xilinx, Inc. All Rights Reserved.
--------------------------------------------------------------------------------------
| Tool Version : Vivado v.2019.2.1 (lin64) Build 2729669 Thu Dec  5 04:48:12 MST 2019
| Date         : Tue Feb  4 23:10:53 2020
| Host         : grosportable running 64-bit Ubuntu 18.04.3 LTS
| Command      : upgrade_ip
| Device       : xc7z010clg400-1
--------------------------------------------------------------------------------------

Upgrade Log for IP 'design_1_capteurDistanceUltra_0_0'

1. Summary
----------

SUCCESS in the upgrade of design_1_capteurDistanceUltra_0_0 (user.org:user:capteurDistanceUltrason:1.0) from (Rev. 43) to (Rev. 44)






Copyright 1986-2019 Xilinx, Inc. All Rights Reserved.
--------------------------------------------------------------------------------------
| Tool Version : Vivado v.2019.2.1 (lin64) Build 2729669 Thu Dec  5 04:48:12 MST 2019
| Date         : Tue Feb  4 23:04:48 2020
| Host         : grosportable running 64-bit Ubuntu 18.04.3 LTS
| Command      : upgrade_ip
| Device       : xc7z010clg400-1
--------------------------------------------------------------------------------------

Upgrade Log for IP 'design_1_capteurDistanceUltra_0_0'

1. Summary
----------

SUCCESS in the upgrade of design_1_capteurDistanceUltra_0_0 (user.org:user:capteurDistanceUltrason:1.0) from (Rev. 42) to (Rev. 43)






Copyright 1986-2019 Xilinx, Inc. All Rights Reserved.
--------------------------------------------------------------------------------------
| Tool Version : Vivado v.2019.2.1 (lin64) Build 2729669 Thu Dec  5 04:48:12 MST 2019
| Date         : Mon Feb  3 23:21:17 2020
| Host         : grosportable running 64-bit Ubuntu 18.04.3 LTS
| Command      : upgrade_ip
| Device       : xc7z010clg400-1
--------------------------------------------------------------------------------------

Upgrade Log for IP 'design_1_capteurDistanceUltra_0_0'

1. Summary
----------

SUCCESS in the upgrade of design_1_capteurDistanceUltra_0_0 (user.org:user:capteurDistanceUltrason:1.0) from (Rev. 41) to (Rev. 42)






Copyright 1986-2019 Xilinx, Inc. All Rights Reserved.
--------------------------------------------------------------------------------------
| Tool Version : Vivado v.2019.2.1 (lin64) Build 2729669 Thu Dec  5 04:48:12 MST 2019
| Date         : Sun Feb  2 23:48:34 2020
| Host         : grosportable running 64-bit Ubuntu 18.04.3 LTS
| Command      : upgrade_ip
| Device       : xc7z010clg400-1
--------------------------------------------------------------------------------------

Upgrade Log for IP 'design_1_capteurDistanceUltra_0_0'

1. Summary
----------

SUCCESS in the upgrade of design_1_capteurDistanceUltra_0_0 (user.org:user:capteurDistanceUltrason:1.0) from (Rev. 40) to (Rev. 41)






Copyright 1986-2019 Xilinx, Inc. All Rights Reserved.
--------------------------------------------------------------------------------------
| Tool Version : Vivado v.2019.2.1 (lin64) Build 2729669 Thu Dec  5 04:48:12 MST 2019
| Date         : Sun Feb  2 23:35:47 2020
| Host         : grosportable running 64-bit Ubuntu 18.04.3 LTS
| Command      : upgrade_ip
| Device       : xc7z010clg400-1
--------------------------------------------------------------------------------------

Upgrade Log for IP 'design_1_capteurDistanceUltra_0_0'

1. Summary
----------

SUCCESS in the upgrade of design_1_capteurDistanceUltra_0_0 (user.org:user:capteurDistanceUltrason:1.0) from (Rev. 39) to (Rev. 40)






Copyright 1986-2019 Xilinx, Inc. All Rights Reserved.
--------------------------------------------------------------------------------------
| Tool Version : Vivado v.2019.2.1 (lin64) Build 2729669 Thu Dec  5 04:48:12 MST 2019
| Date         : Sun Feb  2 23:24:51 2020
| Host         : grosportable running 64-bit Ubuntu 18.04.3 LTS
| Command      : upgrade_ip
| Device       : xc7z010clg400-1
--------------------------------------------------------------------------------------

Upgrade Log for IP 'design_1_capteurDistanceUltra_0_0'

1. Summary
----------

SUCCESS in the upgrade of design_1_capteurDistanceUltra_0_0 (user.org:user:capteurDistanceUltrason:1.0) from (Rev. 38) to (Rev. 39)






Copyright 1986-2019 Xilinx, Inc. All Rights Reserved.
--------------------------------------------------------------------------------------
| Tool Version : Vivado v.2019.2.1 (lin64) Build 2729669 Thu Dec  5 04:48:12 MST 2019
| Date         : Sun Feb  2 23:12:20 2020
| Host         : grosportable running 64-bit Ubuntu 18.04.3 LTS
| Command      : upgrade_ip
| Device       : xc7z010clg400-1
--------------------------------------------------------------------------------------

Upgrade Log for IP 'design_1_capteurDistanceUltra_0_0'

1. Summary
----------

SUCCESS in the upgrade of design_1_capteurDistanceUltra_0_0 (user.org:user:capteurDistanceUltrason:1.0) from (Rev. 37) to (Rev. 38)






Copyright 1986-2019 Xilinx, Inc. All Rights Reserved.
--------------------------------------------------------------------------------------
| Tool Version : Vivado v.2019.2.1 (lin64) Build 2729669 Thu Dec  5 04:48:12 MST 2019
| Date         : Sun Feb  2 21:53:28 2020
| Host         : grosportable running 64-bit Ubuntu 18.04.3 LTS
| Command      : upgrade_ip
| Device       : xc7z010clg400-1
--------------------------------------------------------------------------------------

Upgrade Log for IP 'design_1_capteurDistanceUltra_0_0'

1. Summary
----------

SUCCESS in the upgrade of design_1_capteurDistanceUltra_0_0 (user.org:user:capteurDistanceUltrason:1.0) from (Rev. 36) to (Rev. 37)






Copyright 1986-2019 Xilinx, Inc. All Rights Reserved.
--------------------------------------------------------------------------------------
| Tool Version : Vivado v.2019.2.1 (lin64) Build 2729669 Thu Dec  5 04:48:12 MST 2019
| Date         : Sun Feb  2 20:44:41 2020
| Host         : grosportable running 64-bit Ubuntu 18.04.3 LTS
| Command      : upgrade_ip
| Device       : xc7z010clg400-1
--------------------------------------------------------------------------------------

Upgrade Log for IP 'design_1_capteurDistanceUltra_0_0'

1. Summary
----------

SUCCESS in the upgrade of design_1_capteurDistanceUltra_0_0 (user.org:user:capteurDistanceUltrason:1.0) from (Rev. 35) to (Rev. 36)






Copyright 1986-2019 Xilinx, Inc. All Rights Reserved.
--------------------------------------------------------------------------------------
| Tool Version : Vivado v.2019.2.1 (lin64) Build 2729669 Thu Dec  5 04:48:12 MST 2019
| Date         : Sun Feb  2 13:12:13 2020
| Host         : grosportable running 64-bit Ubuntu 18.04.3 LTS
| Command      : upgrade_ip
| Device       : xc7z010clg400-1
--------------------------------------------------------------------------------------

Upgrade Log for IP 'design_1_capteurDistanceUltra_0_0'

1. Summary
----------

SUCCESS in the upgrade of design_1_capteurDistanceUltra_0_0 (user.org:user:capteurDistanceUltrason:1.0) from (Rev. 34) to (Rev. 35)






Copyright 1986-2019 Xilinx, Inc. All Rights Reserved.
--------------------------------------------------------------------------------------
| Tool Version : Vivado v.2019.2.1 (lin64) Build 2729669 Thu Dec  5 04:48:12 MST 2019
| Date         : Sun Feb  2 12:30:07 2020
| Host         : grosportable running 64-bit Ubuntu 18.04.3 LTS
| Command      : upgrade_ip
| Device       : xc7z010clg400-1
--------------------------------------------------------------------------------------

Upgrade Log for IP 'design_1_capteurDistanceUltra_0_0'

1. Summary
----------

SUCCESS in the upgrade of design_1_capteurDistanceUltra_0_0 (user.org:user:capteurDistanceUltrason:1.0) from (Rev. 33) to (Rev. 34)






Copyright 1986-2019 Xilinx, Inc. All Rights Reserved.
--------------------------------------------------------------------------------------
| Tool Version : Vivado v.2019.2.1 (lin64) Build 2729669 Thu Dec  5 04:48:12 MST 2019
| Date         : Sun Feb  2 11:39:31 2020
| Host         : grosportable running 64-bit Ubuntu 18.04.3 LTS
| Command      : upgrade_ip
| Device       : xc7z010clg400-1
--------------------------------------------------------------------------------------

Upgrade Log for IP 'design_1_capteurDistanceUltra_0_0'

1. Summary
----------

SUCCESS in the upgrade of design_1_capteurDistanceUltra_0_0 (user.org:user:capteurDistanceUltrason:1.0) from (Rev. 32) to (Rev. 33)






Copyright 1986-2019 Xilinx, Inc. All Rights Reserved.
--------------------------------------------------------------------------------------
| Tool Version : Vivado v.2019.2.1 (lin64) Build 2729669 Thu Dec  5 04:48:12 MST 2019
| Date         : Sun Feb  2 11:23:57 2020
| Host         : grosportable running 64-bit Ubuntu 18.04.3 LTS
| Command      : upgrade_ip
| Device       : xc7z010clg400-1
--------------------------------------------------------------------------------------

Upgrade Log for IP 'design_1_capteurDistanceUltra_0_0'

1. Summary
----------

SUCCESS in the upgrade of design_1_capteurDistanceUltra_0_0 (user.org:user:capteurDistanceUltrason:1.0) from (Rev. 31) to (Rev. 32)






Copyright 1986-2019 Xilinx, Inc. All Rights Reserved.
--------------------------------------------------------------------------------------
| Tool Version : Vivado v.2019.2.1 (lin64) Build 2729669 Thu Dec  5 04:48:12 MST 2019
| Date         : Sun Feb  2 10:33:50 2020
| Host         : grosportable running 64-bit Ubuntu 18.04.3 LTS
| Command      : upgrade_ip
| Device       : xc7z010clg400-1
--------------------------------------------------------------------------------------

Upgrade Log for IP 'design_1_capteurDistanceUltra_0_0'

1. Summary
----------

SUCCESS in the upgrade of design_1_capteurDistanceUltra_0_0 (user.org:user:capteurDistanceUltrason:1.0) from (Rev. 30) to (Rev. 31)






Copyright 1986-2019 Xilinx, Inc. All Rights Reserved.
--------------------------------------------------------------------------------------
| Tool Version : Vivado v.2019.2.1 (lin64) Build 2729669 Thu Dec  5 04:48:12 MST 2019
| Date         : Sat Feb  1 17:05:10 2020
| Host         : grosportable running 64-bit Ubuntu 18.04.3 LTS
| Command      : upgrade_ip
| Device       : xc7z010clg400-1
--------------------------------------------------------------------------------------

Upgrade Log for IP 'design_1_capteurDistanceUltra_0_0'

1. Summary
----------

SUCCESS in the upgrade of design_1_capteurDistanceUltra_0_0 (user.org:user:capteurDistanceUltrason:1.0) from (Rev. 29) to (Rev. 30)






Copyright 1986-2019 Xilinx, Inc. All Rights Reserved.
--------------------------------------------------------------------------------------
| Tool Version : Vivado v.2019.2.1 (lin64) Build 2729669 Thu Dec  5 04:48:12 MST 2019
| Date         : Sat Feb  1 16:04:24 2020
| Host         : grosportable running 64-bit Ubuntu 18.04.3 LTS
| Command      : upgrade_ip
| Device       : xc7z010clg400-1
--------------------------------------------------------------------------------------

Upgrade Log for IP 'design_1_capteurDistanceUltra_0_0'

1. Summary
----------

SUCCESS in the upgrade of design_1_capteurDistanceUltra_0_0 (user.org:user:capteurDistanceUltrason:1.0) from (Rev. 28) to (Rev. 29)






Copyright 1986-2019 Xilinx, Inc. All Rights Reserved.
--------------------------------------------------------------------------------------
| Tool Version : Vivado v.2019.2.1 (lin64) Build 2729669 Thu Dec  5 04:48:12 MST 2019
| Date         : Sat Feb  1 15:54:40 2020
| Host         : grosportable running 64-bit Ubuntu 18.04.3 LTS
| Command      : upgrade_ip
| Device       : xc7z010clg400-1
--------------------------------------------------------------------------------------

Upgrade Log for IP 'design_1_capteurDistanceUltra_0_0'

1. Summary
----------

SUCCESS in the upgrade of design_1_capteurDistanceUltra_0_0 (user.org:user:capteurDistanceUltrason:1.0) from (Rev. 27) to (Rev. 28)






Copyright 1986-2019 Xilinx, Inc. All Rights Reserved.
--------------------------------------------------------------------------------------
| Tool Version : Vivado v.2019.2.1 (lin64) Build 2729669 Thu Dec  5 04:48:12 MST 2019
| Date         : Sat Feb  1 15:42:55 2020
| Host         : grosportable running 64-bit Ubuntu 18.04.3 LTS
| Command      : upgrade_ip
| Device       : xc7z010clg400-1
--------------------------------------------------------------------------------------

Upgrade Log for IP 'design_1_capteurDistanceUltra_0_0'

1. Summary
----------

SUCCESS in the upgrade of design_1_capteurDistanceUltra_0_0 (user.org:user:capteurDistanceUltrason:1.0) from (Rev. 26) to (Rev. 27)






Copyright 1986-2019 Xilinx, Inc. All Rights Reserved.
--------------------------------------------------------------------------------------
| Tool Version : Vivado v.2019.2.1 (lin64) Build 2729669 Thu Dec  5 04:48:12 MST 2019
| Date         : Sat Feb  1 14:59:16 2020
| Host         : grosportable running 64-bit Ubuntu 18.04.3 LTS
| Command      : upgrade_ip
| Device       : xc7z010clg400-1
--------------------------------------------------------------------------------------

Upgrade Log for IP 'design_1_capteurDistanceUltra_0_0'

1. Summary
----------

SUCCESS in the upgrade of design_1_capteurDistanceUltra_0_0 (user.org:user:capteurDistanceUltrason:1.0) from (Rev. 25) to (Rev. 26)






Copyright 1986-2019 Xilinx, Inc. All Rights Reserved.
--------------------------------------------------------------------------------------
| Tool Version : Vivado v.2019.2.1 (lin64) Build 2729669 Thu Dec  5 04:48:12 MST 2019
| Date         : Sat Feb  1 14:52:40 2020
| Host         : grosportable running 64-bit Ubuntu 18.04.3 LTS
| Command      : upgrade_ip
| Device       : xc7z010clg400-1
--------------------------------------------------------------------------------------

Upgrade Log for IP 'design_1_capteurDistanceUltra_0_0'

1. Summary
----------

SUCCESS in the upgrade of design_1_capteurDistanceUltra_0_0 (user.org:user:capteurDistanceUltrason:1.0) from (Rev. 24) to (Rev. 25)






Copyright 1986-2019 Xilinx, Inc. All Rights Reserved.
--------------------------------------------------------------------------------------
| Tool Version : Vivado v.2019.2.1 (lin64) Build 2729669 Thu Dec  5 04:48:12 MST 2019
| Date         : Sat Feb  1 14:43:19 2020
| Host         : grosportable running 64-bit Ubuntu 18.04.3 LTS
| Command      : upgrade_ip
| Device       : xc7z010clg400-1
--------------------------------------------------------------------------------------

Upgrade Log for IP 'design_1_capteurDistanceUltra_0_0'

1. Summary
----------

SUCCESS in the upgrade of design_1_capteurDistanceUltra_0_0 (user.org:user:capteurDistanceUltrason:1.0) from (Rev. 23) to (Rev. 24)






Copyright 1986-2019 Xilinx, Inc. All Rights Reserved.
--------------------------------------------------------------------------------------
| Tool Version : Vivado v.2019.2.1 (lin64) Build 2729669 Thu Dec  5 04:48:12 MST 2019
| Date         : Sat Feb  1 14:32:48 2020
| Host         : grosportable running 64-bit Ubuntu 18.04.3 LTS
| Command      : upgrade_ip
| Device       : xc7z010clg400-1
--------------------------------------------------------------------------------------

Upgrade Log for IP 'design_1_capteurDistanceUltra_0_0'

1. Summary
----------

SUCCESS in the upgrade of design_1_capteurDistanceUltra_0_0 (user.org:user:capteurDistanceUltrason:1.0) from (Rev. 22) to (Rev. 23)






Copyright 1986-2019 Xilinx, Inc. All Rights Reserved.
--------------------------------------------------------------------------------------
| Tool Version : Vivado v.2019.2.1 (lin64) Build 2729669 Thu Dec  5 04:48:12 MST 2019
| Date         : Sat Feb  1 14:15:55 2020
| Host         : grosportable running 64-bit Ubuntu 18.04.3 LTS
| Command      : upgrade_ip
| Device       : xc7z010clg400-1
--------------------------------------------------------------------------------------

Upgrade Log for IP 'design_1_capteurDistanceUltra_0_0'

1. Summary
----------

SUCCESS in the upgrade of design_1_capteurDistanceUltra_0_0 (user.org:user:capteurDistanceUltrason:1.0) from (Rev. 21) to (Rev. 22)






Copyright 1986-2019 Xilinx, Inc. All Rights Reserved.
--------------------------------------------------------------------------------------
| Tool Version : Vivado v.2019.2.1 (lin64) Build 2729669 Thu Dec  5 04:48:12 MST 2019
| Date         : Sat Feb  1 14:04:54 2020
| Host         : grosportable running 64-bit Ubuntu 18.04.3 LTS
| Command      : upgrade_ip
| Device       : xc7z010clg400-1
--------------------------------------------------------------------------------------

Upgrade Log for IP 'design_1_capteurDistanceUltra_0_0'

1. Summary
----------

SUCCESS in the upgrade of design_1_capteurDistanceUltra_0_0 (user.org:user:capteurDistanceUltrason:1.0) from (Rev. 20) to (Rev. 21)






Copyright 1986-2019 Xilinx, Inc. All Rights Reserved.
--------------------------------------------------------------------------------------
| Tool Version : Vivado v.2019.2.1 (lin64) Build 2729669 Thu Dec  5 04:48:12 MST 2019
| Date         : Sat Feb  1 13:58:23 2020
| Host         : grosportable running 64-bit Ubuntu 18.04.3 LTS
| Command      : upgrade_ip
| Device       : xc7z010clg400-1
--------------------------------------------------------------------------------------

Upgrade Log for IP 'design_1_capteurDistanceUltra_0_0'

1. Summary
----------

SUCCESS in the upgrade of design_1_capteurDistanceUltra_0_0 (user.org:user:capteurDistanceUltrason:1.0) from (Rev. 19) to (Rev. 20)






Copyright 1986-2019 Xilinx, Inc. All Rights Reserved.
--------------------------------------------------------------------------------------
| Tool Version : Vivado v.2019.2.1 (lin64) Build 2729669 Thu Dec  5 04:48:12 MST 2019
| Date         : Sat Feb  1 00:36:44 2020
| Host         : grosportable running 64-bit Ubuntu 18.04.3 LTS
| Command      : upgrade_ip
| Device       : xc7z010clg400-1
--------------------------------------------------------------------------------------

Upgrade Log for IP 'design_1_capteurDistanceUltra_0_0'

1. Summary
----------

SUCCESS in the upgrade of design_1_capteurDistanceUltra_0_0 (user.org:user:capteurDistanceUltrason:1.0) from (Rev. 18) to (Rev. 19)






Copyright 1986-2019 Xilinx, Inc. All Rights Reserved.
--------------------------------------------------------------------------------------
| Tool Version : Vivado v.2019.2.1 (lin64) Build 2729669 Thu Dec  5 04:48:12 MST 2019
| Date         : Sat Feb  1 00:23:15 2020
| Host         : grosportable running 64-bit Ubuntu 18.04.3 LTS
| Command      : upgrade_ip
| Device       : xc7z010clg400-1
--------------------------------------------------------------------------------------

Upgrade Log for IP 'design_1_capteurDistanceUltra_0_0'

1. Summary
----------

SUCCESS in the upgrade of design_1_capteurDistanceUltra_0_0 (user.org:user:capteurDistanceUltrason:1.0) from (Rev. 17) to (Rev. 18)






Copyright 1986-2019 Xilinx, Inc. All Rights Reserved.
--------------------------------------------------------------------------------------
| Tool Version : Vivado v.2019.2.1 (lin64) Build 2729669 Thu Dec  5 04:48:12 MST 2019
| Date         : Sat Feb  1 00:12:56 2020
| Host         : grosportable running 64-bit Ubuntu 18.04.3 LTS
| Command      : upgrade_ip
| Device       : xc7z010clg400-1
--------------------------------------------------------------------------------------

Upgrade Log for IP 'design_1_capteurDistanceUltra_0_0'

1. Summary
----------

SUCCESS in the upgrade of design_1_capteurDistanceUltra_0_0 (user.org:user:capteurDistanceUltrason:1.0) from (Rev. 16) to (Rev. 17)






Copyright 1986-2019 Xilinx, Inc. All Rights Reserved.
--------------------------------------------------------------------------------------
| Tool Version : Vivado v.2019.2.1 (lin64) Build 2729669 Thu Dec  5 04:48:12 MST 2019
| Date         : Sat Feb  1 00:09:42 2020
| Host         : grosportable running 64-bit Ubuntu 18.04.3 LTS
| Command      : upgrade_ip
| Device       : xc7z010clg400-1
--------------------------------------------------------------------------------------

Upgrade Log for IP 'design_1_capteurDistanceUltra_0_0'

1. Summary
----------

SUCCESS in the upgrade of design_1_capteurDistanceUltra_0_0 (user.org:user:capteurDistanceUltrason:1.0) from (Rev. 14) to (Rev. 16)






Copyright 1986-2019 Xilinx, Inc. All Rights Reserved.
--------------------------------------------------------------------------------------
| Tool Version : Vivado v.2019.2.1 (lin64) Build 2729669 Thu Dec  5 04:48:12 MST 2019
| Date         : Sat Feb  1 00:09:42 2020
| Host         : grosportable running 64-bit Ubuntu 18.04.3 LTS
| Command      : upgrade_ip
| Device       : xc7z010clg400-1
--------------------------------------------------------------------------------------

Upgrade Log for IP 'design_1_PmodMIC3_0_1'

1. Summary
----------

SUCCESS in the upgrade of design_1_PmodMIC3_0_1 (moi.org:user:PmodMIC3:1.2) from (Rev. 24) to (Rev. 25)






Copyright 1986-2019 Xilinx, Inc. All Rights Reserved.
--------------------------------------------------------------------------------------
| Tool Version : Vivado v.2019.2.1 (lin64) Build 2729669 Thu Dec  5 04:48:12 MST 2019
| Date         : Fri Jan 31 23:45:14 2020
| Host         : grosportable running 64-bit Ubuntu 18.04.3 LTS
| Command      : upgrade_ip
| Device       : xc7z010clg400-1
--------------------------------------------------------------------------------------

Upgrade Log for IP 'design_1_capteurDistanceUltra_0_0'

1. Summary
----------

SUCCESS in the upgrade of design_1_capteurDistanceUltra_0_0 (user.org:user:capteurDistanceUltrason:1.0) from (Rev. 9) to (Rev. 14)






Copyright 1986-2019 Xilinx, Inc. All Rights Reserved.
--------------------------------------------------------------------------------------
| Tool Version : Vivado v.2019.2.1 (lin64) Build 2729669 Thu Dec  5 04:48:12 MST 2019
| Date         : Fri Jan 31 23:12:57 2020
| Host         : grosportable running 64-bit Ubuntu 18.04.3 LTS
| Command      : upgrade_ip
| Device       : xc7z010clg400-1
--------------------------------------------------------------------------------------

Upgrade Log for IP 'design_1_capteurDistanceUltra_0_0'

1. Summary
----------

SUCCESS in the upgrade of design_1_capteurDistanceUltra_0_0 (user.org:user:capteurDistanceUltrason:1.0) from (Rev. 7) to (Rev. 9)






Copyright 1986-2019 Xilinx, Inc. All Rights Reserved.
--------------------------------------------------------------------------------------
| Tool Version : Vivado v.2019.2.1 (lin64) Build 2729669 Thu Dec  5 04:48:12 MST 2019
| Date         : Fri Jan 31 22:55:42 2020
| Host         : grosportable running 64-bit Ubuntu 18.04.3 LTS
| Command      : upgrade_ip
| Device       : xc7z010clg400-1
--------------------------------------------------------------------------------------

Upgrade Log for IP 'design_1_capteurDistanceUltra_0_0'

1. Summary
----------

SUCCESS in the upgrade of design_1_capteurDistanceUltra_0_0 (user.org:user:capteurDistanceUltrason:1.0) from (Rev. 6) to (Rev. 7)






Copyright 1986-2019 Xilinx, Inc. All Rights Reserved.
--------------------------------------------------------------------------------------
| Tool Version : Vivado v.2019.2.1 (lin64) Build 2729669 Thu Dec  5 04:48:12 MST 2019
| Date         : Fri Jan 31 22:55:42 2020
| Host         : grosportable running 64-bit Ubuntu 18.04.3 LTS
| Command      : upgrade_ip
| Device       : xc7z010clg400-1
--------------------------------------------------------------------------------------

Upgrade Log for IP 'design_1_PmodMIC3_0_1'

1. Summary
----------

SUCCESS in the conversion of design_1_PmodMIC3_0_1 (moi.org:user:PmodMIC3:1.2 (Rev. 24)) to Vivado generation flows.






Copyright 1986-2019 Xilinx, Inc. All Rights Reserved.
--------------------------------------------------------------------------------------
| Tool Version : Vivado v.2019.2.1 (lin64) Build 2729669 Thu Dec  5 04:48:12 MST 2019
| Date         : Fri Jan 31 22:52:19 2020
| Host         : grosportable running 64-bit Ubuntu 18.04.3 LTS
| Command      : upgrade_ip
| Device       : xc7z010clg400-1
--------------------------------------------------------------------------------------

Upgrade Log for IP 'design_1_capteurDistanceUltra_0_0'

1. Summary
----------

SUCCESS in the upgrade of design_1_capteurDistanceUltra_0_0 (user.org:user:capteurDistanceUltrason:1.0) from (Rev. 6) to (Rev. 7)






Copyright 1986-2019 Xilinx, Inc. All Rights Reserved.
--------------------------------------------------------------------------------------
| Tool Version : Vivado v.2019.2.1 (lin64) Build 2729669 Thu Dec  5 04:48:12 MST 2019
| Date         : Fri Jan 31 22:52:19 2020
| Host         : grosportable running 64-bit Ubuntu 18.04.3 LTS
| Command      : upgrade_ip
| Device       : xc7z010clg400-1
--------------------------------------------------------------------------------------

Upgrade Log for IP 'design_1_PmodMIC3_0_1'

1. Summary
----------

SUCCESS in the upgrade of design_1_PmodMIC3_0_1 (moi.org:user:PmodMIC3:1.2) from (Rev. 24) to (Rev. 25)






Copyright 1986-2019 Xilinx, Inc. All Rights Reserved.
--------------------------------------------------------------------------------------
| Tool Version : Vivado v.2019.2.1 (lin64) Build 2729669 Thu Dec  5 04:48:12 MST 2019
| Date         : Fri Jan 31 00:07:09 2020
| Host         : grosportable running 64-bit Ubuntu 18.04.3 LTS
| Command      : upgrade_ip
| Device       : xc7z010clg400-1
--------------------------------------------------------------------------------------

Upgrade Log for IP 'design_1_capteurDistanceUltra_0_0'

1. Summary
----------

SUCCESS in the upgrade of design_1_capteurDistanceUltra_0_0 (user.org:user:capteurDistanceUltrason:1.0) from (Rev. 5) to (Rev. 6)






Copyright 1986-2019 Xilinx, Inc. All Rights Reserved.
--------------------------------------------------------------------------------------
| Tool Version : Vivado v.2019.2.1 (lin64) Build 2729669 Thu Dec  5 04:48:12 MST 2019
| Date         : Tue Jan 28 22:40:34 2020
| Host         : grosportable running 64-bit Ubuntu 18.04.3 LTS
| Command      : upgrade_ip
| Device       : xc7z010clg400-1
--------------------------------------------------------------------------------------

Upgrade Log for IP 'design_1_capteurDistanceUltra_0_0'

1. Summary
----------

SUCCESS in the upgrade of design_1_capteurDistanceUltra_0_0 (user.org:user:capteurDistanceUltrason:1.0) from (Rev. 4) to (Rev. 5)






Copyright 1986-2019 Xilinx, Inc. All Rights Reserved.
--------------------------------------------------------------------------------------
| Tool Version : Vivado v.2019.2.1 (lin64) Build 2729669 Thu Dec  5 04:48:12 MST 2019
| Date         : Mon Jan 27 22:58:44 2020
| Host         : grosportable running 64-bit Ubuntu 18.04.3 LTS
| Command      : upgrade_ip
| Device       : xc7z010clg400-1
--------------------------------------------------------------------------------------

Upgrade Log for IP 'design_1_capteurDistanceUltra_0_0'

1. Summary
----------

SUCCESS in the upgrade of design_1_capteurDistanceUltra_0_0 (user.org:user:capteurDistanceUltrason:1.0) from (Rev. 3) to (Rev. 4)






Copyright 1986-2019 Xilinx, Inc. All Rights Reserved.
--------------------------------------------------------------------------------------
| Tool Version : Vivado v.2019.2.1 (lin64) Build 2729669 Thu Dec  5 04:48:12 MST 2019
| Date         : Mon Jan 27 22:52:38 2020
| Host         : grosportable running 64-bit Ubuntu 18.04.3 LTS
| Command      : upgrade_ip
| Device       : xc7z010clg400-1
--------------------------------------------------------------------------------------

Upgrade Log for IP 'design_1_capteurDistanceUltra_0_0'

1. Summary
----------

SUCCESS in the conversion of design_1_capteurDistanceUltra_0_0 (user.org:user:capteurDistanceUltrason:1.0 (Rev. 3)) to Vivado generation flows.






Copyright 1986-2019 Xilinx, Inc. All Rights Reserved.
--------------------------------------------------------------------------------------
| Tool Version : Vivado v.2019.2.1 (lin64) Build 2729669 Thu Dec  5 04:48:12 MST 2019
| Date         : Sat Jan 25 23:37:50 2020
| Host         : grosportable running 64-bit Ubuntu 18.04.3 LTS
| Command      : upgrade_ip
| Device       : xc7z010clg400-1
--------------------------------------------------------------------------------------

Upgrade Log for IP 'design_1_capteurDistanceUltra_0_0'

1. Summary
----------

CAUTION (success, with warnings) in the upgrade of design_1_capteurDistanceUltra_0_0 (user.org:user:capteurDistanceUltrason:1.0) from (Rev. 2) to (Rev. 3)

After upgrade, an IP may have parameter and port differences compared to the original customization. Please review the parameters within the IP customization GUI to ensure proper functionality. Also, please review the updated IP instantiation template to ensure proper connectivity, and update your design if required.

2. Connection Warnings
----------------------

Detected external port differences while upgrading 'design_1_capteurDistanceUltra_0_0'. These changes may impact your design.


-Upgrade has added port 'entree_echo'

-Upgrade has added port 'sortie_trig'







Copyright 1986-2019 Xilinx, Inc. All Rights Reserved.
--------------------------------------------------------------------------------------
| Tool Version : Vivado v.2019.2.1 (lin64) Build 2729669 Thu Dec  5 04:48:12 MST 2019
| Date         : Sat Jan 25 23:11:58 2020
| Host         : grosportable running 64-bit Ubuntu 18.04.3 LTS
| Command      : upgrade_ip
| Device       : xc7z010clg400-1
--------------------------------------------------------------------------------------

Upgrade Log for IP 'design_1_capteurDistanceUltra_0_0'

1. Summary
----------

SUCCESS in the upgrade of design_1_capteurDistanceUltra_0_0 (user.org:user:capteurDistanceUltrason:1.0) from (Rev. 1) to (Rev. 2)






Copyright 1986-2019 Xilinx, Inc. All Rights Reserved.
--------------------------------------------------------------------------------------
| Tool Version : Vivado v.2019.2.1 (lin64) Build 2729669 Thu Dec  5 04:48:12 MST 2019
| Date         : Fri Jan 17 00:21:59 2020
| Host         : grosportable running 64-bit Ubuntu 18.04.3 LTS
| Command      : upgrade_ip
| Device       : xc7z010clg400-1
--------------------------------------------------------------------------------------

Upgrade Log for IP 'design_1_pmod_audio_0_1'

1. Summary
----------

SUCCESS in the upgrade of design_1_pmod_audio_0_1 (xilinx.com:user:pmod_audio:1.4) from (Rev. 14) to (Rev. 15)






Copyright 1986-2019 Xilinx, Inc. All Rights Reserved.
--------------------------------------------------------------------------------------
| Tool Version : Vivado v.2019.2.1 (lin64) Build 2729669 Thu Dec  5 04:48:12 MST 2019
| Date         : Fri Jan 17 00:21:59 2020
| Host         : grosportable running 64-bit Ubuntu 18.04.3 LTS
| Command      : upgrade_ip
| Device       : xc7z010clg400-1
--------------------------------------------------------------------------------------

Upgrade Log for IP 'design_1_pmod_audio_0_0'

1. Summary
----------

SUCCESS in the upgrade of design_1_pmod_audio_0_0 (xilinx.com:user:pmod_audio:1.4) from (Rev. 14) to (Rev. 15)






Copyright 1986-2019 Xilinx, Inc. All Rights Reserved.
--------------------------------------------------------------------------------------
| Tool Version : Vivado v.2019.2.1 (lin64) Build 2729669 Thu Dec  5 04:48:12 MST 2019
| Date         : Fri Jan 17 00:20:28 2020
| Host         : grosportable running 64-bit Ubuntu 18.04.3 LTS
| Command      : upgrade_ip
| Device       : xc7z010clg400-1
--------------------------------------------------------------------------------------

Upgrade Log for IP 'design_1_pmod_audio_0_1'

1. Summary
----------

SUCCESS in the conversion of design_1_pmod_audio_0_1 (xilinx.com:user:pmod_audio:1.4 (Rev. 14)) to Vivado generation flows.






Copyright 1986-2019 Xilinx, Inc. All Rights Reserved.
--------------------------------------------------------------------------------------
| Tool Version : Vivado v.2019.2.1 (lin64) Build 2729669 Thu Dec  5 04:48:12 MST 2019
| Date         : Fri Jan 17 00:20:28 2020
| Host         : grosportable running 64-bit Ubuntu 18.04.3 LTS
| Command      : upgrade_ip
| Device       : xc7z010clg400-1
--------------------------------------------------------------------------------------

Upgrade Log for IP 'design_1_pmod_audio_0_0'

1. Summary
----------

SUCCESS in the conversion of design_1_pmod_audio_0_0 (xilinx.com:user:pmod_audio:1.4 (Rev. 14)) to Vivado generation flows.






Copyright 1986-2019 Xilinx, Inc. All Rights Reserved.
--------------------------------------------------------------------------------------
| Tool Version : Vivado v.2019.2.1 (lin64) Build 2729669 Thu Dec  5 04:48:12 MST 2019
| Date         : Fri Jan 17 00:08:28 2020
| Host         : grosportable running 64-bit Ubuntu 18.04.3 LTS
| Command      : upgrade_ip
| Device       : xc7z010clg400-1
--------------------------------------------------------------------------------------

Upgrade Log for IP 'design_1_pmod_audio_0_1'

1. Summary
----------

SUCCESS in the upgrade of design_1_pmod_audio_0_1 (xilinx.com:user:pmod_audio:1.4) from (Rev. 10) to (Rev. 14)






Copyright 1986-2019 Xilinx, Inc. All Rights Reserved.
--------------------------------------------------------------------------------------
| Tool Version : Vivado v.2019.2.1 (lin64) Build 2729669 Thu Dec  5 04:48:12 MST 2019
| Date         : Fri Jan 17 00:08:28 2020
| Host         : grosportable running 64-bit Ubuntu 18.04.3 LTS
| Command      : upgrade_ip
| Device       : xc7z010clg400-1
--------------------------------------------------------------------------------------

Upgrade Log for IP 'design_1_pmod_audio_0_0'

1. Summary
----------

SUCCESS in the upgrade of design_1_pmod_audio_0_0 (xilinx.com:user:pmod_audio:1.4) from (Rev. 10) to (Rev. 14)






Copyright 1986-2019 Xilinx, Inc. All Rights Reserved.
--------------------------------------------------------------------------------------
| Tool Version : Vivado v.2019.2.1 (lin64) Build 2729669 Thu Dec  5 04:48:12 MST 2019
| Date         : Fri Jan 17 00:05:12 2020
| Host         : grosportable running 64-bit Ubuntu 18.04.3 LTS
| Command      : upgrade_ip
| Device       : xc7z010clg400-1
--------------------------------------------------------------------------------------

Upgrade Log for IP 'design_1_pmod_audio_0_1'

1. Summary
----------

SUCCESS in the conversion of design_1_pmod_audio_0_1 (xilinx.com:user:pmod_audio:1.4 (Rev. 10)) to Vivado generation flows.






Copyright 1986-2019 Xilinx, Inc. All Rights Reserved.
--------------------------------------------------------------------------------------
| Tool Version : Vivado v.2019.2.1 (lin64) Build 2729669 Thu Dec  5 04:48:12 MST 2019
| Date         : Fri Jan 17 00:05:12 2020
| Host         : grosportable running 64-bit Ubuntu 18.04.3 LTS
| Command      : upgrade_ip
| Device       : xc7z010clg400-1
--------------------------------------------------------------------------------------

Upgrade Log for IP 'design_1_pmod_audio_0_0'

1. Summary
----------

SUCCESS in the conversion of design_1_pmod_audio_0_0 (xilinx.com:user:pmod_audio:1.4 (Rev. 10)) to Vivado generation flows.






Copyright 1986-2019 Xilinx, Inc. All Rights Reserved.
--------------------------------------------------------------------------------------
| Tool Version : Vivado v.2019.2.1 (lin64) Build 2729669 Thu Dec  5 04:48:12 MST 2019
| Date         : Thu Jan 16 23:54:09 2020
| Host         : grosportable running 64-bit Ubuntu 18.04.3 LTS
| Command      : upgrade_ip
| Device       : xc7z010clg400-1
--------------------------------------------------------------------------------------

Upgrade Log for IP 'design_1_pmod_audio_0_1'

1. Summary
----------

SUCCESS in the conversion of design_1_pmod_audio_0_1 (xilinx.com:user:pmod_audio:1.4 (Rev. 10)) to Vivado generation flows.






Copyright 1986-2019 Xilinx, Inc. All Rights Reserved.
--------------------------------------------------------------------------------------
| Tool Version : Vivado v.2019.2.1 (lin64) Build 2729669 Thu Dec  5 04:48:12 MST 2019
| Date         : Thu Jan 16 23:54:09 2020
| Host         : grosportable running 64-bit Ubuntu 18.04.3 LTS
| Command      : upgrade_ip
| Device       : xc7z010clg400-1
--------------------------------------------------------------------------------------

Upgrade Log for IP 'design_1_pmod_audio_0_0'

1. Summary
----------

SUCCESS in the conversion of design_1_pmod_audio_0_0 (xilinx.com:user:pmod_audio:1.4 (Rev. 10)) to Vivado generation flows.






Copyright 1986-2019 Xilinx, Inc. All Rights Reserved.
--------------------------------------------------------------------------------------
| Tool Version : Vivado v.2019.2.1 (lin64) Build 2729669 Thu Dec  5 04:48:12 MST 2019
| Date         : Thu Jan 16 23:46:42 2020
| Host         : grosportable running 64-bit Ubuntu 18.04.3 LTS
| Command      : upgrade_ip
| Device       : xc7z010clg400-1
--------------------------------------------------------------------------------------

Upgrade Log for IP 'design_1_pmod_audio_0_1'

1. Summary
----------

SUCCESS in the conversion of design_1_pmod_audio_0_1 (xilinx.com:user:pmod_audio:1.4 (Rev. 10)) to Vivado generation flows.






Copyright 1986-2019 Xilinx, Inc. All Rights Reserved.
--------------------------------------------------------------------------------------
| Tool Version : Vivado v.2019.2.1 (lin64) Build 2729669 Thu Dec  5 04:48:12 MST 2019
| Date         : Thu Jan 16 23:46:42 2020
| Host         : grosportable running 64-bit Ubuntu 18.04.3 LTS
| Command      : upgrade_ip
| Device       : xc7z010clg400-1
--------------------------------------------------------------------------------------

Upgrade Log for IP 'design_1_pmod_audio_0_0'

1. Summary
----------

SUCCESS in the conversion of design_1_pmod_audio_0_0 (xilinx.com:user:pmod_audio:1.4 (Rev. 10)) to Vivado generation flows.






Copyright 1986-2019 Xilinx, Inc. All Rights Reserved.
--------------------------------------------------------------------------------------
| Tool Version : Vivado v.2019.2.1 (lin64) Build 2729669 Thu Dec  5 04:48:12 MST 2019
| Date         : Thu Jan 16 23:36:14 2020
| Host         : grosportable running 64-bit Ubuntu 18.04.3 LTS
| Command      : upgrade_ip
| Device       : xc7z010clg400-1
--------------------------------------------------------------------------------------

Upgrade Log for IP 'design_1_pmod_audio_0_1'

1. Summary
----------

SUCCESS in the conversion of design_1_pmod_audio_0_1 (xilinx.com:user:pmod_audio:1.4 (Rev. 10)) to Vivado generation flows.






Copyright 1986-2019 Xilinx, Inc. All Rights Reserved.
--------------------------------------------------------------------------------------
| Tool Version : Vivado v.2019.2.1 (lin64) Build 2729669 Thu Dec  5 04:48:12 MST 2019
| Date         : Thu Jan 16 23:36:14 2020
| Host         : grosportable running 64-bit Ubuntu 18.04.3 LTS
| Command      : upgrade_ip
| Device       : xc7z010clg400-1
--------------------------------------------------------------------------------------

Upgrade Log for IP 'design_1_pmod_audio_0_0'

1. Summary
----------

SUCCESS in the conversion of design_1_pmod_audio_0_0 (xilinx.com:user:pmod_audio:1.4 (Rev. 10)) to Vivado generation flows.






Copyright 1986-2019 Xilinx, Inc. All Rights Reserved.
--------------------------------------------------------------------------------------
| Tool Version : Vivado v.2019.2.1 (lin64) Build 2729669 Thu Dec  5 04:48:12 MST 2019
| Date         : Tue Jan 14 21:52:25 2020
| Host         : grosportable running 64-bit Ubuntu 18.04.3 LTS
| Command      : upgrade_ip
| Device       : xc7z010clg400-1
--------------------------------------------------------------------------------------

Upgrade Log for IP 'design_1_ps7_0_axi_periph_0'

1. Summary
----------

SUCCESS in the upgrade of design_1_ps7_0_axi_periph_0 (xilinx.com:ip:axi_interconnect:2.1) from (Rev. 20) to (Rev. 21)






Copyright 1986-2019 Xilinx, Inc. All Rights Reserved.
--------------------------------------------------------------------------------------
| Tool Version : Vivado v.2019.1.3 (lin64) Build 2644227 Wed Sep  4 09:44:18 MDT 2019
| Date         : Sun Jan  5 00:56:01 2020
| Host         : grosportable running 64-bit Ubuntu 18.04.3 LTS
| Command      : upgrade_ip
| Device       : xc7z010clg400-1
--------------------------------------------------------------------------------------

Upgrade Log for IP 'design_1_ps7_0_axi_periph_0'

1. Summary
----------

SUCCESS in the upgrade of design_1_ps7_0_axi_periph_0 (xilinx.com:ip:axi_interconnect:2.1) from (Rev. 21) to (Rev. 20)

