INFO: [VRFC 10-2263] Analyzing Verilog file "/home/nicolas/yocto/soft_zybo/lerobot/vivado/project_1_vivado_2019_2/project_1_vivado_2019_1.ip_user_files/bd/design_1/ip/design_1_processing_system7_0_0/sim/design_1_processing_system7_0_0.v" into library xil_defaultlib
INFO: [VRFC 10-311] analyzing module design_1_processing_system7_0_0
INFO: [VRFC 10-2263] Analyzing Verilog file "/home/nicolas/yocto/soft_zybo/lerobot/vivado/project_1_vivado_2019_2/project_1_vivado_2019_1.ip_user_files/bd/design_1/ipshared/d681/DAC16bits.v" into library xil_defaultlib
INFO: [VRFC 10-311] analyzing module interface_DAC16bits
INFO: [VRFC 10-2263] Analyzing Verilog file "/home/nicolas/yocto/soft_zybo/lerobot/vivado/project_1_vivado_2019_2/project_1_vivado_2019_1.ip_user_files/bd/design_1/ip/design_1_interface_DAC8551_1_0/sim/design_1_interface_DAC8551_1_0.v" into library xil_defaultlib
INFO: [VRFC 10-311] analyzing module design_1_interface_DAC8551_1_0
INFO: [VRFC 10-2263] Analyzing Verilog file "/home/nicolas/yocto/soft_zybo/lerobot/vivado/project_1_vivado_2019_2/project_1_vivado_2019_1.ip_user_files/bd/design_1/ipshared/53a9/src/EchantilloneurRAM_2.v" into library xil_defaultlib
INFO: [VRFC 10-311] analyzing module echantillonneurRAM_2
INFO: [VRFC 10-2263] Analyzing Verilog file "/home/nicolas/yocto/soft_zybo/lerobot/vivado/project_1_vivado_2019_2/project_1_vivado_2019_1.ip_user_files/bd/design_1/ipshared/53a9/src/FIRRAM_3.v" into library xil_defaultlib
INFO: [VRFC 10-311] analyzing module firRAM_3
INFO: [VRFC 10-311] analyzing module test_firRAM_3
INFO: [VRFC 10-2263] Analyzing Verilog file "/home/nicolas/yocto/soft_zybo/lerobot/vivado/project_1_vivado_2019_2/project_1_vivado_2019_1.ip_user_files/bd/design_1/ipshared/53a9/src/FIR_RAM_v1_0_S00_AXI.v" into library xil_defaultlib
INFO: [VRFC 10-311] analyzing module FIR_RAM_v1_0_S00_AXI
INFO: [VRFC 10-2263] Analyzing Verilog file "/home/nicolas/yocto/soft_zybo/lerobot/vivado/project_1_vivado_2019_2/project_1_vivado_2019_1.ip_user_files/bd/design_1/ipshared/53a9/src/FIR_RAM_v1_0.v" into library xil_defaultlib
INFO: [VRFC 10-311] analyzing module FIR_RAM_v1_0
INFO: [VRFC 10-2263] Analyzing Verilog file "/home/nicolas/yocto/soft_zybo/lerobot/vivado/project_1_vivado_2019_2/project_1_vivado_2019_1.ip_user_files/bd/design_1/ip/design_1_FIR_0_0/sim/design_1_FIR_0_0.v" into library xil_defaultlib
INFO: [VRFC 10-311] analyzing module design_1_FIR_0_0
INFO: [VRFC 10-2263] Analyzing Verilog file "/home/nicolas/yocto/soft_zybo/lerobot/vivado/project_1_vivado_2019_2/project_1_vivado_2019_1.ip_user_files/bd/design_1/ip/design_1_FIR_1_0/sim/design_1_FIR_1_0.v" into library xil_defaultlib
INFO: [VRFC 10-311] analyzing module design_1_FIR_1_0
INFO: [VRFC 10-2263] Analyzing Verilog file "/home/nicolas/yocto/soft_zybo/lerobot/vivado/project_1_vivado_2019_2/project_1_vivado_2019_1.ip_user_files/bd/design_1/ip/design_1_FIR_0_1/sim/design_1_FIR_0_1.v" into library xil_defaultlib
INFO: [VRFC 10-311] analyzing module design_1_FIR_0_1
INFO: [VRFC 10-2263] Analyzing Verilog file "/home/nicolas/yocto/soft_zybo/lerobot/vivado/project_1_vivado_2019_2/project_1_vivado_2019_1.ip_user_files/bd/design_1/ip/design_1_FIR_0_2/sim/design_1_FIR_0_2.v" into library xil_defaultlib
INFO: [VRFC 10-311] analyzing module design_1_FIR_0_2
INFO: [VRFC 10-2263] Analyzing Verilog file "/home/nicolas/yocto/soft_zybo/lerobot/vivado/project_1_vivado_2019_2/project_1_vivado_2019_1.ip_user_files/bd/design_1/ip/design_1_xbar_0/sim/design_1_xbar_0.v" into library xil_defaultlib
INFO: [VRFC 10-311] analyzing module design_1_xbar_0
INFO: [VRFC 10-2263] Analyzing Verilog file "/home/nicolas/yocto/soft_zybo/lerobot/vivado/project_1_vivado_2019_2/project_1_vivado_2019_1.ip_user_files/bd/design_1/ip/design_1_auto_pc_9/sim/design_1_auto_pc_9.v" into library xil_defaultlib
INFO: [VRFC 10-311] analyzing module design_1_auto_pc_9
INFO: [VRFC 10-2263] Analyzing Verilog file "/home/nicolas/yocto/soft_zybo/lerobot/vivado/project_1_vivado_2019_2/project_1_vivado_2019_1.ip_user_files/bd/design_1/ip/design_1_auto_pc_0/sim/design_1_auto_pc_0.v" into library xil_defaultlib
INFO: [VRFC 10-311] analyzing module design_1_auto_pc_0
INFO: [VRFC 10-2263] Analyzing Verilog file "/home/nicolas/yocto/soft_zybo/lerobot/vivado/project_1_vivado_2019_2/project_1_vivado_2019_1.ip_user_files/bd/design_1/ip/design_1_auto_pc_1/sim/design_1_auto_pc_1.v" into library xil_defaultlib
INFO: [VRFC 10-311] analyzing module design_1_auto_pc_1
INFO: [VRFC 10-2263] Analyzing Verilog file "/home/nicolas/yocto/soft_zybo/lerobot/vivado/project_1_vivado_2019_2/project_1_vivado_2019_1.ip_user_files/bd/design_1/ip/design_1_auto_pc_2/sim/design_1_auto_pc_2.v" into library xil_defaultlib
INFO: [VRFC 10-311] analyzing module design_1_auto_pc_2
INFO: [VRFC 10-2263] Analyzing Verilog file "/home/nicolas/yocto/soft_zybo/lerobot/vivado/project_1_vivado_2019_2/project_1_vivado_2019_1.ip_user_files/bd/design_1/ip/design_1_auto_pc_3/sim/design_1_auto_pc_3.v" into library xil_defaultlib
INFO: [VRFC 10-311] analyzing module design_1_auto_pc_3
INFO: [VRFC 10-2263] Analyzing Verilog file "/home/nicolas/yocto/soft_zybo/lerobot/vivado/project_1_vivado_2019_2/project_1_vivado_2019_1.ip_user_files/bd/design_1/ip/design_1_auto_pc_4/sim/design_1_auto_pc_4.v" into library xil_defaultlib
INFO: [VRFC 10-311] analyzing module design_1_auto_pc_4
INFO: [VRFC 10-2263] Analyzing Verilog file "/home/nicolas/yocto/soft_zybo/lerobot/vivado/project_1_vivado_2019_2/project_1_vivado_2019_1.ip_user_files/bd/design_1/ip/design_1_auto_pc_5/sim/design_1_auto_pc_5.v" into library xil_defaultlib
INFO: [VRFC 10-311] analyzing module design_1_auto_pc_5
INFO: [VRFC 10-2263] Analyzing Verilog file "/home/nicolas/yocto/soft_zybo/lerobot/vivado/project_1_vivado_2019_2/project_1_vivado_2019_1.ip_user_files/bd/design_1/ip/design_1_auto_pc_6/sim/design_1_auto_pc_6.v" into library xil_defaultlib
INFO: [VRFC 10-311] analyzing module design_1_auto_pc_6
INFO: [VRFC 10-2263] Analyzing Verilog file "/home/nicolas/yocto/soft_zybo/lerobot/vivado/project_1_vivado_2019_2/project_1_vivado_2019_1.ip_user_files/bd/design_1/ip/design_1_auto_pc_7/sim/design_1_auto_pc_7.v" into library xil_defaultlib
INFO: [VRFC 10-311] analyzing module design_1_auto_pc_7
INFO: [VRFC 10-2263] Analyzing Verilog file "/home/nicolas/yocto/soft_zybo/lerobot/vivado/project_1_vivado_2019_2/project_1_vivado_2019_1.ip_user_files/bd/design_1/ip/design_1_auto_pc_8/sim/design_1_auto_pc_8.v" into library xil_defaultlib
INFO: [VRFC 10-311] analyzing module design_1_auto_pc_8
INFO: [VRFC 10-163] Analyzing VHDL file "/home/nicolas/yocto/soft_zybo/lerobot/vivado/project_1_vivado_2019_2/project_1_vivado_2019_1.ip_user_files/bd/design_1/ip/design_1_rst_ps7_0_100M_0/sim/design_1_rst_ps7_0_100M_0.vhd" into library xil_defaultlib
INFO: [VRFC 10-3107] analyzing entity 'design_1_rst_ps7_0_100M_0'
INFO: [VRFC 10-163] Analyzing VHDL file "/home/nicolas/yocto/soft_zybo/lerobot/vivado/project_1_vivado_2019_2/project_1_vivado_2019_1.ip_user_files/bd/design_1/ipshared/1611/entre_micro.vhd" into library xil_defaultlib
INFO: [VRFC 10-3107] analyzing entity 'entre_micro'
INFO: [VRFC 10-163] Analyzing VHDL file "/home/nicolas/yocto/soft_zybo/lerobot/vivado/project_1_vivado_2019_2/project_1_vivado_2019_1.ip_user_files/bd/design_1/ip/design_1_PmodMIC3_0_1/sim/design_1_PmodMIC3_0_1.vhd" into library xil_defaultlib
INFO: [VRFC 10-3107] analyzing entity 'design_1_PmodMIC3_0_1'
INFO: [VRFC 10-163] Analyzing VHDL file "/home/nicolas/yocto/soft_zybo/lerobot/vivado/project_1_vivado_2019_2/project_1_vivado_2019_1.ip_user_files/bd/design_1/ipshared/b6d0/hdl/melangeur_v1_0.vhd" into library xil_defaultlib
INFO: [VRFC 10-3107] analyzing entity 'melangeur'
INFO: [VRFC 10-163] Analyzing VHDL file "/home/nicolas/yocto/soft_zybo/lerobot/vivado/project_1_vivado_2019_2/project_1_vivado_2019_1.ip_user_files/bd/design_1/ip/design_1_melangeur_0_1/sim/design_1_melangeur_0_1.vhd" into library xil_defaultlib
INFO: [VRFC 10-3107] analyzing entity 'design_1_melangeur_0_1'
INFO: [VRFC 10-163] Analyzing VHDL file "/home/nicolas/yocto/soft_zybo/lerobot/vivado/project_1_vivado_2019_2/project_1_vivado_2019_1.ip_user_files/bd/design_1/ipshared/gain.vhd" into library xil_defaultlib
INFO: [VRFC 10-3107] analyzing entity 'gain'
INFO: [VRFC 10-163] Analyzing VHDL file "/home/nicolas/yocto/soft_zybo/lerobot/vivado/project_1_vivado_2019_2/project_1_vivado_2019_1.ip_user_files/bd/design_1/ipshared/d569/hdl/gainNvoies_v1_0_S00_AXI.vhd" into library xil_defaultlib
INFO: [VRFC 10-3107] analyzing entity 'gainNvoies_v1_0_S00_AXI'
INFO: [VRFC 10-163] Analyzing VHDL file "/home/nicolas/yocto/soft_zybo/lerobot/vivado/project_1_vivado_2019_2/project_1_vivado_2019_1.ip_user_files/bd/design_1/ipshared/d569/hdl/gainNvoies_v1_0.vhd" into library xil_defaultlib
INFO: [VRFC 10-3107] analyzing entity 'gainNvoies_v1_0'
INFO: [VRFC 10-163] Analyzing VHDL file "/home/nicolas/yocto/soft_zybo/lerobot/vivado/project_1_vivado_2019_2/project_1_vivado_2019_1.ip_user_files/bd/design_1/ip/design_1_gainNvoies_0_0/sim/design_1_gainNvoies_0_0.vhd" into library xil_defaultlib
INFO: [VRFC 10-3107] analyzing entity 'design_1_gainNvoies_0_0'
INFO: [VRFC 10-163] Analyzing VHDL file "/home/nicolas/yocto/soft_zybo/lerobot/vivado/project_1_vivado_2019_2/project_1_vivado_2019_1.ip_user_files/bd/design_1/ipshared/a183/audio_pwm.vhd" into library xil_defaultlib
INFO: [VRFC 10-3107] analyzing entity 'interfaceCodec'
INFO: [VRFC 10-163] Analyzing VHDL file "/home/nicolas/yocto/soft_zybo/lerobot/vivado/project_1_vivado_2019_2/project_1_vivado_2019_1.ip_user_files/bd/design_1/ipshared/a183/hdl/pmod_audio_v1_0_S00_AXI.vhd" into library xil_defaultlib
INFO: [VRFC 10-3107] analyzing entity 'pmod_audio_v1_0_S00_AXI'
INFO: [VRFC 10-163] Analyzing VHDL file "/home/nicolas/yocto/soft_zybo/lerobot/vivado/project_1_vivado_2019_2/project_1_vivado_2019_1.ip_user_files/bd/design_1/ipshared/a183/hdl/pmod_audio_v1_0.vhd" into library xil_defaultlib
INFO: [VRFC 10-3107] analyzing entity 'pmod_audio_v1_0'
INFO: [VRFC 10-163] Analyzing VHDL file "/home/nicolas/yocto/soft_zybo/lerobot/vivado/project_1_vivado_2019_2/project_1_vivado_2019_1.ip_user_files/bd/design_1/ip/design_1_pmod_audio_0_0/sim/design_1_pmod_audio_0_0.vhd" into library xil_defaultlib
INFO: [VRFC 10-3107] analyzing entity 'design_1_pmod_audio_0_0'
INFO: [VRFC 10-163] Analyzing VHDL file "/home/nicolas/yocto/soft_zybo/lerobot/vivado/project_1_vivado_2019_2/project_1_vivado_2019_1.ip_user_files/bd/design_1/ip/design_1_pmod_audio_0_1/sim/design_1_pmod_audio_0_1.vhd" into library xil_defaultlib
INFO: [VRFC 10-3107] analyzing entity 'design_1_pmod_audio_0_1'
INFO: [VRFC 10-163] Analyzing VHDL file "/home/nicolas/yocto/soft_zybo/lerobot/vivado/project_1_vivado_2019_2/project_1_vivado_2019_1.ip_user_files/bd/design_1/ipshared/f2ec/hdl/piloteHC-SR04.vhd" into library xil_defaultlib
INFO: [VRFC 10-3107] analyzing entity 'piloteHC_SR04'
INFO: [VRFC 10-163] Analyzing VHDL file "/home/nicolas/yocto/soft_zybo/lerobot/vivado/project_1_vivado_2019_2/project_1_vivado_2019_1.ip_user_files/bd/design_1/ipshared/f2ec/hdl/capteurDistanceUltrason_v1_0_S00_AXI.vhd" into library xil_defaultlib
INFO: [VRFC 10-3107] analyzing entity 'capteurDistanceUltrason_v1_0_S00_AXI'
INFO: [VRFC 10-163] Analyzing VHDL file "/home/nicolas/yocto/soft_zybo/lerobot/vivado/project_1_vivado_2019_2/project_1_vivado_2019_1.ip_user_files/bd/design_1/ipshared/f2ec/hdl/capteurDistanceUltrason_v1_0.vhd" into library xil_defaultlib
INFO: [VRFC 10-3107] analyzing entity 'capteurDistanceUltrason_v1_0'
INFO: [VRFC 10-163] Analyzing VHDL file "/home/nicolas/yocto/soft_zybo/lerobot/vivado/project_1_vivado_2019_2/project_1_vivado_2019_1.ip_user_files/bd/design_1/ip/design_1_GyrocsopeSPI_0_0/sim/design_1_GyrocsopeSPI_0_0.vhd" into library xil_defaultlib
INFO: [VRFC 10-3107] analyzing entity 'design_1_GyrocsopeSPI_0_0'
INFO: [VRFC 10-163] Analyzing VHDL file "/home/nicolas/yocto/soft_zybo/lerobot/vivado/project_1_vivado_2019_2/project_1_vivado_2019_1.ip_user_files/bd/design_1/ipshared/0922/hdl/diviseur_horloge.vhd" into library xil_defaultlib
INFO: [VRFC 10-3107] analyzing entity 'diviseur_horloge'
INFO: [VRFC 10-163] Analyzing VHDL file "/home/nicolas/yocto/soft_zybo/lerobot/vivado/project_1_vivado_2019_2/project_1_vivado_2019_1.ip_user_files/bd/design_1/ipshared/0922/src/interface_spi_materielle.vhd" into library xil_defaultlib
INFO: [VRFC 10-3107] analyzing entity 'inerface_spi_materielle'
INFO: [VRFC 10-163] Analyzing VHDL file "/home/nicolas/yocto/soft_zybo/lerobot/vivado/project_1_vivado_2019_2/project_1_vivado_2019_1.ip_user_files/bd/design_1/ipshared/0922/src/interface_spi_commande.vhd" into library xil_defaultlib
INFO: [VRFC 10-3107] analyzing entity 'spi_gyro_commande'
INFO: [VRFC 10-163] Analyzing VHDL file "/home/nicolas/yocto/soft_zybo/lerobot/vivado/project_1_vivado_2019_2/project_1_vivado_2019_1.ip_user_files/bd/design_1/ipshared/0922/hdl/mongyrocopse_v1_0_S00_AXI.vhd" into library xil_defaultlib
INFO: [VRFC 10-3107] analyzing entity 'mongyrocopse_v1_0_S00_AXI'
INFO: [VRFC 10-163] Analyzing VHDL file "/home/nicolas/yocto/soft_zybo/lerobot/vivado/project_1_vivado_2019_2/project_1_vivado_2019_1.ip_user_files/bd/design_1/ipshared/0922/hdl/mongyrocopse_v1_0.vhd" into library xil_defaultlib
INFO: [VRFC 10-3107] analyzing entity 'mongyrocopse_v1_0'
INFO: [VRFC 10-163] Analyzing VHDL file "/home/nicolas/yocto/soft_zybo/lerobot/vivado/project_1_vivado_2019_2/project_1_vivado_2019_1.ip_user_files/bd/design_1/ip/design_1_mongyrocopse_0_0/sim/design_1_mongyrocopse_0_0.vhd" into library xil_defaultlib
INFO: [VRFC 10-3107] analyzing entity 'design_1_mongyrocopse_0_0'
INFO: [VRFC 10-163] Analyzing VHDL file "/home/nicolas/yocto/soft_zybo/lerobot/vivado/project_1_vivado_2019_2/project_1_vivado_2019_1.ip_user_files/bd/design_1/sim/design_1.vhd" into library xil_defaultlib
INFO: [VRFC 10-3107] analyzing entity 'm00_couplers_imp_15SPJYW'
INFO: [VRFC 10-3107] analyzing entity 'm01_couplers_imp_XU9C55'
INFO: [VRFC 10-3107] analyzing entity 'm02_couplers_imp_14WQB4R'
INFO: [VRFC 10-3107] analyzing entity 'm03_couplers_imp_YFYJ3U'
INFO: [VRFC 10-3107] analyzing entity 'm04_couplers_imp_17KQ732'
INFO: [VRFC 10-3107] analyzing entity 'm05_couplers_imp_VQEDA7'
INFO: [VRFC 10-3107] analyzing entity 'm06_couplers_imp_16EQN6L'
INFO: [VRFC 10-3107] analyzing entity 'm07_couplers_imp_X61OAK'
INFO: [VRFC 10-3107] analyzing entity 'm08_couplers_imp_1024TAS'
INFO: [VRFC 10-3107] analyzing entity 'm09_couplers_imp_UP9YUT'
INFO: [VRFC 10-3107] analyzing entity 'm10_couplers_imp_I40Q9S'
INFO: [VRFC 10-3107] analyzing entity 's00_couplers_imp_UYSKKA'
INFO: [VRFC 10-3107] analyzing entity 'design_1_ps7_0_axi_periph_0'
INFO: [VRFC 10-3107] analyzing entity 'design_1'
INFO: [VRFC 10-163] Analyzing VHDL file "/home/nicolas/yocto/soft_zybo/lerobot/vivado/project_1_vivado_2019_2/project_1_vivado_2019_1.srcs/sources_1/bd/design_1/hdl/design_1_wrapper.vhd" into library xil_defaultlib
INFO: [VRFC 10-3107] analyzing entity 'design_1_wrapper'
INFO: [VRFC 10-163] Analyzing VHDL file "/home/nicolas/yocto/soft_zybo/lerobot/vivado/project_1_vivado_2019_2/project_1_vivado_2019_1.srcs/sources_1/imports/new/stimulus.vhd" into library xil_defaultlib
INFO: [VRFC 10-3107] analyzing entity 'stimulus'
ERROR: [VRFC 10-719] formal port/generic <leda> is not declared in <design_1_wrapper> [/home/nicolas/yocto/soft_zybo/lerobot/vivado/project_1_vivado_2019_2/project_1_vivado_2019_1.srcs/sources_1/imports/new/stimulus.vhd:113]
ERROR: [VRFC 10-3353] formal port 'entree_echo_0' has no actual or default value [/home/nicolas/yocto/soft_zybo/lerobot/vivado/project_1_vivado_2019_2/project_1_vivado_2019_1.srcs/sources_1/imports/new/stimulus.vhd:91]
ERROR: [VRFC 10-3782] unit 'behavioral' ignored due to previous errors [/home/nicolas/yocto/soft_zybo/lerobot/vivado/project_1_vivado_2019_2/project_1_vivado_2019_1.srcs/sources_1/imports/new/stimulus.vhd:49]
INFO: [VRFC 10-3070] VHDL file '/home/nicolas/yocto/soft_zybo/lerobot/vivado/project_1_vivado_2019_2/project_1_vivado_2019_1.srcs/sources_1/imports/new/stimulus.vhd' ignored due to errors
