Vivado Simulator 2019.2
Copyright 1986-1999, 2001-2019 Xilinx, Inc. All Rights Reserved.
Running: /opt/Xilinx/Vivado/2019.2/bin/unwrapped/lnx64.o/xelab -wto e386304a25d14fed88de9e253d5959b3 --incr --debug typical --relax --mt 8 -L axi_infrastructure_v1_1_0 -L axi_vip_v1_1_6 -L processing_system7_vip_v1_0_8 -L xil_defaultlib -L lib_cdc_v1_0_2 -L proc_sys_reset_v5_0_13 -L axi_lite_ipif_v3_0_4 -L interrupt_control_v3_1_4 -L axi_gpio_v2_0_22 -L xbip_utils_v3_0_10 -L axi_utils_v2_0_6 -L xbip_pipe_v3_0_6 -L xbip_bram18k_v3_0_6 -L mult_gen_v12_0_16 -L xbip_dsp48_wrapper_v3_0_4 -L xbip_dsp48_addsub_v3_0_6 -L xbip_dsp48_multadd_v3_0_6 -L dds_compiler_v6_0_19 -L generic_baseblocks_v2_1_0 -L axi_register_slice_v2_1_20 -L fifo_generator_v13_2_5 -L axi_data_fifo_v2_1_19 -L axi_crossbar_v2_1_21 -L axi_protocol_converter_v2_1_20 -L xilinx_vip -L unisims_ver -L unimacro_ver -L secureip -L xpm --snapshot stimulus_behav xil_defaultlib.stimulus xil_defaultlib.glbl -log elaborate.log 
Using 8 slave threads.
Starting static elaboration
Pass Through NonSizing Optimizer
WARNING: [VRFC 10-3091] actual bit length 1 differs from formal bit length 16 for port 'IRQ_F2P' [/home/nicolas/vivado/vivado/FPGA_xilinx/projetZybo/Leds.ip_user_files/bd/design_1/ip/design_1_processing_system7_0_0/sim/design_1_processing_system7_0_0.v:603]
WARNING: [VRFC 10-3091] actual bit length 128 differs from formal bit length 64 for port 'WR_DATA_STRB' [/proj/xbuilds/SWIP/2019.2_1106_2127/infra/XSIM/lin/.cxl.ip/incl/processing_system7_vip_v1_0_8_axi_gp.v:208]
WARNING: [VRFC 10-3091] actual bit length 12 differs from formal bit length 6 for port 'm_axi_bid' [/wrk/2019.2/continuous/2019_11_06_2708876/packages/customer/vivado/data/ip/xilinx/processing_system7_vip_v1_0/hdl/processing_system7_vip_v1_0_vl_rfs.sv:5496]
WARNING: [VRFC 10-3091] actual bit length 12 differs from formal bit length 6 for port 'm_axi_rid' [/wrk/2019.2/continuous/2019_11_06_2708876/packages/customer/vivado/data/ip/xilinx/processing_system7_vip_v1_0/hdl/processing_system7_vip_v1_0_vl_rfs.sv:5514]
WARNING: [VRFC 10-3091] actual bit length 128 differs from formal bit length 64 for port 'WR_DATA_STRB' [/proj/xbuilds/SWIP/2019.2_1106_2127/infra/XSIM/lin/.cxl.ip/incl/processing_system7_vip_v1_0_8_axi_gp.v:292]
WARNING: [VRFC 10-3091] actual bit length 8 differs from formal bit length 9 for port 'WR_BYTES' [/proj/xbuilds/SWIP/2019.2_1106_2127/infra/XSIM/lin/.cxl.ip/incl/processing_system7_vip_v1_0_8_axi_hp.v:80]
WARNING: [VRFC 10-3091] actual bit length 8 differs from formal bit length 9 for port 'RD_BYTES' [/proj/xbuilds/SWIP/2019.2_1106_2127/infra/XSIM/lin/.cxl.ip/incl/processing_system7_vip_v1_0_8_axi_hp.v:89]
WARNING: [VRFC 10-3091] actual bit length 12 differs from formal bit length 6 for port 'm_axi_bid' [/wrk/2019.2/continuous/2019_11_06_2708876/packages/customer/vivado/data/ip/xilinx/processing_system7_vip_v1_0/hdl/processing_system7_vip_v1_0_vl_rfs.sv:10203]
WARNING: [VRFC 10-3091] actual bit length 12 differs from formal bit length 6 for port 'm_axi_rid' [/wrk/2019.2/continuous/2019_11_06_2708876/packages/customer/vivado/data/ip/xilinx/processing_system7_vip_v1_0/hdl/processing_system7_vip_v1_0_vl_rfs.sv:10221]
WARNING: [VRFC 10-3091] actual bit length 32 differs from formal bit length 64 for port 'm_axi_rdata' [/wrk/2019.2/continuous/2019_11_06_2708876/packages/customer/vivado/data/ip/xilinx/processing_system7_vip_v1_0/hdl/processing_system7_vip_v1_0_vl_rfs.sv:10222]
WARNING: [VRFC 10-3091] actual bit length 8 differs from formal bit length 9 for port 'WR_BYTES' [/proj/xbuilds/SWIP/2019.2_1106_2127/infra/XSIM/lin/.cxl.ip/incl/processing_system7_vip_v1_0_8_axi_hp.v:165]
WARNING: [VRFC 10-3091] actual bit length 8 differs from formal bit length 9 for port 'RD_BYTES' [/proj/xbuilds/SWIP/2019.2_1106_2127/infra/XSIM/lin/.cxl.ip/incl/processing_system7_vip_v1_0_8_axi_hp.v:174]
WARNING: [VRFC 10-3091] actual bit length 8 differs from formal bit length 9 for port 'WR_BYTES' [/proj/xbuilds/SWIP/2019.2_1106_2127/infra/XSIM/lin/.cxl.ip/incl/processing_system7_vip_v1_0_8_axi_hp.v:251]
WARNING: [VRFC 10-3091] actual bit length 8 differs from formal bit length 9 for port 'RD_BYTES' [/proj/xbuilds/SWIP/2019.2_1106_2127/infra/XSIM/lin/.cxl.ip/incl/processing_system7_vip_v1_0_8_axi_hp.v:260]
WARNING: [VRFC 10-3091] actual bit length 8 differs from formal bit length 9 for port 'WR_BYTES' [/proj/xbuilds/SWIP/2019.2_1106_2127/infra/XSIM/lin/.cxl.ip/incl/processing_system7_vip_v1_0_8_axi_hp.v:337]
WARNING: [VRFC 10-3091] actual bit length 8 differs from formal bit length 9 for port 'RD_BYTES' [/proj/xbuilds/SWIP/2019.2_1106_2127/infra/XSIM/lin/.cxl.ip/incl/processing_system7_vip_v1_0_8_axi_hp.v:346]
WARNING: [VRFC 10-3091] actual bit length 12 differs from formal bit length 3 for port 'm_axi_bid' [/wrk/2019.2/continuous/2019_11_06_2708876/packages/customer/vivado/data/ip/xilinx/processing_system7_vip_v1_0/hdl/processing_system7_vip_v1_0_vl_rfs.sv:7107]
WARNING: [VRFC 10-3091] actual bit length 12 differs from formal bit length 3 for port 'm_axi_rid' [/wrk/2019.2/continuous/2019_11_06_2708876/packages/customer/vivado/data/ip/xilinx/processing_system7_vip_v1_0/hdl/processing_system7_vip_v1_0_vl_rfs.sv:7125]
WARNING: [VRFC 10-3091] actual bit length 32 differs from formal bit length 64 for port 'm_axi_rdata' [/wrk/2019.2/continuous/2019_11_06_2708876/packages/customer/vivado/data/ip/xilinx/processing_system7_vip_v1_0/hdl/processing_system7_vip_v1_0_vl_rfs.sv:7126]
WARNING: [VRFC 10-5021] port 'ENET0_GMII_RXD' is not connected on this instance [/home/nicolas/vivado/vivado/FPGA_xilinx/projetZybo/Leds.ip_user_files/bd/design_1/ip/design_1_processing_system7_0_0/sim/design_1_processing_system7_0_0.v:215]
WARNING: [VRFC 10-3027] 'ocm_wr_strb_port0' was previously declared with a different range [/wrk/2019.2/continuous/2019_11_06_2708876/packages/customer/vivado/data/ip/xilinx/processing_system7_vip_v1_0/hdl/processing_system7_vip_v1_0_vl_rfs.sv:3759]
WARNING: [VRFC 10-5021] port 'aclk2x' is not connected on this instance [/wrk/2019.2/continuous/2019_11_06_2708876/packages/customer/vivado/data/ip/xilinx/axi_protocol_converter_v2_1/hdl/axi_protocol_converter_v2_1_vl_rfs.v:4376]
WARNING: [VRFC 10-5021] port 'aclk2x' is not connected on this instance [/wrk/2019.2/continuous/2019_11_06_2708876/packages/customer/vivado/data/ip/xilinx/axi_protocol_converter_v2_1/hdl/axi_protocol_converter_v2_1_vl_rfs.v:4631]
WARNING: [VRFC 10-3283] element index 64 into 'wrp_strb' is out of bounds [/wrk/2019.2/continuous/2019_11_06_2708876/packages/customer/vivado/data/ip/xilinx/processing_system7_vip_v1_0/hdl/processing_system7_vip_v1_0_vl_rfs.sv:6084]
WARNING: [VRFC 10-3283] element index 128 into 'wrp_strb' is out of bounds [/wrk/2019.2/continuous/2019_11_06_2708876/packages/customer/vivado/data/ip/xilinx/processing_system7_vip_v1_0/hdl/processing_system7_vip_v1_0_vl_rfs.sv:10844]
WARNING: [VRFC 10-3283] element index 128 into 'wrp_strb' is out of bounds [/wrk/2019.2/continuous/2019_11_06_2708876/packages/customer/vivado/data/ip/xilinx/processing_system7_vip_v1_0/hdl/processing_system7_vip_v1_0_vl_rfs.sv:7722]
WARNING: [VRFC 10-3705] select index 4 into 'wr_fifo_rd_ptr' is out of bounds [/wrk/2019.2/continuous/2019_11_06_2708876/packages/customer/vivado/data/ip/xilinx/processing_system7_vip_v1_0/hdl/processing_system7_vip_v1_0_vl_rfs.sv:7935]
WARNING: [VRFC 10-3705] select index 4 into 'ar_cnt' is out of bounds [/wrk/2019.2/continuous/2019_11_06_2708876/packages/customer/vivado/data/ip/xilinx/processing_system7_vip_v1_0/hdl/processing_system7_vip_v1_0_vl_rfs.sv:8074]
WARNING: [VRFC 10-3705] select index 4 into 'wr_rresp_cnt' is out of bounds [/wrk/2019.2/continuous/2019_11_06_2708876/packages/customer/vivado/data/ip/xilinx/processing_system7_vip_v1_0/hdl/processing_system7_vip_v1_0_vl_rfs.sv:8171]
WARNING: [VRFC 10-3705] select index 4 into 'rd_fifo_wr_ptr' is out of bounds [/wrk/2019.2/continuous/2019_11_06_2708876/packages/customer/vivado/data/ip/xilinx/processing_system7_vip_v1_0/hdl/processing_system7_vip_v1_0_vl_rfs.sv:8190]
WARNING: [VRFC 10-3705] select index 4 into 'rd_cnt' is out of bounds [/wrk/2019.2/continuous/2019_11_06_2708876/packages/customer/vivado/data/ip/xilinx/processing_system7_vip_v1_0/hdl/processing_system7_vip_v1_0_vl_rfs.sv:8331]
WARNING: [VRFC 10-3705] select index 4 into 'rresp_time_cnt' is out of bounds [/wrk/2019.2/continuous/2019_11_06_2708876/packages/customer/vivado/data/ip/xilinx/processing_system7_vip_v1_0/hdl/processing_system7_vip_v1_0_vl_rfs.sv:8336]
WARNING: [VRFC 10-3705] select index 4 into 'rd_fifo_rd_ptr' is out of bounds [/wrk/2019.2/continuous/2019_11_06_2708876/packages/customer/vivado/data/ip/xilinx/processing_system7_vip_v1_0/hdl/processing_system7_vip_v1_0_vl_rfs.sv:8341]
Completed static elaboration
Starting simulation data flow analysis
Completed simulation data flow analysis
Time Resolution for simulation is 1ps
Compiling package std.standard
Compiling package std.textio
Compiling package ieee.std_logic_1164
Compiling package ieee.numeric_std
Compiling package unisim.vcomponents
Compiling package ieee.std_logic_arith
Compiling package ieee.std_logic_unsigned
Compiling package synopsys.attributes
Compiling package ieee.std_logic_misc
Compiling package axi_lite_ipif_v3_0_4.ipif_pkg
Compiling package ieee.vital_timing
Compiling package ieee.vital_primitives
Compiling package unisim.vpkg
Compiling package xbip_utils_v3_0_10.xbip_utils_v3_0_10_pkg
Compiling package xbip_utils_v3_0_10.xcc_utils_v3_0
Compiling package dds_compiler_v6_0_19.dds_compiler_v6_0_19_viv_comp
Compiling package ieee.std_logic_signed
Compiling package dds_compiler_v6_0_19.pkg_dds_compiler_v6_0_19
Compiling package dds_compiler_v6_0_19.dds_compiler_v6_0_19_hdl_comps
Compiling package xbip_pipe_v3_0_6.xbip_pipe_v3_0_6_viv_comp
Compiling package axi_utils_v2_0_6.axi_utils_v2_0_6_pkg
Compiling package ieee.math_real
Compiling package axi_utils_v2_0_6.global_util_pkg
Compiling package axi_utils_v2_0_6.axi_utils_comps
Compiling package dds_compiler_v6_0_19.pkg_betas
Compiling package dds_compiler_v6_0_19.pkg_alphas
Compiling package vl.vl_types
Compiling module xil_defaultlib.glbl
Compiling module xil_defaultlib.echantillonneurRAM_2(num=1,taill...
Compiling module xil_defaultlib.echantillonneurRAM_2(num=2,taill...
Compiling module xil_defaultlib.firRAM_3_default
Compiling module xil_defaultlib.FIR_RAM_v1_0_S00_AXI_default
Compiling module xil_defaultlib.FIR_RAM_v1_0
Compiling module xil_defaultlib.design_1_FIR_0_0
Compiling module xil_defaultlib.firRAM_3_default_1
Compiling module xil_defaultlib.FIR_RAM_v1_0_S00_AXI(numero=1)
Compiling module xil_defaultlib.FIR_RAM_v1_0(numero=1)
Compiling module xil_defaultlib.design_1_FIR_1_0
Compiling module xil_defaultlib.firRAM_3_default_2
Compiling module xil_defaultlib.FIR_RAM_v1_0_S00_AXI_default_1
Compiling module xil_defaultlib.FIR_RAM_v1_0_2
Compiling module xil_defaultlib.design_1_FIR_0_1
Compiling module xil_defaultlib.firRAM_3_default_3
Compiling module xil_defaultlib.FIR_RAM_v1_0_S00_AXI_default_2
Compiling module xil_defaultlib.FIR_RAM_v1_0_3
Compiling module xil_defaultlib.design_1_FIR_0_2
Compiling module xil_defaultlib.PWM_AXI(NUM_PWM=2)
Compiling module xil_defaultlib.PWM_v2_0(NUM_PWM=2)
Compiling module xil_defaultlib.design_1_PWM_0_0
Compiling architecture behavioral of entity xil_defaultlib.entre_micro [entre_micro_default]
Compiling architecture design_1_pmodmic3_0_1_arch of entity xil_defaultlib.design_1_PmodMIC3_0_1 [design_1_pmodmic3_0_1_default]
Compiling architecture imp of entity axi_lite_ipif_v3_0_4.pselect_f [\pselect_f(c_ab=2,c_aw=2,c_bar="...]
Compiling architecture imp of entity axi_lite_ipif_v3_0_4.pselect_f [\pselect_f(c_ab=2,c_aw=2,c_bar="...]
Compiling architecture imp of entity axi_lite_ipif_v3_0_4.pselect_f [\pselect_f(c_ab=2,c_aw=2,c_bar="...]
Compiling architecture imp of entity axi_lite_ipif_v3_0_4.pselect_f [\pselect_f(c_ab=2,c_aw=2,c_bar="...]
Compiling architecture imp of entity axi_lite_ipif_v3_0_4.address_decoder [\address_decoder(c_bus_awidth=9,...]
Compiling architecture imp of entity axi_lite_ipif_v3_0_4.slave_attachment [\slave_attachment(c_ard_addr_ran...]
Compiling architecture imp of entity axi_lite_ipif_v3_0_4.axi_lite_ipif [\axi_lite_ipif(c_s_axi_addr_widt...]
Compiling architecture fdre_v of entity unisim.FDRE [fdre_default]
Compiling architecture fdr_v of entity unisim.FDR [fdr_default]
Compiling architecture implementation of entity lib_cdc_v1_0_2.cdc_sync [\cdc_sync(c_single_bit=0,c_vecto...]
Compiling architecture imp of entity axi_gpio_v2_0_22.GPIO_Core [\GPIO_Core(c_aw=9,c_gpio_width=4...]
Compiling architecture imp of entity axi_gpio_v2_0_22.axi_gpio [\axi_gpio(c_family="zynq",c_gpio...]
Compiling architecture design_1_axi_gpio_0_0_arch of entity xil_defaultlib.design_1_axi_gpio_0_0 [design_1_axi_gpio_0_0_default]
Compiling architecture synth of entity xbip_pipe_v3_0_6.xbip_pipe_v3_0_6_viv [\xbip_pipe_v3_0_6_viv(c_latency=...]
Compiling architecture synth of entity xbip_pipe_v3_0_6.xbip_pipe_v3_0_6_viv [\xbip_pipe_v3_0_6_viv(c_has_ce=1...]
Compiling architecture synth of entity dds_compiler_v6_0_19.lut_ram [\lut_ram(init_val=("UUUUUUUUUUUU...]
Compiling architecture synth of entity xbip_pipe_v3_0_6.xbip_pipe_v3_0_6_viv [\xbip_pipe_v3_0_6_viv(c_latency=...]
Compiling architecture synth of entity dds_compiler_v6_0_19.dds_compiler_v6_0_19_rdy [\dds_compiler_v6_0_19_rdy(c_has_...]
Compiling architecture fdse_v of entity unisim.FDSE [fdse_default]
Compiling architecture synth of entity xbip_pipe_v3_0_6.xbip_pipe_v3_0_6_viv [\xbip_pipe_v3_0_6_viv(c_has_ce=1...]
Compiling architecture synth of entity xbip_pipe_v3_0_6.xbip_pipe_v3_0_6_viv [\xbip_pipe_v3_0_6_viv(c_latency=...]
Compiling architecture synth of entity xbip_pipe_v3_0_6.xbip_pipe_v3_0_6_viv [\xbip_pipe_v3_0_6_viv(c_has_ce=1...]
Compiling architecture synth of entity xbip_pipe_v3_0_6.xbip_pipe_v3_0_6_viv [\xbip_pipe_v3_0_6_viv(c_has_ce=1...]
Compiling architecture synth of entity xbip_pipe_v3_0_6.xbip_pipe_v3_0_6_viv [\xbip_pipe_v3_0_6_viv(c_latency=...]
Compiling architecture synth of entity dds_compiler_v6_0_19.pipe_add [\pipe_add(c_width=27,c_seg_width...]
Compiling architecture synth of entity dds_compiler_v6_0_19.accum [\accum(c_xdevicefamily="zynq",c_...]
Compiling architecture synth of entity xbip_pipe_v3_0_6.xbip_pipe_v3_0_6_viv [\xbip_pipe_v3_0_6_viv(c_latency=...]
Compiling architecture synth of entity xbip_pipe_v3_0_6.xbip_pipe_v3_0_6_viv [\xbip_pipe_v3_0_6_viv(c_has_ce=1...]
Compiling architecture synth of entity xbip_pipe_v3_0_6.xbip_pipe_v3_0_6_viv [\xbip_pipe_v3_0_6_viv(c_has_ce=1...]
Compiling architecture synth of entity dds_compiler_v6_0_19.sin_cos [\sin_cos(c_xdevicefamily="zynq",...]
Compiling architecture synth of entity xbip_pipe_v3_0_6.xbip_pipe_v3_0_6_viv [\xbip_pipe_v3_0_6_viv(c_has_ce=1...]
Compiling architecture synth of entity dds_compiler_v6_0_19.dds_compiler_v6_0_19_core [\dds_compiler_v6_0_19_core(c_xde...]
Compiling architecture synth of entity dds_compiler_v6_0_19.dds_compiler_v6_0_19_viv [\dds_compiler_v6_0_19_viv(c_xdev...]
Compiling architecture xilinx of entity dds_compiler_v6_0_19.dds_compiler_v6_0_19 [\dds_compiler_v6_0_19(c_xdevicef...]
Compiling architecture design_1_dds_compiler_0_0_arch of entity xil_defaultlib.design_1_dds_compiler_0_0 [design_1_dds_compiler_0_0_defaul...]
Compiling architecture behavioral of entity xil_defaultlib.gain [gain_default]
Compiling architecture arch_imp of entity xil_defaultlib.gainNvoies_v1_0_S00_AXI [gainnvoies_v1_0_s00_axi_default]
Compiling architecture arch_imp of entity xil_defaultlib.gainNvoies_v1_0 [gainnvoies_v1_0_default]
Compiling architecture design_1_gainnvoies_0_0_arch of entity xil_defaultlib.design_1_gainNvoies_0_0 [design_1_gainnvoies_0_0_default]
Compiling module xil_defaultlib.interface_DAC16bits
Compiling module xil_defaultlib.design_1_interface_DAC8551_1_0
Compiling architecture behavioral of entity xil_defaultlib.melangeur [melangeur_default]
Compiling architecture design_1_melangeur_0_1_arch of entity xil_defaultlib.design_1_melangeur_0_1 [design_1_melangeur_0_1_default]
Compiling architecture arch_imp of entity xil_defaultlib.interfaceCodec [interfacecodec_default]
Compiling architecture arch_imp of entity xil_defaultlib.pmod_audio_v1_0_S00_AXI [pmod_audio_v1_0_s00_axi_default]
Compiling architecture arch_imp of entity xil_defaultlib.pmod_audio_v1_0 [pmod_audio_v1_0_default]
Compiling architecture design_1_pmod_audio_0_0_arch of entity xil_defaultlib.design_1_pmod_audio_0_0 [design_1_pmod_audio_0_0_default]
Compiling module processing_system7_vip_v1_0_8.processing_system7_vip_v1_0_8_ge...
Compiling module processing_system7_vip_v1_0_8.processing_system7_vip_v1_0_8_ge...
Compiling module processing_system7_vip_v1_0_8.processing_system7_vip_v1_0_8_ar...
Compiling module processing_system7_vip_v1_0_8.processing_system7_vip_v1_0_8_ar...
Compiling module processing_system7_vip_v1_0_8.processing_system7_vip_v1_0_8_fm...
Compiling module processing_system7_vip_v1_0_8.processing_system7_vip_v1_0_8_ar...
Compiling module processing_system7_vip_v1_0_8.processing_system7_vip_v1_0_8_ar...
Compiling module processing_system7_vip_v1_0_8.processing_system7_vip_v1_0_8_ar...
Compiling module processing_system7_vip_v1_0_8.processing_system7_vip_v1_0_8_ar...
Compiling module processing_system7_vip_v1_0_8.processing_system7_vip_v1_0_8_ss...
Compiling module processing_system7_vip_v1_0_8.processing_system7_vip_v1_0_8_in...
Compiling module processing_system7_vip_v1_0_8.processing_system7_vip_v1_0_8_sp...
Compiling module processing_system7_vip_v1_0_8.processing_system7_vip_v1_0_8_dd...
Compiling module processing_system7_vip_v1_0_8.processing_system7_vip_v1_0_8_oc...
Compiling module processing_system7_vip_v1_0_8.processing_system7_vip_v1_0_8_oc...
Compiling module processing_system7_vip_v1_0_8.processing_system7_vip_v1_0_8_re...
Compiling module processing_system7_vip_v1_0_8.processing_system7_vip_v1_0_8_re...
Compiling module xilinx_vip.axi_vip_axi4pc(WDATA_WIDTH=32,RD...
Compiling module xilinx_vip.cb
Compiling module xilinx_vip.axi_vip_if(C_AXI_PROTOCOL=1,C_AX...
Compiling module axi_vip_v1_1_6.axi_vip_v1_1_6_top(C_AXI_PROTOCO...
Compiling module processing_system7_vip_v1_0_8.processing_system7_vip_v1_0_8_ax...
Compiling module processing_system7_vip_v1_0_8.processing_system7_vip_v1_0_8_ax...
Compiling module xilinx_vip.axi_vip_axi4pc(WDATA_WIDTH=32,RD...
Compiling module xilinx_vip.cb
Compiling module xilinx_vip.axi_vip_if(C_AXI_PROTOCOL=1,C_AX...
Compiling module axi_vip_v1_1_6.axi_vip_v1_1_6_top(C_AXI_PROTOCO...
Compiling module processing_system7_vip_v1_0_8.processing_system7_vip_v1_0_8_ax...
Compiling module processing_system7_vip_v1_0_8.processing_system7_vip_v1_0_8_ax...
Compiling module xilinx_vip.axi_vip_axi4pc(PROTOCOL=1,RID_WI...
Compiling module xilinx_vip.cb
Compiling module xilinx_vip.axi_vip_if(C_AXI_PROTOCOL=1,C_AX...
Compiling module axi_vip_v1_1_6.axi_vip_v1_1_6_top(C_AXI_PROTOCO...
Compiling module processing_system7_vip_v1_0_8.processing_system7_vip_v1_0_8_in...
Compiling module processing_system7_vip_v1_0_8.processing_system7_vip_v1_0_8_af...
Compiling module processing_system7_vip_v1_0_8.processing_system7_vip_v1_0_8_af...
Compiling module processing_system7_vip_v1_0_8.processing_system7_vip_v1_0_8_af...
Compiling module processing_system7_vip_v1_0_8.processing_system7_vip_v1_0_8_af...
Compiling module xilinx_vip.axi_vip_axi4pc(PROTOCOL=1,RID_WI...
Compiling module xilinx_vip.cb
Compiling module xilinx_vip.axi_vip_if(C_AXI_PROTOCOL=1,C_AX...
Compiling module axi_vip_v1_1_6.axi_vip_v1_1_6_top(C_AXI_PROTOCO...
Compiling module processing_system7_vip_v1_0_8.processing_system7_vip_v1_0_8_ax...
Compiling module processing_system7_vip_v1_0_8.processing_system7_vip_v1_0_8(C_...
Compiling module xil_defaultlib.design_1_processing_system7_0_0
Compiling architecture structure of entity xil_defaultlib.m00_couplers_imp_15SPJYW [m00_couplers_imp_15spjyw_default]
Compiling architecture structure of entity xil_defaultlib.m01_couplers_imp_XU9C55 [m01_couplers_imp_xu9c55_default]
Compiling architecture structure of entity xil_defaultlib.m02_couplers_imp_14WQB4R [m02_couplers_imp_14wqb4r_default]
Compiling architecture structure of entity xil_defaultlib.m03_couplers_imp_YFYJ3U [m03_couplers_imp_yfyj3u_default]
Compiling architecture structure of entity xil_defaultlib.m04_couplers_imp_17KQ732 [m04_couplers_imp_17kq732_default]
Compiling architecture structure of entity xil_defaultlib.m05_couplers_imp_VQEDA7 [m05_couplers_imp_vqeda7_default]
Compiling architecture structure of entity xil_defaultlib.m06_couplers_imp_16EQN6L [m06_couplers_imp_16eqn6l_default]
Compiling architecture structure of entity xil_defaultlib.m07_couplers_imp_X61OAK [m07_couplers_imp_x61oak_default]
Compiling module axi_infrastructure_v1_1_0.axi_infrastructure_v1_1_0_axi2ve...
Compiling module axi_infrastructure_v1_1_0.axi_infrastructure_v1_1_0_vector...
Compiling module axi_register_slice_v2_1_20.axi_register_slice_v2_1_20_axic_...
Compiling module axi_register_slice_v2_1_20.axi_register_slice_v2_1_20_axic_...
Compiling module axi_register_slice_v2_1_20.axi_register_slice_v2_1_20_axic_...
Compiling module axi_register_slice_v2_1_20.axi_register_slice_v2_1_20_axic_...
Compiling module axi_register_slice_v2_1_20.axi_register_slice_v2_1_20_axi_r...
Compiling module axi_protocol_converter_v2_1_20.axi_protocol_converter_v2_1_20_b...
Compiling module axi_protocol_converter_v2_1_20.axi_protocol_converter_v2_1_20_b...
Compiling module axi_protocol_converter_v2_1_20.axi_protocol_converter_v2_1_20_b...
Compiling module axi_protocol_converter_v2_1_20.axi_protocol_converter_v2_1_20_b...
Compiling module axi_protocol_converter_v2_1_20.axi_protocol_converter_v2_1_20_b...
Compiling module axi_protocol_converter_v2_1_20.axi_protocol_converter_v2_1_20_b...
Compiling module axi_protocol_converter_v2_1_20.axi_protocol_converter_v2_1_20_b...
Compiling module axi_protocol_converter_v2_1_20.axi_protocol_converter_v2_1_20_b...
Compiling module axi_protocol_converter_v2_1_20.axi_protocol_converter_v2_1_20_b...
Compiling module axi_protocol_converter_v2_1_20.axi_protocol_converter_v2_1_20_b...
Compiling module axi_protocol_converter_v2_1_20.axi_protocol_converter_v2_1_20_b...
Compiling module axi_protocol_converter_v2_1_20.axi_protocol_converter_v2_1_20_b...
Compiling module axi_protocol_converter_v2_1_20.axi_protocol_converter_v2_1_20_b...
Compiling module axi_infrastructure_v1_1_0.axi_infrastructure_v1_1_0_axi2ve...
Compiling module axi_infrastructure_v1_1_0.axi_infrastructure_v1_1_0_vector...
Compiling module axi_register_slice_v2_1_20.axi_register_slice_v2_1_20_axic_...
Compiling module axi_register_slice_v2_1_20.axi_register_slice_v2_1_20_axic_...
Compiling module axi_register_slice_v2_1_20.axi_register_slice_v2_1_20_axic_...
Compiling module axi_register_slice_v2_1_20.axi_register_slice_v2_1_20_axic_...
Compiling module axi_register_slice_v2_1_20.axi_register_slice_v2_1_20_axi_r...
Compiling module axi_protocol_converter_v2_1_20.axi_protocol_converter_v2_1_20_b...
Compiling module axi_protocol_converter_v2_1_20.axi_protocol_converter_v2_1_20_a...
Compiling module xil_defaultlib.design_1_auto_pc_0
Compiling architecture structure of entity xil_defaultlib.s00_couplers_imp_UYSKKA [s00_couplers_imp_uyskka_default]
Compiling module axi_crossbar_v2_1_21.axi_crossbar_v2_1_21_addr_arbite...
Compiling module generic_baseblocks_v2_1_0.generic_baseblocks_v2_1_0_carry_...
Compiling module generic_baseblocks_v2_1_0.generic_baseblocks_v2_1_0_compar...
Compiling module generic_baseblocks_v2_1_0.generic_baseblocks_v2_1_0_compar...
Compiling module generic_baseblocks_v2_1_0.generic_baseblocks_v2_1_0_compar...
Compiling module generic_baseblocks_v2_1_0.generic_baseblocks_v2_1_0_compar...
Compiling module generic_baseblocks_v2_1_0.generic_baseblocks_v2_1_0_compar...
Compiling module generic_baseblocks_v2_1_0.generic_baseblocks_v2_1_0_compar...
Compiling module generic_baseblocks_v2_1_0.generic_baseblocks_v2_1_0_compar...
Compiling module generic_baseblocks_v2_1_0.generic_baseblocks_v2_1_0_compar...
Compiling module axi_crossbar_v2_1_21.axi_crossbar_v2_1_21_addr_decode...
Compiling module axi_crossbar_v2_1_21.axi_crossbar_v2_1_21_splitter(C_...
Compiling module axi_crossbar_v2_1_21.axi_crossbar_v2_1_21_splitter
Compiling module generic_baseblocks_v2_1_0.generic_baseblocks_v2_1_0_mux_en...
Compiling module generic_baseblocks_v2_1_0.generic_baseblocks_v2_1_0_mux_en...
Compiling module generic_baseblocks_v2_1_0.generic_baseblocks_v2_1_0_mux_en...
Compiling module axi_register_slice_v2_1_20.axi_register_slice_v2_1_20_axic_...
Compiling module generic_baseblocks_v2_1_0.generic_baseblocks_v2_1_0_mux_en...
Compiling module axi_crossbar_v2_1_21.axi_crossbar_v2_1_21_decerr_slav...
Compiling module axi_crossbar_v2_1_21.axi_crossbar_v2_1_21_crossbar_sa...
Compiling module axi_crossbar_v2_1_21.axi_crossbar_v2_1_21_axi_crossba...
Compiling module xil_defaultlib.design_1_xbar_0
Compiling package xilinx_vip.axi_vip_pkg
Compiling package xilinx_vip.xil_common_vip_pkg
Compiling package std.std
Compiling architecture structure of entity xil_defaultlib.design_1_ps7_0_axi_periph_0 [design_1_ps7_0_axi_periph_0_defa...]
Compiling architecture fdre_v of entity unisim.FDRE [\FDRE(init='1')\]
Compiling architecture implementation of entity lib_cdc_v1_0_2.cdc_sync [\cdc_sync(c_vector_width=2,c_mtb...]
Compiling architecture srl16e_v of entity unisim.SRL16E [\SRL16E(init="1111111111111111")...]
Compiling architecture srl16_v of entity unisim.SRL16 [\SRL16(init="1111111111111111")(...]
Compiling architecture imp of entity proc_sys_reset_v5_0_13.lpf [\lpf(c_ext_rst_width=4,c_aux_rst...]
Compiling architecture imp of entity proc_sys_reset_v5_0_13.upcnt_n [\upcnt_n(c_size=6)\]
Compiling architecture imp of entity proc_sys_reset_v5_0_13.sequence_psr [sequence_psr_default]
Compiling architecture imp of entity proc_sys_reset_v5_0_13.proc_sys_reset [\proc_sys_reset(c_family="zynq",...]
Compiling architecture design_1_rst_ps7_0_100m_0_arch of entity xil_defaultlib.design_1_rst_ps7_0_100M_0 [design_1_rst_ps7_0_100m_0_defaul...]
Compiling architecture structure of entity xil_defaultlib.design_1 [design_1_default]
Compiling architecture structure of entity xil_defaultlib.design_1_wrapper [design_1_wrapper_default]
Compiling architecture behavioral of entity xil_defaultlib.stimulus
Built simulation snapshot stimulus_behav
