INFO: [VRFC 10-2263] Analyzing Verilog file "/home/nicolas/yocto/soft_zybo/lerobot/vivado/project_1_vivado_2019_2/project_1_vivado_2019_1.ip_user_files/bd/design_1/ip/design_1_processing_system7_0_0/sim/design_1_processing_system7_0_0.v" into library xil_defaultlib
INFO: [VRFC 10-311] analyzing module design_1_processing_system7_0_0
INFO: [VRFC 10-2263] Analyzing Verilog file "/home/nicolas/yocto/soft_zybo/lerobot/vivado/project_1_vivado_2019_2/project_1_vivado_2019_1.ip_user_files/bd/design_1/ipshared/d681/DAC16bits.v" into library xil_defaultlib
INFO: [VRFC 10-311] analyzing module interface_DAC16bits
INFO: [VRFC 10-2263] Analyzing Verilog file "/home/nicolas/yocto/soft_zybo/lerobot/vivado/project_1_vivado_2019_2/project_1_vivado_2019_1.ip_user_files/bd/design_1/ip/design_1_interface_DAC8551_1_0/sim/design_1_interface_DAC8551_1_0.v" into library xil_defaultlib
INFO: [VRFC 10-311] analyzing module design_1_interface_DAC8551_1_0
INFO: [VRFC 10-2263] Analyzing Verilog file "/home/nicolas/yocto/soft_zybo/lerobot/vivado/project_1_vivado_2019_2/project_1_vivado_2019_1.ip_user_files/bd/design_1/ipshared/53a9/src/EchantilloneurRAM_2.v" into library xil_defaultlib
INFO: [VRFC 10-311] analyzing module echantillonneurRAM_2
INFO: [VRFC 10-2263] Analyzing Verilog file "/home/nicolas/yocto/soft_zybo/lerobot/vivado/project_1_vivado_2019_2/project_1_vivado_2019_1.ip_user_files/bd/design_1/ipshared/53a9/src/FIRRAM_3.v" into library xil_defaultlib
INFO: [VRFC 10-311] analyzing module firRAM_3
INFO: [VRFC 10-311] analyzing module test_firRAM_3
INFO: [VRFC 10-2263] Analyzing Verilog file "/home/nicolas/yocto/soft_zybo/lerobot/vivado/project_1_vivado_2019_2/project_1_vivado_2019_1.ip_user_files/bd/design_1/ipshared/53a9/src/FIR_RAM_v1_0_S00_AXI.v" into library xil_defaultlib
INFO: [VRFC 10-311] analyzing module FIR_RAM_v1_0_S00_AXI
INFO: [VRFC 10-2263] Analyzing Verilog file "/home/nicolas/yocto/soft_zybo/lerobot/vivado/project_1_vivado_2019_2/project_1_vivado_2019_1.ip_user_files/bd/design_1/ipshared/53a9/src/FIR_RAM_v1_0.v" into library xil_defaultlib
INFO: [VRFC 10-311] analyzing module FIR_RAM_v1_0
INFO: [VRFC 10-2263] Analyzing Verilog file "/home/nicolas/yocto/soft_zybo/lerobot/vivado/project_1_vivado_2019_2/project_1_vivado_2019_1.ip_user_files/bd/design_1/ip/design_1_FIR_0_0/sim/design_1_FIR_0_0.v" into library xil_defaultlib
INFO: [VRFC 10-311] analyzing module design_1_FIR_0_0
INFO: [VRFC 10-2263] Analyzing Verilog file "/home/nicolas/yocto/soft_zybo/lerobot/vivado/project_1_vivado_2019_2/project_1_vivado_2019_1.ip_user_files/bd/design_1/ip/design_1_FIR_1_0/sim/design_1_FIR_1_0.v" into library xil_defaultlib
INFO: [VRFC 10-311] analyzing module design_1_FIR_1_0
INFO: [VRFC 10-2263] Analyzing Verilog file "/home/nicolas/yocto/soft_zybo/lerobot/vivado/project_1_vivado_2019_2/project_1_vivado_2019_1.ip_user_files/bd/design_1/ip/design_1_FIR_0_1/sim/design_1_FIR_0_1.v" into library xil_defaultlib
INFO: [VRFC 10-311] analyzing module design_1_FIR_0_1
INFO: [VRFC 10-2263] Analyzing Verilog file "/home/nicolas/yocto/soft_zybo/lerobot/vivado/project_1_vivado_2019_2/project_1_vivado_2019_1.ip_user_files/bd/design_1/ip/design_1_FIR_0_2/sim/design_1_FIR_0_2.v" into library xil_defaultlib
INFO: [VRFC 10-311] analyzing module design_1_FIR_0_2
INFO: [VRFC 10-2263] Analyzing Verilog file "/home/nicolas/yocto/soft_zybo/lerobot/vivado/project_1_vivado_2019_2/project_1_vivado_2019_1.ip_user_files/bd/design_1/ip/design_1_xbar_0/sim/design_1_xbar_0.v" into library xil_defaultlib
INFO: [VRFC 10-311] analyzing module design_1_xbar_0
INFO: [VRFC 10-2263] Analyzing Verilog file "/home/nicolas/yocto/soft_zybo/lerobot/vivado/project_1_vivado_2019_2/project_1_vivado_2019_1.ip_user_files/bd/design_1/ip/design_1_auto_pc_0/sim/design_1_auto_pc_0.v" into library xil_defaultlib
INFO: [VRFC 10-311] analyzing module design_1_auto_pc_0
